<?xml version="1.0" encoding="UTF-8"?>
<testng-results skipped="0" failed="0" total="541" passed="541">
  <reporter-output>
  </reporter-output>
  <suite name="ApiManager-features-test-suite" duration-ms="6088736" started-at="2018-11-05T06:42:12Z" finished-at="2018-11-05T08:23:40Z">
    <groups>
      <group name="webapp">
        <method signature="org.wso2.am.integration.tests.api.lifecycle.AddEditRemoveRESTResourceTestCase.testInvokeGETResource()" name="testInvokeGETResource" class="org.wso2.am.integration.tests.api.lifecycle.AddEditRemoveRESTResourceTestCase"/>
        <method signature="org.wso2.am.integration.tests.api.lifecycle.AddEditRemoveRESTResourceTestCase.testInvokePOSTResourceBeforeAddingPOSTResource()" name="testInvokePOSTResourceBeforeAddingPOSTResource" class="org.wso2.am.integration.tests.api.lifecycle.AddEditRemoveRESTResourceTestCase"/>
        <method signature="org.wso2.am.integration.tests.api.lifecycle.AddEditRemoveRESTResourceTestCase.testInvokePOSTAndGETResourceAfterAddingPOSTResource()" name="testInvokePOSTAndGETResourceAfterAddingPOSTResource" class="org.wso2.am.integration.tests.api.lifecycle.AddEditRemoveRESTResourceTestCase"/>
        <method signature="org.wso2.am.integration.tests.api.lifecycle.AddEditRemoveRESTResourceTestCase.testInvokePOSTAndGetResourceAfterAddingURLPattern()" name="testInvokePOSTAndGetResourceAfterAddingURLPattern" class="org.wso2.am.integration.tests.api.lifecycle.AddEditRemoveRESTResourceTestCase"/>
        <method signature="org.wso2.am.integration.tests.api.lifecycle.AddEditRemoveRESTResourceTestCase.testInvokeGETAndPOSTResourceAfterRemovePOSTResource()" name="testInvokeGETAndPOSTResourceAfterRemovePOSTResource" class="org.wso2.am.integration.tests.api.lifecycle.AddEditRemoveRESTResourceTestCase"/>
        <method signature="org.wso2.am.integration.tests.api.lifecycle.PluggableVersioningStrategyTestCase.testPluggableVersioningStratergy()" name="testPluggableVersioningStratergy" class="org.wso2.am.integration.tests.api.lifecycle.PluggableVersioningStrategyTestCase"/>
        <method signature="org.wso2.am.integration.tests.other.APIM678ApplicationCreationTestCase.testApplicationCreation(java.lang.String, java.lang.String, java.lang.String)" name="testApplicationCreation" class="org.wso2.am.integration.tests.other.APIM678ApplicationCreationTestCase"/>
        <method signature="org.wso2.am.integration.tests.other.APIM678ApplicationCreationTestCase.getAllCreatedApplications()" name="getAllCreatedApplications" class="org.wso2.am.integration.tests.other.APIM678ApplicationCreationTestCase"/>
        <method signature="org.wso2.am.integration.tests.other.APIM678ApplicationCreationTestCase.testAlreadyCreatedApplication()" name="testAlreadyCreatedApplication" class="org.wso2.am.integration.tests.other.APIM678ApplicationCreationTestCase"/>
        <method signature="org.wso2.am.integration.tests.other.APIM678ApplicationCreationTestCase.testApplicationCreationForInvalidData(java.lang.String, java.lang.String, java.lang.String)" name="testApplicationCreationForInvalidData" class="org.wso2.am.integration.tests.other.APIM678ApplicationCreationTestCase"/>
        <method signature="org.wso2.am.integration.tests.other.APIM678ApplicationCreationTestCase.testApplicationCreationWithCustomAttributes(java.lang.String, java.lang.String, java.lang.String, java.lang.String)" name="testApplicationCreationWithCustomAttributes" class="org.wso2.am.integration.tests.other.APIM678ApplicationCreationTestCase"/>
        <method signature="org.wso2.am.integration.tests.other.APIM678ApplicationCreationTestCase.testRemoveApplication()" name="testRemoveApplication" class="org.wso2.am.integration.tests.other.APIM678ApplicationCreationTestCase"/>
        <method signature="org.wso2.am.integration.tests.other.APIM678ApplicationCreationTestCase.testUpdateApplication()" name="testUpdateApplication" class="org.wso2.am.integration.tests.other.APIM678ApplicationCreationTestCase"/>
        <method signature="org.wso2.am.integration.tests.other.APIM684GenerateApplicationKeyTestCase.generateApplicationKeyWithoutScope()" name="generateApplicationKeyWithoutScope" class="org.wso2.am.integration.tests.other.APIM684GenerateApplicationKeyTestCase"/>
        <method signature="org.wso2.am.integration.tests.other.APIM710AllSubscriptionsByApplicationTestCase.testAllSubscriptionsByAppName()" name="testAllSubscriptionsByAppName" class="org.wso2.am.integration.tests.other.APIM710AllSubscriptionsByApplicationTestCase"/>
        <method signature="org.wso2.am.integration.tests.other.APIM710AllSubscriptionsByApplicationTestCase.testRemoveSubscriptionByAppId()" name="testRemoveSubscriptionByAppId" class="org.wso2.am.integration.tests.other.APIM710AllSubscriptionsByApplicationTestCase"/>
        <method signature="org.wso2.am.integration.tests.other.APIM710AllSubscriptionsByApplicationTestCase.testRemoveSubscriptionByAppName()" name="testRemoveSubscriptionByAppName" class="org.wso2.am.integration.tests.other.APIM710AllSubscriptionsByApplicationTestCase"/>
        <method signature="org.wso2.am.integration.tests.other.APIM714GetAllDocumentationTestCase.testAllDocuments()" name="testAllDocuments" class="org.wso2.am.integration.tests.other.APIM714GetAllDocumentationTestCase"/>
        <method signature="org.wso2.am.integration.tests.other.CopyNewVersionTestCase.copyApiNewVersion()" name="copyApiNewVersion" class="org.wso2.am.integration.tests.other.CopyNewVersionTestCase"/>
        <method signature="org.wso2.am.integration.tests.other.NewCopyWithDefaultVersion.setDefaultVersionToNewcopy()" name="setDefaultVersionToNewcopy" class="org.wso2.am.integration.tests.other.NewCopyWithDefaultVersion"/>
        <method signature="org.wso2.am.integration.tests.other.SameVersionAPITestCase.copySameVersion()" name="copySameVersion" class="org.wso2.am.integration.tests.other.SameVersionAPITestCase"/>
      </group>
      <group name="throttling">
        <method signature="org.wso2.am.integration.tests.throttling.APIThrottlingTestCase.testAPIThrottling_1()" name="testAPIThrottling_1" class="org.wso2.am.integration.tests.throttling.APIThrottlingTestCase"/>
      </group>
      <group name="noRestart">
        <method signature="org.wso2.am.integration.tests.other.APIM4312NPEAfterRequestTimeoutTestCase.nullPointerAfterTimeoutTest()" name="nullPointerAfterTimeoutTest" class="org.wso2.am.integration.tests.other.APIM4312NPEAfterRequestTimeoutTestCase"/>
        <method signature="org.wso2.am.integration.tests.other.APIStateChangeWorkflowTestCase.testAPIStateChangeAndApproveWorkflow()" name="testAPIStateChangeAndApproveWorkflow" class="org.wso2.am.integration.tests.other.APIStateChangeWorkflowTestCase"/>
        <method signature="org.wso2.am.integration.tests.other.APIStateChangeWorkflowTestCase.testAPIStateChangeAndRejectWorkflow()" name="testAPIStateChangeAndRejectWorkflow" class="org.wso2.am.integration.tests.other.APIStateChangeWorkflowTestCase"/>
        <method signature="org.wso2.am.integration.tests.other.APIStateChangeWorkflowTestCase.testWorkflowCallbackRestAPI()" name="testWorkflowCallbackRestAPI" class="org.wso2.am.integration.tests.other.APIStateChangeWorkflowTestCase"/>
        <method signature="org.wso2.am.integration.tests.json.ESBJAVA3380TestCase.jsonToXmlTestCase()" name="jsonToXmlTestCase" class="org.wso2.am.integration.tests.json.ESBJAVA3380TestCase"/>
      </group>
      <group name="wso2.am">
        <method signature="org.wso2.am.integration.tests.api.lifecycle.ChangeAPIEndPointURLTestCase.testAPIInvocationBeforeChangeTheEndPointURL()" name="testAPIInvocationBeforeChangeTheEndPointURL" class="org.wso2.am.integration.tests.api.lifecycle.ChangeAPIEndPointURLTestCase"/>
        <method signature="org.wso2.am.integration.tests.api.lifecycle.ChangeAPIEndPointURLTestCase.testEditEndPointURL()" name="testEditEndPointURL" class="org.wso2.am.integration.tests.api.lifecycle.ChangeAPIEndPointURLTestCase"/>
        <method signature="org.wso2.am.integration.tests.api.lifecycle.ChangeAPIEndPointURLTestCase.testInvokeAPIAfterChangeAPIEndPointURLWithNewEndPointURL()" name="testInvokeAPIAfterChangeAPIEndPointURLWithNewEndPointURL" class="org.wso2.am.integration.tests.api.lifecycle.ChangeAPIEndPointURLTestCase"/>
        <method signature="org.wso2.am.integration.tests.other.APIApplicationLifeCycleTestCase.copyAPILifeCycleTestCase()" name="copyAPILifeCycleTestCase" class="org.wso2.am.integration.tests.other.APIApplicationLifeCycleTestCase"/>
        <method signature="org.wso2.am.integration.tests.other.APIApplicationLifeCycleTestCase.copyAndDepricateAPILifeCycleTestCase()" name="copyAndDepricateAPILifeCycleTestCase" class="org.wso2.am.integration.tests.other.APIApplicationLifeCycleTestCase"/>
        <method signature="org.wso2.am.integration.tests.other.APIApplicationLifeCycleTestCase.otherAPILifeCycleStatesTestCase()" name="otherAPILifeCycleStatesTestCase" class="org.wso2.am.integration.tests.other.APIApplicationLifeCycleTestCase"/>
        <method signature="org.wso2.am.integration.tests.other.APIApplicationLifeCycleTestCase.testAPIApplicationLifeCycleITestCase()" name="testAPIApplicationLifeCycleITestCase" class="org.wso2.am.integration.tests.other.APIApplicationLifeCycleTestCase"/>
        <method signature="org.wso2.am.integration.tests.other.APIApplicationLifeCycleTestCase.testAPIVisibilityTestCase()" name="testAPIVisibilityTestCase" class="org.wso2.am.integration.tests.other.APIApplicationLifeCycleTestCase"/>
        <method signature="org.wso2.am.integration.tests.other.APIApplicationLifeCycleTestCase.testApplicationsInStoreTestCase()" name="testApplicationsInStoreTestCase" class="org.wso2.am.integration.tests.other.APIApplicationLifeCycleTestCase"/>
        <method signature="org.wso2.am.integration.tests.other.APIApplicationLifeCycleTestCase.testInvalidLoginAsPublisherTestCase()" name="testInvalidLoginAsPublisherTestCase" class="org.wso2.am.integration.tests.other.APIApplicationLifeCycleTestCase"/>
        <method signature="org.wso2.am.integration.tests.other.APIApplicationLifeCycleTestCase.testInvalidLoginAsSubscriberTestCase()" name="testInvalidLoginAsSubscriberTestCase" class="org.wso2.am.integration.tests.other.APIApplicationLifeCycleTestCase"/>
        <method signature="org.wso2.am.integration.tests.other.APIApplicationLifeCycleTestCase.testInvalidLoginAsTenantSubscriberTestCase()" name="testInvalidLoginAsTenantSubscriberTestCase" class="org.wso2.am.integration.tests.other.APIApplicationLifeCycleTestCase"/>
        <method signature="org.wso2.am.integration.tests.other.APIApplicationLifeCycleTestCase.testLoginToStoreTestCase()" name="testLoginToStoreTestCase" class="org.wso2.am.integration.tests.other.APIApplicationLifeCycleTestCase"/>
        <method signature="org.wso2.am.integration.tests.api.lifecycle.APIAccessibilityOfPublishedOldAPIAndPublishedCopyAPITestCase.testCopyAPI()" name="testCopyAPI" class="org.wso2.am.integration.tests.api.lifecycle.APIAccessibilityOfPublishedOldAPIAndPublishedCopyAPITestCase"/>
        <method signature="org.wso2.am.integration.tests.api.lifecycle.APIAccessibilityOfPublishedOldAPIAndPublishedCopyAPITestCase.testPublishCopiedAPI()" name="testPublishCopiedAPI" class="org.wso2.am.integration.tests.api.lifecycle.APIAccessibilityOfPublishedOldAPIAndPublishedCopyAPITestCase"/>
        <method signature="org.wso2.am.integration.tests.api.lifecycle.APIAccessibilityOfPublishedOldAPIAndPublishedCopyAPITestCase.testAvailabilityOfOldAndNewAPIVersionsInStore()" name="testAvailabilityOfOldAndNewAPIVersionsInStore" class="org.wso2.am.integration.tests.api.lifecycle.APIAccessibilityOfPublishedOldAPIAndPublishedCopyAPITestCase"/>
        <method signature="org.wso2.am.integration.tests.api.lifecycle.APIAccessibilityOfPublishedOldAPIAndPublishedCopyAPITestCase.testSubscribeOldVersion()" name="testSubscribeOldVersion" class="org.wso2.am.integration.tests.api.lifecycle.APIAccessibilityOfPublishedOldAPIAndPublishedCopyAPITestCase"/>
        <method signature="org.wso2.am.integration.tests.api.lifecycle.APIAccessibilityOfPublishedOldAPIAndPublishedCopyAPITestCase.testSubscribeNewVersion()" name="testSubscribeNewVersion" class="org.wso2.am.integration.tests.api.lifecycle.APIAccessibilityOfPublishedOldAPIAndPublishedCopyAPITestCase"/>
        <method signature="org.wso2.am.integration.tests.api.lifecycle.APIAccessibilityOfPublishedOldAPIAndPublishedCopyAPITestCase.testAccessibilityOfPublishedOldAPIAndPublishedCopyAPI()" name="testAccessibilityOfPublishedOldAPIAndPublishedCopyAPI" class="org.wso2.am.integration.tests.api.lifecycle.APIAccessibilityOfPublishedOldAPIAndPublishedCopyAPITestCase"/>
        <method signature="org.wso2.am.integration.tests.api.lifecycle.APIInvocationWithSimilarResourcesAndDifferentVerbsTestCase.testInvokeAllResources()" name="testInvokeAllResources" class="org.wso2.am.integration.tests.api.lifecycle.APIInvocationWithSimilarResourcesAndDifferentVerbsTestCase"/>
        <method signature="org.wso2.am.integration.tests.api.lifecycle.APIMANAGER5337SubscriptionRetainTestCase.testAPIErrorResponse()" name="testAPIErrorResponse" class="org.wso2.am.integration.tests.api.lifecycle.APIMANAGER5337SubscriptionRetainTestCase"/>
        <method signature="org.wso2.am.integration.tests.api.lifecycle.APIPublishingAndVisibilityInStoreTestCase.testAvailabilityOfAPIInPublisher()" name="testAvailabilityOfAPIInPublisher" class="org.wso2.am.integration.tests.api.lifecycle.APIPublishingAndVisibilityInStoreTestCase"/>
        <method signature="org.wso2.am.integration.tests.api.lifecycle.APIPublishingAndVisibilityInStoreTestCase.testVisibilityOfAPIInStoreBeforePublishing()" name="testVisibilityOfAPIInStoreBeforePublishing" class="org.wso2.am.integration.tests.api.lifecycle.APIPublishingAndVisibilityInStoreTestCase"/>
        <method signature="org.wso2.am.integration.tests.api.lifecycle.APIPublishingAndVisibilityInStoreTestCase.testAPIPublishing()" name="testAPIPublishing" class="org.wso2.am.integration.tests.api.lifecycle.APIPublishingAndVisibilityInStoreTestCase"/>
        <method signature="org.wso2.am.integration.tests.api.lifecycle.APIPublishingAndVisibilityInStoreTestCase.testVisibilityOfAPIInStoreAfterPublishing()" name="testVisibilityOfAPIInStoreAfterPublishing" class="org.wso2.am.integration.tests.api.lifecycle.APIPublishingAndVisibilityInStoreTestCase"/>
        <method signature="org.wso2.am.integration.tests.api.lifecycle.APITagVisibilityByRoleTestCase.testAPICreationWithVisibility()" name="testAPICreationWithVisibility" class="org.wso2.am.integration.tests.api.lifecycle.APITagVisibilityByRoleTestCase"/>
        <method signature="org.wso2.am.integration.tests.api.lifecycle.APITagVisibilityByRoleTestCase.testAPITagVisibilityAnonymousUser()" name="testAPITagVisibilityAnonymousUser" class="org.wso2.am.integration.tests.api.lifecycle.APITagVisibilityByRoleTestCase"/>
        <method signature="org.wso2.am.integration.tests.api.lifecycle.APITagVisibilityByRoleTestCase.testAPITagVisibilityAuthorisedUser()" name="testAPITagVisibilityAuthorisedUser" class="org.wso2.am.integration.tests.api.lifecycle.APITagVisibilityByRoleTestCase"/>
        <method signature="org.wso2.am.integration.tests.api.lifecycle.APIVisibilityByDomainTestCase.testVisibilityForCreatorInPublisher()" name="testVisibilityForCreatorInPublisher" class="org.wso2.am.integration.tests.api.lifecycle.APIVisibilityByDomainTestCase"/>
        <method signature="org.wso2.am.integration.tests.api.lifecycle.APIVisibilityByDomainTestCase.testVisibilityForCreatorInStore()" name="testVisibilityForCreatorInStore" class="org.wso2.am.integration.tests.api.lifecycle.APIVisibilityByDomainTestCase"/>
        <method signature="org.wso2.am.integration.tests.api.lifecycle.APIVisibilityByDomainTestCase.testVisibilityForAdminInSameDomainInPublisher()" name="testVisibilityForAdminInSameDomainInPublisher" class="org.wso2.am.integration.tests.api.lifecycle.APIVisibilityByDomainTestCase"/>
        <method signature="org.wso2.am.integration.tests.api.lifecycle.APIVisibilityByDomainTestCase.testVisibilityForAdminInSameDomainInStore()" name="testVisibilityForAdminInSameDomainInStore" class="org.wso2.am.integration.tests.api.lifecycle.APIVisibilityByDomainTestCase"/>
        <method signature="org.wso2.am.integration.tests.api.lifecycle.APIVisibilityByDomainTestCase.testVisibilityForAnotherUserInSameDomainInPublisher()" name="testVisibilityForAnotherUserInSameDomainInPublisher" class="org.wso2.am.integration.tests.api.lifecycle.APIVisibilityByDomainTestCase"/>
        <method signature="org.wso2.am.integration.tests.api.lifecycle.APIVisibilityByDomainTestCase.testVisibilityForAnotherUserInSameDomainInStore()" name="testVisibilityForAnotherUserInSameDomainInStore" class="org.wso2.am.integration.tests.api.lifecycle.APIVisibilityByDomainTestCase"/>
        <method signature="org.wso2.am.integration.tests.api.lifecycle.APIVisibilityByDomainTestCase.testVisibilityForAnotherUserInOtherDomainInPublisher()" name="testVisibilityForAnotherUserInOtherDomainInPublisher" class="org.wso2.am.integration.tests.api.lifecycle.APIVisibilityByDomainTestCase"/>
        <method signature="org.wso2.am.integration.tests.api.lifecycle.APIVisibilityByDomainTestCase.testVisibilityForAnotherUserInOtherDomainInStore()" name="testVisibilityForAnotherUserInOtherDomainInStore" class="org.wso2.am.integration.tests.api.lifecycle.APIVisibilityByDomainTestCase"/>
        <method signature="org.wso2.am.integration.tests.api.lifecycle.APIVisibilityByDomainTestCase.testVisibilityForAdminInOtherDomainInPublisher()" name="testVisibilityForAdminInOtherDomainInPublisher" class="org.wso2.am.integration.tests.api.lifecycle.APIVisibilityByDomainTestCase"/>
        <method signature="org.wso2.am.integration.tests.api.lifecycle.APIVisibilityByDomainTestCase.testVisibilityForAdminInOtherDomainInStore()" name="testVisibilityForAdminInOtherDomainInStore" class="org.wso2.am.integration.tests.api.lifecycle.APIVisibilityByDomainTestCase"/>
        <method signature="org.wso2.am.integration.tests.api.lifecycle.APIVisibilityByDomainTestCase.testVisibilityForAnonymousUserInSameDomainInStore()" name="testVisibilityForAnonymousUserInSameDomainInStore" class="org.wso2.am.integration.tests.api.lifecycle.APIVisibilityByDomainTestCase"/>
        <method signature="org.wso2.am.integration.tests.api.lifecycle.APIVisibilityByDomainTestCase.testVisibilityForAnonymousUserInOtherDomainInStore()" name="testVisibilityForAnonymousUserInOtherDomainInStore" class="org.wso2.am.integration.tests.api.lifecycle.APIVisibilityByDomainTestCase"/>
        <method signature="org.wso2.am.integration.tests.api.lifecycle.APIVisibilityByPublicTestCase.testVisibilityForCreatorInPublisher()" name="testVisibilityForCreatorInPublisher" class="org.wso2.am.integration.tests.api.lifecycle.APIVisibilityByPublicTestCase"/>
        <method signature="org.wso2.am.integration.tests.api.lifecycle.APIVisibilityByPublicTestCase.testVisibilityForCreatorInStore()" name="testVisibilityForCreatorInStore" class="org.wso2.am.integration.tests.api.lifecycle.APIVisibilityByPublicTestCase"/>
        <method signature="org.wso2.am.integration.tests.api.lifecycle.APIVisibilityByPublicTestCase.testVisibilityForAdminInSameDomainInPublisher()" name="testVisibilityForAdminInSameDomainInPublisher" class="org.wso2.am.integration.tests.api.lifecycle.APIVisibilityByPublicTestCase"/>
        <method signature="org.wso2.am.integration.tests.api.lifecycle.APIVisibilityByPublicTestCase.testVisibilityForAdminInSameDomainInStore()" name="testVisibilityForAdminInSameDomainInStore" class="org.wso2.am.integration.tests.api.lifecycle.APIVisibilityByPublicTestCase"/>
        <method signature="org.wso2.am.integration.tests.api.lifecycle.APIVisibilityByPublicTestCase.testVisibilityForAnotherUserInSameDomainInPublisher()" name="testVisibilityForAnotherUserInSameDomainInPublisher" class="org.wso2.am.integration.tests.api.lifecycle.APIVisibilityByPublicTestCase"/>
        <method signature="org.wso2.am.integration.tests.api.lifecycle.APIVisibilityByPublicTestCase.testVisibilityForAnotherUserInSameDomainInStore()" name="testVisibilityForAnotherUserInSameDomainInStore" class="org.wso2.am.integration.tests.api.lifecycle.APIVisibilityByPublicTestCase"/>
        <method signature="org.wso2.am.integration.tests.api.lifecycle.APIVisibilityByPublicTestCase.testVisibilityForAnotherUserInOtherDomainInPublisher()" name="testVisibilityForAnotherUserInOtherDomainInPublisher" class="org.wso2.am.integration.tests.api.lifecycle.APIVisibilityByPublicTestCase"/>
        <method signature="org.wso2.am.integration.tests.api.lifecycle.APIVisibilityByPublicTestCase.testVisibilityForAnotherUserInOtherDomainInStore()" name="testVisibilityForAnotherUserInOtherDomainInStore" class="org.wso2.am.integration.tests.api.lifecycle.APIVisibilityByPublicTestCase"/>
        <method signature="org.wso2.am.integration.tests.api.lifecycle.APIVisibilityByPublicTestCase.testVisibilityForAdminInOtherDomainInPublisher()" name="testVisibilityForAdminInOtherDomainInPublisher" class="org.wso2.am.integration.tests.api.lifecycle.APIVisibilityByPublicTestCase"/>
        <method signature="org.wso2.am.integration.tests.api.lifecycle.APIVisibilityByPublicTestCase.testVisibilityForAdminInOtherDomainInStore()" name="testVisibilityForAdminInOtherDomainInStore" class="org.wso2.am.integration.tests.api.lifecycle.APIVisibilityByPublicTestCase"/>
        <method signature="org.wso2.am.integration.tests.api.lifecycle.APIVisibilityByPublicTestCase.testVisibilityForAnonymousUserInOtherDomainInStore()" name="testVisibilityForAnonymousUserInOtherDomainInStore" class="org.wso2.am.integration.tests.api.lifecycle.APIVisibilityByPublicTestCase"/>
        <method signature="org.wso2.am.integration.tests.api.lifecycle.APIVisibilityByPublicTestCase.testVisibilityForAnonymousUserInSameDomainInStore()" name="testVisibilityForAnonymousUserInSameDomainInStore" class="org.wso2.am.integration.tests.api.lifecycle.APIVisibilityByPublicTestCase"/>
        <method signature="org.wso2.am.integration.tests.api.lifecycle.APIVisibilityByRoleTestCase.testVisibilityForCreatorInPublisher()" name="testVisibilityForCreatorInPublisher" class="org.wso2.am.integration.tests.api.lifecycle.APIVisibilityByRoleTestCase"/>
        <method signature="org.wso2.am.integration.tests.api.lifecycle.APIVisibilityByRoleTestCase.testVisibilityForAdminUserWithAdminAndSubscriberRoleInSameDomainInStore()" name="testVisibilityForAdminUserWithAdminAndSubscriberRoleInSameDomainInStore" class="org.wso2.am.integration.tests.api.lifecycle.APIVisibilityByRoleTestCase"/>
        <method signature="org.wso2.am.integration.tests.api.lifecycle.APIVisibilityByRoleTestCase.testVisibilityForAnotherUserWithAdminAndSubscriberRoleInSameDomainInPublisher()" name="testVisibilityForAnotherUserWithAdminAndSubscriberRoleInSameDomainInPublisher" class="org.wso2.am.integration.tests.api.lifecycle.APIVisibilityByRoleTestCase"/>
        <method signature="org.wso2.am.integration.tests.api.lifecycle.APIVisibilityByRoleTestCase.testVisibilityForAnotherUserWithAdminAndSubscriberRoleInSameDomainInStore()" name="testVisibilityForAnotherUserWithAdminAndSubscriberRoleInSameDomainInStore" class="org.wso2.am.integration.tests.api.lifecycle.APIVisibilityByRoleTestCase"/>
        <method signature="org.wso2.am.integration.tests.api.lifecycle.APIVisibilityByRoleTestCase.testVisibilityForAnotherUserWithAdminAndSubscriberRoleInOtherDomainInPublisher()" name="testVisibilityForAnotherUserWithAdminAndSubscriberRoleInOtherDomainInPublisher" class="org.wso2.am.integration.tests.api.lifecycle.APIVisibilityByRoleTestCase"/>
        <method signature="org.wso2.am.integration.tests.api.lifecycle.APIVisibilityByRoleTestCase.testVisibilityForAnotherUserWithAdminAndSubscriberRoleInOtherDomainInStore()" name="testVisibilityForAnotherUserWithAdminAndSubscriberRoleInOtherDomainInStore" class="org.wso2.am.integration.tests.api.lifecycle.APIVisibilityByRoleTestCase"/>
        <method signature="org.wso2.am.integration.tests.api.lifecycle.APIVisibilityByRoleTestCase.testVisibilityForAdminWithAdminAndSubscriberRoleInOtherDomainInPublisher()" name="testVisibilityForAdminWithAdminAndSubscriberRoleInOtherDomainInPublisher" class="org.wso2.am.integration.tests.api.lifecycle.APIVisibilityByRoleTestCase"/>
        <method signature="org.wso2.am.integration.tests.api.lifecycle.APIVisibilityByRoleTestCase.testVisibilityForAdminWithAdminAndSubscriberRoleInOtherDomainInStore()" name="testVisibilityForAdminWithAdminAndSubscriberRoleInOtherDomainInStore" class="org.wso2.am.integration.tests.api.lifecycle.APIVisibilityByRoleTestCase"/>
        <method signature="org.wso2.am.integration.tests.api.lifecycle.APIVisibilityByRoleTestCase.testVisibilityForAnotherUserWithSubscriberRoleInSameDomainInStore()" name="testVisibilityForAnotherUserWithSubscriberRoleInSameDomainInStore" class="org.wso2.am.integration.tests.api.lifecycle.APIVisibilityByRoleTestCase"/>
        <method signature="org.wso2.am.integration.tests.api.lifecycle.APIVisibilityByRoleTestCase.testVisibilityForAnotherUserWithSubscriberRoleInOtherDomainInStore()" name="testVisibilityForAnotherUserWithSubscriberRoleInOtherDomainInStore" class="org.wso2.am.integration.tests.api.lifecycle.APIVisibilityByRoleTestCase"/>
        <method signature="org.wso2.am.integration.tests.api.lifecycle.APIVisibilityByRoleTestCase.testVisibilityForAnonymousUserInOtherDomainInStore()" name="testVisibilityForAnonymousUserInOtherDomainInStore" class="org.wso2.am.integration.tests.api.lifecycle.APIVisibilityByRoleTestCase"/>
        <method signature="org.wso2.am.integration.tests.api.lifecycle.APIVisibilityByRoleTestCase.testVisibilityForAnonymousUserInSameDomainInStore()" name="testVisibilityForAnonymousUserInSameDomainInStore" class="org.wso2.am.integration.tests.api.lifecycle.APIVisibilityByRoleTestCase"/>
        <method signature="org.wso2.am.integration.tests.api.lifecycle.APIVisibilityByRoleTestCase.testVisibilityForCreatorInStore()" name="testVisibilityForCreatorInStore" class="org.wso2.am.integration.tests.api.lifecycle.APIVisibilityByRoleTestCase"/>
        <method signature="org.wso2.am.integration.tests.api.lifecycle.APIVisibilityWithDirectURLTestCase.testDirectLinkAnonymous()" name="testDirectLinkAnonymous" class="org.wso2.am.integration.tests.api.lifecycle.APIVisibilityWithDirectURLTestCase"/>
        <method signature="org.wso2.am.integration.tests.api.lifecycle.APIVisibilityWithDirectURLTestCase.testDirectLink()" name="testDirectLink" class="org.wso2.am.integration.tests.api.lifecycle.APIVisibilityWithDirectURLTestCase"/>
        <method signature="org.wso2.am.integration.tests.api.lifecycle.APIVisibilityWithDirectURLTestCase.testDirectLinkWithoutRestrictedRoleUser()" name="testDirectLinkWithoutRestrictedRoleUser" class="org.wso2.am.integration.tests.api.lifecycle.APIVisibilityWithDirectURLTestCase"/>
        <method signature="org.wso2.am.integration.tests.api.lifecycle.APIVisibilityWithDirectURLTestCase.testAPICreationInTenant()" name="testAPICreationInTenant" class="org.wso2.am.integration.tests.api.lifecycle.APIVisibilityWithDirectURLTestCase"/>
        <method signature="org.wso2.am.integration.tests.api.lifecycle.APIVisibilityWithDirectURLTestCase.testDirectLinkInTenantAnonymous()" name="testDirectLinkInTenantAnonymous" class="org.wso2.am.integration.tests.api.lifecycle.APIVisibilityWithDirectURLTestCase"/>
        <method signature="org.wso2.am.integration.tests.api.lifecycle.APIVisibilityWithDirectURLTestCase.testDirectLinkInTenant()" name="testDirectLinkInTenant" class="org.wso2.am.integration.tests.api.lifecycle.APIVisibilityWithDirectURLTestCase"/>
        <method signature="org.wso2.am.integration.tests.api.lifecycle.APIVisibilityWithDirectURLTestCase.testDirectLinkInTenantWithoutRestrictedRoleUser()" name="testDirectLinkInTenantWithoutRestrictedRoleUser" class="org.wso2.am.integration.tests.api.lifecycle.APIVisibilityWithDirectURLTestCase"/>
        <method signature="org.wso2.am.integration.tests.api.lifecycle.AccessibilityOfBlockAPITestCase.testInvokeAPIBeforeChangeAPILifecycleToBlock()" name="testInvokeAPIBeforeChangeAPILifecycleToBlock" class="org.wso2.am.integration.tests.api.lifecycle.AccessibilityOfBlockAPITestCase"/>
        <method signature="org.wso2.am.integration.tests.api.lifecycle.AccessibilityOfBlockAPITestCase.testChangeAPILifecycleToBlock()" name="testChangeAPILifecycleToBlock" class="org.wso2.am.integration.tests.api.lifecycle.AccessibilityOfBlockAPITestCase"/>
        <method signature="org.wso2.am.integration.tests.api.lifecycle.AccessibilityOfBlockAPITestCase.testInvokeAPIAfterChangeAPILifecycleToBlock()" name="testInvokeAPIAfterChangeAPILifecycleToBlock" class="org.wso2.am.integration.tests.api.lifecycle.AccessibilityOfBlockAPITestCase"/>
        <method signature="org.wso2.am.integration.tests.api.lifecycle.AccessibilityOfDeprecatedOldAPIAndPublishedCopyAPITestCase.testSubscribeOldVersionBeforeDeprecate()" name="testSubscribeOldVersionBeforeDeprecate" class="org.wso2.am.integration.tests.api.lifecycle.AccessibilityOfDeprecatedOldAPIAndPublishedCopyAPITestCase"/>
        <method signature="org.wso2.am.integration.tests.api.lifecycle.AccessibilityOfDeprecatedOldAPIAndPublishedCopyAPITestCase.testSubscribeNewVersion()" name="testSubscribeNewVersion" class="org.wso2.am.integration.tests.api.lifecycle.AccessibilityOfDeprecatedOldAPIAndPublishedCopyAPITestCase"/>
        <method signature="org.wso2.am.integration.tests.api.lifecycle.AccessibilityOfDeprecatedOldAPIAndPublishedCopyAPITestCase.testDeprecateOldVersion()" name="testDeprecateOldVersion" class="org.wso2.am.integration.tests.api.lifecycle.AccessibilityOfDeprecatedOldAPIAndPublishedCopyAPITestCase"/>
        <method signature="org.wso2.am.integration.tests.api.lifecycle.AccessibilityOfDeprecatedOldAPIAndPublishedCopyAPITestCase.testVisibilityOfOldAPIInStoreAfterDeprecate()" name="testVisibilityOfOldAPIInStoreAfterDeprecate" class="org.wso2.am.integration.tests.api.lifecycle.AccessibilityOfDeprecatedOldAPIAndPublishedCopyAPITestCase"/>
        <method signature="org.wso2.am.integration.tests.api.lifecycle.AccessibilityOfDeprecatedOldAPIAndPublishedCopyAPITestCase.testVisibilityOfNewAPIInStore()" name="testVisibilityOfNewAPIInStore" class="org.wso2.am.integration.tests.api.lifecycle.AccessibilityOfDeprecatedOldAPIAndPublishedCopyAPITestCase"/>
        <method signature="org.wso2.am.integration.tests.api.lifecycle.AccessibilityOfDeprecatedOldAPIAndPublishedCopyAPITestCase.testSubscribeOldVersionAfterDeprecate()" name="testSubscribeOldVersionAfterDeprecate" class="org.wso2.am.integration.tests.api.lifecycle.AccessibilityOfDeprecatedOldAPIAndPublishedCopyAPITestCase"/>
        <method signature="org.wso2.am.integration.tests.api.lifecycle.AccessibilityOfDeprecatedOldAPIAndPublishedCopyAPITestCase.testAccessibilityOfDeprecateOldAPIAndPublishedCopyAPI()" name="testAccessibilityOfDeprecateOldAPIAndPublishedCopyAPI" class="org.wso2.am.integration.tests.api.lifecycle.AccessibilityOfDeprecatedOldAPIAndPublishedCopyAPITestCase"/>
        <method signature="org.wso2.am.integration.tests.api.lifecycle.AccessibilityOfOldAPIAndCopyAPIWithOutReSubscriptionTestCase.testSubscriptionOfOldAPI()" name="testSubscriptionOfOldAPI" class="org.wso2.am.integration.tests.api.lifecycle.AccessibilityOfOldAPIAndCopyAPIWithOutReSubscriptionTestCase"/>
        <method signature="org.wso2.am.integration.tests.api.lifecycle.AccessibilityOfOldAPIAndCopyAPIWithOutReSubscriptionTestCase.testPublishCopiedAPIWithOutReSubscriptionRequired()" name="testPublishCopiedAPIWithOutReSubscriptionRequired" class="org.wso2.am.integration.tests.api.lifecycle.AccessibilityOfOldAPIAndCopyAPIWithOutReSubscriptionTestCase"/>
        <method signature="org.wso2.am.integration.tests.api.lifecycle.AccessibilityOfOldAPIAndCopyAPIWithOutReSubscriptionTestCase.testInvokeNewAPIWithoutSubscribeTheNewVersion()" name="testInvokeNewAPIWithoutSubscribeTheNewVersion" class="org.wso2.am.integration.tests.api.lifecycle.AccessibilityOfOldAPIAndCopyAPIWithOutReSubscriptionTestCase"/>
        <method signature="org.wso2.am.integration.tests.api.lifecycle.AccessibilityOfOldAPIAndCopyAPIWithReSubscriptionTestCase.testSubscriptionOfOldAPI()" name="testSubscriptionOfOldAPI" class="org.wso2.am.integration.tests.api.lifecycle.AccessibilityOfOldAPIAndCopyAPIWithReSubscriptionTestCase"/>
        <method signature="org.wso2.am.integration.tests.api.lifecycle.AccessibilityOfOldAPIAndCopyAPIWithReSubscriptionTestCase.testPublishCopiedAPIWithReSubscriptionRequired()" name="testPublishCopiedAPIWithReSubscriptionRequired" class="org.wso2.am.integration.tests.api.lifecycle.AccessibilityOfOldAPIAndCopyAPIWithReSubscriptionTestCase"/>
        <method signature="org.wso2.am.integration.tests.api.lifecycle.AccessibilityOfOldAPIAndCopyAPIWithReSubscriptionTestCase.testInvokeOldAPIBeforeSubscribeTheNewVersion()" name="testInvokeOldAPIBeforeSubscribeTheNewVersion" class="org.wso2.am.integration.tests.api.lifecycle.AccessibilityOfOldAPIAndCopyAPIWithReSubscriptionTestCase"/>
        <method signature="org.wso2.am.integration.tests.api.lifecycle.AccessibilityOfOldAPIAndCopyAPIWithReSubscriptionTestCase.testInvokeNewAPIBeforeSubscribeTheNewVersion()" name="testInvokeNewAPIBeforeSubscribeTheNewVersion" class="org.wso2.am.integration.tests.api.lifecycle.AccessibilityOfOldAPIAndCopyAPIWithReSubscriptionTestCase"/>
        <method signature="org.wso2.am.integration.tests.api.lifecycle.AccessibilityOfOldAPIAndCopyAPIWithReSubscriptionTestCase.testSubscribeTheNewVersion()" name="testSubscribeTheNewVersion" class="org.wso2.am.integration.tests.api.lifecycle.AccessibilityOfOldAPIAndCopyAPIWithReSubscriptionTestCase"/>
        <method signature="org.wso2.am.integration.tests.api.lifecycle.AccessibilityOfOldAPIAndCopyAPIWithReSubscriptionTestCase.testInvokeNewAPIAfterSubscribeTheNewVersion()" name="testInvokeNewAPIAfterSubscribeTheNewVersion" class="org.wso2.am.integration.tests.api.lifecycle.AccessibilityOfOldAPIAndCopyAPIWithReSubscriptionTestCase"/>
        <method signature="org.wso2.am.integration.tests.api.lifecycle.AccessibilityOfRetireAPITestCase.testInvokeAPIBeforeChangeAPILifecycleToRetired()" name="testInvokeAPIBeforeChangeAPILifecycleToRetired" class="org.wso2.am.integration.tests.api.lifecycle.AccessibilityOfRetireAPITestCase"/>
        <method signature="org.wso2.am.integration.tests.api.lifecycle.AccessibilityOfRetireAPITestCase.testChangeAPILifecycleToDepricated()" name="testChangeAPILifecycleToDepricated" class="org.wso2.am.integration.tests.api.lifecycle.AccessibilityOfRetireAPITestCase"/>
        <method signature="org.wso2.am.integration.tests.api.lifecycle.AccessibilityOfRetireAPITestCase.testChangeAPILifecycleToRetired()" name="testChangeAPILifecycleToRetired" class="org.wso2.am.integration.tests.api.lifecycle.AccessibilityOfRetireAPITestCase"/>
        <method signature="org.wso2.am.integration.tests.api.lifecycle.AccessibilityOfRetireAPITestCase.testAvailabilityOfRetiredAPIInStore()" name="testAvailabilityOfRetiredAPIInStore" class="org.wso2.am.integration.tests.api.lifecycle.AccessibilityOfRetireAPITestCase"/>
        <method signature="org.wso2.am.integration.tests.api.lifecycle.AccessibilityOfRetireAPITestCase.testInvokeAPIAfterChangeAPILifecycleToRetired()" name="testInvokeAPIAfterChangeAPILifecycleToRetired" class="org.wso2.am.integration.tests.api.lifecycle.AccessibilityOfRetireAPITestCase"/>
        <method signature="org.wso2.am.integration.tests.api.lifecycle.ChangeAPITagsTestCase.testFilterByTagsBeforeTagChange()" name="testFilterByTagsBeforeTagChange" class="org.wso2.am.integration.tests.api.lifecycle.ChangeAPITagsTestCase"/>
        <method signature="org.wso2.am.integration.tests.api.lifecycle.ChangeAPITagsTestCase.testUpdateTagsAndFilterByTags()" name="testUpdateTagsAndFilterByTags" class="org.wso2.am.integration.tests.api.lifecycle.ChangeAPITagsTestCase"/>
        <method signature="org.wso2.am.integration.tests.api.lifecycle.ChangeAuthTypeOfResourceTestCase.testInvokeResourceWithAuthTypeApplicationAndApplicationUser()" name="testInvokeResourceWithAuthTypeApplicationAndApplicationUser" class="org.wso2.am.integration.tests.api.lifecycle.ChangeAuthTypeOfResourceTestCase"/>
        <method signature="org.wso2.am.integration.tests.api.lifecycle.ChangeAuthTypeOfResourceTestCase.testInvokeResourceWithAuthTypeApplication()" name="testInvokeResourceWithAuthTypeApplication" class="org.wso2.am.integration.tests.api.lifecycle.ChangeAuthTypeOfResourceTestCase"/>
        <method signature="org.wso2.am.integration.tests.api.lifecycle.ChangeAuthTypeOfResourceTestCase.testInvokeGETResourceWithAuthTypeApplicationUser()" name="testInvokeGETResourceWithAuthTypeApplicationUser" class="org.wso2.am.integration.tests.api.lifecycle.ChangeAuthTypeOfResourceTestCase"/>
        <method signature="org.wso2.am.integration.tests.api.lifecycle.ChangeAuthTypeOfResourceTestCase.testInvokeGETResourceWithAuthTypeNone()" name="testInvokeGETResourceWithAuthTypeNone" class="org.wso2.am.integration.tests.api.lifecycle.ChangeAuthTypeOfResourceTestCase"/>
        <method signature="org.wso2.am.integration.tests.api.lifecycle.ChangeEndPointSecurityOfAPITestCase.testInvokeGETResourceWithSecuredEndPointPasswordOnlyNumbersAndLetters()" name="testInvokeGETResourceWithSecuredEndPointPasswordOnlyNumbersAndLetters" class="org.wso2.am.integration.tests.api.lifecycle.ChangeEndPointSecurityOfAPITestCase"/>
        <method signature="org.wso2.am.integration.tests.api.lifecycle.ChangeEndPointSecurityOfAPITestCase.testInvokeGETResourceWithSecuredEndPointComplexPassword()" name="testInvokeGETResourceWithSecuredEndPointComplexPassword" class="org.wso2.am.integration.tests.api.lifecycle.ChangeEndPointSecurityOfAPITestCase"/>
        <method signature="org.wso2.am.integration.tests.api.lifecycle.CustomLifeCycleTestCase.testCustomLifeCycle()" name="testCustomLifeCycle" class="org.wso2.am.integration.tests.api.lifecycle.CustomLifeCycleTestCase"/>
        <method signature="org.wso2.am.integration.tests.api.lifecycle.EditAPIAndCheckUpdatedInformationTestCase.testEditAPIInformation()" name="testEditAPIInformation" class="org.wso2.am.integration.tests.api.lifecycle.EditAPIAndCheckUpdatedInformationTestCase"/>
        <method signature="org.wso2.am.integration.tests.api.lifecycle.EditAPIAndCheckUpdatedInformationTestCase.testUpdatedAPIInformationFromAPIPublisher()" name="testUpdatedAPIInformationFromAPIPublisher" class="org.wso2.am.integration.tests.api.lifecycle.EditAPIAndCheckUpdatedInformationTestCase"/>
        <method signature="org.wso2.am.integration.tests.api.lifecycle.EditAPIContextAndCheckAccessibilityTestCase.testInvokeAPIBeforeChangeAPIContext()" name="testInvokeAPIBeforeChangeAPIContext" class="org.wso2.am.integration.tests.api.lifecycle.EditAPIContextAndCheckAccessibilityTestCase"/>
        <method signature="org.wso2.am.integration.tests.api.lifecycle.EditAPIContextAndCheckAccessibilityTestCase.testEditAPIContext()" name="testEditAPIContext" class="org.wso2.am.integration.tests.api.lifecycle.EditAPIContextAndCheckAccessibilityTestCase"/>
        <method signature="org.wso2.am.integration.tests.api.lifecycle.EditAPIContextAndCheckAccessibilityTestCase.testInvokeAPIAfterChangeAPIContextWithOldContext()" name="testInvokeAPIAfterChangeAPIContextWithOldContext" class="org.wso2.am.integration.tests.api.lifecycle.EditAPIContextAndCheckAccessibilityTestCase"/>
        <method signature="org.wso2.am.integration.tests.api.lifecycle.EditAPIContextAndCheckAccessibilityTestCase.testInvokeAPIAfterChangeAPIContextWithNewContext()" name="testInvokeAPIAfterChangeAPIContextWithNewContext" class="org.wso2.am.integration.tests.api.lifecycle.EditAPIContextAndCheckAccessibilityTestCase"/>
        <method signature="org.wso2.am.integration.tests.api.lifecycle.NewVersionUpdateTestCase.testAPINewVersionCreation()" name="testAPINewVersionCreation" class="org.wso2.am.integration.tests.api.lifecycle.NewVersionUpdateTestCase"/>
        <method signature="org.wso2.am.integration.tests.api.lifecycle.NewVersionUpdateTestCase.testNewVersionAPIUpdate()" name="testNewVersionAPIUpdate" class="org.wso2.am.integration.tests.api.lifecycle.NewVersionUpdateTestCase"/>
        <method signature="org.wso2.am.integration.tests.api.lifecycle.RegistryLifeCycleInclusionTest.testAPIInfoLifecycleTabForPublishedAPI()" name="testAPIInfoLifecycleTabForPublishedAPI" class="org.wso2.am.integration.tests.api.lifecycle.RegistryLifeCycleInclusionTest"/>
        <method signature="org.wso2.am.integration.tests.api.lifecycle.RegistryLifeCycleInclusionTest.testChecklistItemsVisibility()" name="testChecklistItemsVisibility" class="org.wso2.am.integration.tests.api.lifecycle.RegistryLifeCycleInclusionTest"/>
        <method signature="org.wso2.am.integration.tests.api.lifecycle.RegistryLifeCycleInclusionTest.testLCStateChengeVisibility()" name="testLCStateChengeVisibility" class="org.wso2.am.integration.tests.api.lifecycle.RegistryLifeCycleInclusionTest"/>
        <method signature="org.wso2.am.integration.tests.api.lifecycle.UsersAndDocsInAPIOverviewTestCase.testNumberOfUsersInAPIOverview()" name="testNumberOfUsersInAPIOverview" class="org.wso2.am.integration.tests.api.lifecycle.UsersAndDocsInAPIOverviewTestCase"/>
        <method signature="org.wso2.am.integration.tests.api.lifecycle.UsersAndDocsInAPIOverviewTestCase.testUsersInformationInUserTabInAPIOverview()" name="testUsersInformationInUserTabInAPIOverview" class="org.wso2.am.integration.tests.api.lifecycle.UsersAndDocsInAPIOverviewTestCase"/>
        <method signature="org.wso2.am.integration.tests.api.lifecycle.UsersAndDocsInAPIOverviewTestCase.testDocInformationInDocsTabInAPIOverview()" name="testDocInformationInDocsTabInAPIOverview" class="org.wso2.am.integration.tests.api.lifecycle.UsersAndDocsInAPIOverviewTestCase"/>
        <method signature="org.wso2.am.integration.tests.header.CORSHeadersTestCase.CheckCORSHeadersInPreFlightResponse()" name="CheckCORSHeadersInPreFlightResponse" class="org.wso2.am.integration.tests.header.CORSHeadersTestCase"/>
        <method signature="org.wso2.am.integration.tests.header.CORSHeadersTestCase.CheckCORSHeadersInResponse()" name="CheckCORSHeadersInResponse" class="org.wso2.am.integration.tests.header.CORSHeadersTestCase"/>
        <method signature="org.wso2.am.integration.tests.other.ScriptMediatorTestCase.testScriptMediatorWithNullObject()" name="testScriptMediatorWithNullObject" class="org.wso2.am.integration.tests.other.ScriptMediatorTestCase"/>
        <method signature="org.wso2.am.integration.tests.rest.MalformedRequestTest.testMalformedPostWithMessageBuilding()" name="testMalformedPostWithMessageBuilding" class="org.wso2.am.integration.tests.rest.MalformedRequestTest"/>
        <method signature="org.wso2.am.integration.tests.sequence.DefaultEndpointTestCase.testAPIInvocationAfterAddingDynamicEndpoint()" name="testAPIInvocationAfterAddingDynamicEndpoint" class="org.wso2.am.integration.tests.sequence.DefaultEndpointTestCase"/>
        <method signature="org.wso2.am.integration.tests.token.InvalidTokenTestCase.testAPIAccessWithInvalidToken()" name="testAPIAccessWithInvalidToken" class="org.wso2.am.integration.tests.token.InvalidTokenTestCase"/>
        <method signature="org.wso2.am.integration.tests.header.CORSAccessControlAllowCredentialsHeaderTestCase.CheckAccessControlAllowCredentialsHeadersWithAnyOrigin()" name="CheckAccessControlAllowCredentialsHeadersWithAnyOrigin" class="org.wso2.am.integration.tests.header.CORSAccessControlAllowCredentialsHeaderTestCase"/>
        <method signature="org.wso2.am.integration.tests.header.CORSAccessControlAllowCredentialsHeaderTestCase.CheckAccessControlAllowCredentialsHeadersWithSpecificOrigin()" name="CheckAccessControlAllowCredentialsHeadersWithSpecificOrigin" class="org.wso2.am.integration.tests.header.CORSAccessControlAllowCredentialsHeaderTestCase"/>
        <method signature="org.wso2.am.integration.tests.api.lifecycle.InvokeAPIUsingOldThrottlingWithWSClient.testInvokingAPIWithOldThrottleUsingWSClient()" name="testInvokingAPIWithOldThrottleUsingWSClient" class="org.wso2.am.integration.tests.api.lifecycle.InvokeAPIUsingOldThrottlingWithWSClient"/>
        <method signature="org.wso2.am.integration.tests.header.APIMANAGER3614DuplicateTransferEncodingHeaderTestCase.testDuplicateTransferEncodingPropertyTest()" name="testDuplicateTransferEncodingPropertyTest" class="org.wso2.am.integration.tests.header.APIMANAGER3614DuplicateTransferEncodingHeaderTestCase"/>
        <method signature="org.wso2.am.integration.tests.header.ESBJAVA3447PreserveCharsetInContentTypeTestCase.testPreserveCharsetInContentTypeHeader()" name="testPreserveCharsetInContentTypeHeader" class="org.wso2.am.integration.tests.header.ESBJAVA3447PreserveCharsetInContentTypeTestCase"/>
        <method signature="org.wso2.am.integration.tests.hostobject.HostObjectTestCase.testAPIProvider()" name="testAPIProvider" class="org.wso2.am.integration.tests.hostobject.HostObjectTestCase"/>
        <method signature="org.wso2.am.integration.tests.hostobject.HostObjectTestCase.testApplication()" name="testApplication" class="org.wso2.am.integration.tests.hostobject.HostObjectTestCase"/>
        <method signature="org.wso2.am.integration.tests.hostobject.HostObjectTestCase.testApplicationOperations()" name="testApplicationOperations" class="org.wso2.am.integration.tests.hostobject.HostObjectTestCase"/>
        <method signature="org.wso2.am.integration.tests.hostobject.HostObjectTestCase.testHostObjectTestCase()" name="testHostObjectTestCase" class="org.wso2.am.integration.tests.hostobject.HostObjectTestCase"/>
        <method signature="org.wso2.am.integration.tests.jwt.JWTTestCase.testEnableJWTAndClaims()" name="testEnableJWTAndClaims" class="org.wso2.am.integration.tests.jwt.JWTTestCase"/>
        <method signature="org.wso2.am.integration.tests.jwt.JWTTestCase.testAPIAccessWhenJWTCachingEnabledTestCase()" name="testAPIAccessWhenJWTCachingEnabledTestCase" class="org.wso2.am.integration.tests.jwt.JWTTestCase"/>
        <method signature="org.wso2.am.integration.tests.jwt.JWTTestCase.testSpecificUserJWTClaims()" name="testSpecificUserJWTClaims" class="org.wso2.am.integration.tests.jwt.JWTTestCase"/>
        <method signature="org.wso2.am.integration.tests.jwt.JWTTestCase.testPrototypeInvocationWithJWTEnabled()" name="testPrototypeInvocationWithJWTEnabled" class="org.wso2.am.integration.tests.jwt.JWTTestCase"/>
        <method signature="org.wso2.am.integration.tests.jwt.URLSafeJWTTestCase.testEnableJWTAndClaims()" name="testEnableJWTAndClaims" class="org.wso2.am.integration.tests.jwt.URLSafeJWTTestCase"/>
        <method signature="org.wso2.am.integration.tests.jwt.URLSafeJWTTestCase.testAPIAccessWhenJWTCachingEnabledTestCase()" name="testAPIAccessWhenJWTCachingEnabledTestCase" class="org.wso2.am.integration.tests.jwt.URLSafeJWTTestCase"/>
        <method signature="org.wso2.am.integration.tests.jwt.URLSafeJWTTestCase.testSpecificUserJWTClaims()" name="testSpecificUserJWTClaims" class="org.wso2.am.integration.tests.jwt.URLSafeJWTTestCase"/>
        <method signature="org.wso2.am.integration.tests.other.APIEndpointTypeUpdateTestCase.testAPICreation()" name="testAPICreation" class="org.wso2.am.integration.tests.other.APIEndpointTypeUpdateTestCase"/>
        <method signature="org.wso2.am.integration.tests.other.APIEndpointTypeUpdateTestCase.testHTTPTransportBeforeUpdate()" name="testHTTPTransportBeforeUpdate" class="org.wso2.am.integration.tests.other.APIEndpointTypeUpdateTestCase"/>
        <method signature="org.wso2.am.integration.tests.other.APIEndpointTypeUpdateTestCase.testUpdatedHTTPTransport()" name="testUpdatedHTTPTransport" class="org.wso2.am.integration.tests.other.APIEndpointTypeUpdateTestCase"/>
        <method signature="org.wso2.am.integration.tests.other.APIEndpointTypeUpdateTestCase.testUpdatedHTTPSTransport()" name="testUpdatedHTTPSTransport" class="org.wso2.am.integration.tests.other.APIEndpointTypeUpdateTestCase"/>
        <method signature="org.wso2.am.integration.tests.other.APIEndpointTypeUpdateTestCase.testAPICreationTenant()" name="testAPICreationTenant" class="org.wso2.am.integration.tests.other.APIEndpointTypeUpdateTestCase"/>
        <method signature="org.wso2.am.integration.tests.other.APIEndpointTypeUpdateTestCase.testHTTPTransportBeforeUpdateInTenant()" name="testHTTPTransportBeforeUpdateInTenant" class="org.wso2.am.integration.tests.other.APIEndpointTypeUpdateTestCase"/>
        <method signature="org.wso2.am.integration.tests.other.APIEndpointTypeUpdateTestCase.testUpdatedHTTPTransportTenant()" name="testUpdatedHTTPTransportTenant" class="org.wso2.am.integration.tests.other.APIEndpointTypeUpdateTestCase"/>
        <method signature="org.wso2.am.integration.tests.other.APIEndpointTypeUpdateTestCase.testUpdatedHTTPSTransportTenant()" name="testUpdatedHTTPSTransportTenant" class="org.wso2.am.integration.tests.other.APIEndpointTypeUpdateTestCase"/>
        <method signature="org.wso2.am.integration.tests.other.APIImportExportTestCase.testAPICreation()" name="testAPICreation" class="org.wso2.am.integration.tests.other.APIImportExportTestCase"/>
        <method signature="org.wso2.am.integration.tests.other.APIImportExportTestCase.testAPIExport()" name="testAPIExport" class="org.wso2.am.integration.tests.other.APIImportExportTestCase"/>
        <method signature="org.wso2.am.integration.tests.other.APIImportExportTestCase.testAPIImport()" name="testAPIImport" class="org.wso2.am.integration.tests.other.APIImportExportTestCase"/>
        <method signature="org.wso2.am.integration.tests.other.APIImportExportTestCase.testAPIState()" name="testAPIState" class="org.wso2.am.integration.tests.other.APIImportExportTestCase"/>
        <method signature="org.wso2.am.integration.tests.other.APIImportExportTestCase.testNewAPICreation()" name="testNewAPICreation" class="org.wso2.am.integration.tests.other.APIImportExportTestCase"/>
        <method signature="org.wso2.am.integration.tests.other.APIImportExportTestCase.testNewAPIInvoke()" name="testNewAPIInvoke" class="org.wso2.am.integration.tests.other.APIImportExportTestCase"/>
        <method signature="org.wso2.am.integration.tests.other.APIImportExportTestCase.testNewAPIExport()" name="testNewAPIExport" class="org.wso2.am.integration.tests.other.APIImportExportTestCase"/>
        <method signature="org.wso2.am.integration.tests.other.APIImportExportTestCase.testNewAPIImport()" name="testNewAPIImport" class="org.wso2.am.integration.tests.other.APIImportExportTestCase"/>
        <method signature="org.wso2.am.integration.tests.other.APIImportExportTestCase.testNewAPIState()" name="testNewAPIState" class="org.wso2.am.integration.tests.other.APIImportExportTestCase"/>
        <method signature="org.wso2.am.integration.tests.other.APIImportExportTestCase.testNewAPIInvokeAfterImport()" name="testNewAPIInvokeAfterImport" class="org.wso2.am.integration.tests.other.APIImportExportTestCase"/>
        <method signature="org.wso2.am.integration.tests.other.APIImportExportTestCase.testPreserveProviderTrueAPICreation()" name="testPreserveProviderTrueAPICreation" class="org.wso2.am.integration.tests.other.APIImportExportTestCase"/>
        <method signature="org.wso2.am.integration.tests.other.APIImportExportTestCase.testPreserveProviderTrueApiExport()" name="testPreserveProviderTrueApiExport" class="org.wso2.am.integration.tests.other.APIImportExportTestCase"/>
        <method signature="org.wso2.am.integration.tests.other.APIImportExportTestCase.testPreserveProviderTrueSameProviderApiImport()" name="testPreserveProviderTrueSameProviderApiImport" class="org.wso2.am.integration.tests.other.APIImportExportTestCase"/>
        <method signature="org.wso2.am.integration.tests.other.APIImportExportTestCase.testPreserveProviderFalseAPICreation()" name="testPreserveProviderFalseAPICreation" class="org.wso2.am.integration.tests.other.APIImportExportTestCase"/>
        <method signature="org.wso2.am.integration.tests.other.APIImportExportTestCase.testPreserveProviderFalseApiExport()" name="testPreserveProviderFalseApiExport" class="org.wso2.am.integration.tests.other.APIImportExportTestCase"/>
        <method signature="org.wso2.am.integration.tests.other.APIImportExportTestCase.testPreserveProviderFalseSameProviderApiImport()" name="testPreserveProviderFalseSameProviderApiImport" class="org.wso2.am.integration.tests.other.APIImportExportTestCase"/>
        <method signature="org.wso2.am.integration.tests.other.APIInvocationFailureTestCase.APIInvocationFailure()" name="APIInvocationFailure" class="org.wso2.am.integration.tests.other.APIInvocationFailureTestCase"/>
        <method signature="org.wso2.am.integration.tests.other.APIM4765ResourceOrderInSwagger.swaggerResourceOrderTest()" name="swaggerResourceOrderTest" class="org.wso2.am.integration.tests.other.APIM4765ResourceOrderInSwagger"/>
        <method signature="org.wso2.am.integration.tests.other.APIMANAGER3226APINameWithDifferentCaseTestCase.testValidateAddAPIsWithDifferentCase()" name="testValidateAddAPIsWithDifferentCase" class="org.wso2.am.integration.tests.other.APIMANAGER3226APINameWithDifferentCaseTestCase"/>
        <method signature="org.wso2.am.integration.tests.other.APIMANAGER4081PaginationCountTestCase.testPagination()" name="testPagination" class="org.wso2.am.integration.tests.other.APIMANAGER4081PaginationCountTestCase"/>
        <method signature="org.wso2.am.integration.tests.other.APIScopeTestCase.testSetScopeToResourceTestCase()" name="testSetScopeToResourceTestCase" class="org.wso2.am.integration.tests.other.APIScopeTestCase"/>
        <method signature="org.wso2.am.integration.tests.other.APIScopeTestCase.testCopyApiWithScopes()" name="testCopyApiWithScopes" class="org.wso2.am.integration.tests.other.APIScopeTestCase"/>
        <method signature="org.wso2.am.integration.tests.other.APIScopeTestCase.testUpdateApiWithScopes()" name="testUpdateApiWithScopes" class="org.wso2.am.integration.tests.other.APIScopeTestCase"/>
        <method signature="org.wso2.am.integration.tests.other.APISearchAPIByTagTestCase.testAPICreation()" name="testAPICreation" class="org.wso2.am.integration.tests.other.APISearchAPIByTagTestCase"/>
        <method signature="org.wso2.am.integration.tests.other.APISearchAPIByTagTestCase.testAPISearchByTag()" name="testAPISearchByTag" class="org.wso2.am.integration.tests.other.APISearchAPIByTagTestCase"/>
        <method signature="org.wso2.am.integration.tests.other.APISearchAPIByTagTestCase.testAPISearchByTagGroup()" name="testAPISearchByTagGroup" class="org.wso2.am.integration.tests.other.APISearchAPIByTagTestCase"/>
        <method signature="org.wso2.am.integration.tests.other.DAOTestCase.testApplication()" name="testApplication" class="org.wso2.am.integration.tests.other.DAOTestCase"/>
        <method signature="org.wso2.am.integration.tests.other.DAOTestCase.testApplicationOperations()" name="testApplicationOperations" class="org.wso2.am.integration.tests.other.DAOTestCase"/>
        <method signature="org.wso2.am.integration.tests.other.DAOTestCase.testDAOTestCase()" name="testDAOTestCase" class="org.wso2.am.integration.tests.other.DAOTestCase"/>
        <method signature="org.wso2.am.integration.tests.other.DigestAuthenticationTestCase.testDigestAuthentication()" name="testDigestAuthentication" class="org.wso2.am.integration.tests.other.DigestAuthenticationTestCase"/>
        <method signature="org.wso2.am.integration.tests.other.InvalidAuthTokenLargePayloadTestCase.testApiCreation()" name="testApiCreation" class="org.wso2.am.integration.tests.other.InvalidAuthTokenLargePayloadTestCase"/>
        <method signature="org.wso2.am.integration.tests.other.InvalidAuthTokenLargePayloadTestCase.testApiInvocation()" name="testApiInvocation" class="org.wso2.am.integration.tests.other.InvalidAuthTokenLargePayloadTestCase"/>
        <method signature="org.wso2.am.integration.tests.other.LocationHeaderTestCase.testAPIWithLocationHeader()" name="testAPIWithLocationHeader" class="org.wso2.am.integration.tests.other.LocationHeaderTestCase"/>
        <method signature="org.wso2.am.integration.tests.other.RelativeUrlLocationHeaderTestCase.testAPIWithRelativeUrlLocationHeader()" name="testAPIWithRelativeUrlLocationHeader" class="org.wso2.am.integration.tests.other.RelativeUrlLocationHeaderTestCase"/>
        <method signature="org.wso2.am.integration.tests.other.TagsRatingCommentTestCase.testTagsRatingCommentTestCase()" name="testTagsRatingCommentTestCase" class="org.wso2.am.integration.tests.other.TagsRatingCommentTestCase"/>
        <method signature="org.wso2.am.integration.tests.rest.SearchPaginatedAPIsWithMultipleStatusTestCase.testPaginationWithMultipleStatus()" name="testPaginationWithMultipleStatus" class="org.wso2.am.integration.tests.rest.SearchPaginatedAPIsWithMultipleStatusTestCase"/>
        <method signature="org.wso2.am.integration.tests.rest.URLMappingRESTTestCase.testRESTURITemplate()" name="testRESTURITemplate" class="org.wso2.am.integration.tests.rest.URLMappingRESTTestCase"/>
        <method signature="org.wso2.am.integration.tests.rest.UriTemplateReservedCharacterEncodingTest.testURITemplateExpandWithEscapedPercentEncoding()" name="testURITemplateExpandWithEscapedPercentEncoding" class="org.wso2.am.integration.tests.rest.UriTemplateReservedCharacterEncodingTest"/>
        <method signature="org.wso2.am.integration.tests.rest.UriTemplateReservedCharacterEncodingTest.testURITemplateExpandWithEscapedPercentEncodingPathParam()" name="testURITemplateExpandWithEscapedPercentEncodingPathParam" class="org.wso2.am.integration.tests.rest.UriTemplateReservedCharacterEncodingTest"/>
        <method signature="org.wso2.am.integration.tests.rest.UriTemplateReservedCharacterEncodingTest.testURITemplateExpandWithPercentEncoding()" name="testURITemplateExpandWithPercentEncoding" class="org.wso2.am.integration.tests.rest.UriTemplateReservedCharacterEncodingTest"/>
        <method signature="org.wso2.am.integration.tests.rest.UriTemplateReservedCharacterEncodingTest.testURITemplateExpandWithPercentEncodingPathParamCase()" name="testURITemplateExpandWithPercentEncodingPathParamCase" class="org.wso2.am.integration.tests.rest.UriTemplateReservedCharacterEncodingTest"/>
        <method signature="org.wso2.am.integration.tests.rest.UriTemplateReservedCharacterEncodingTest.testURITemplateParameterDecodingPlusCharacterCase()" name="testURITemplateParameterDecodingPlusCharacterCase" class="org.wso2.am.integration.tests.rest.UriTemplateReservedCharacterEncodingTest"/>
        <method signature="org.wso2.am.integration.tests.rest.UriTemplateReservedCharacterEncodingTest.testURITemplateParameterDecodingSpaceCharacterCase()" name="testURITemplateParameterDecodingSpaceCharacterCase" class="org.wso2.am.integration.tests.rest.UriTemplateReservedCharacterEncodingTest"/>
        <method signature="org.wso2.am.integration.tests.rest.UriTemplateReservedCharacterEncodingTest.testURITemplateParameterDecodingTrailingPercentageCase()" name="testURITemplateParameterDecodingTrailingPercentageCase" class="org.wso2.am.integration.tests.rest.UriTemplateReservedCharacterEncodingTest"/>
        <method signature="org.wso2.am.integration.tests.rest.UriTemplateReservedCharacterEncodingTest.testURITemplateParameterDecodingWithPercentEncodingEscapedAtExpansion()" name="testURITemplateParameterDecodingWithPercentEncodingEscapedAtExpansion" class="org.wso2.am.integration.tests.rest.UriTemplateReservedCharacterEncodingTest"/>
        <method signature="org.wso2.am.integration.tests.rest.UriTemplateReservedCharacterEncodingTest.testURITemplateSpecialCaseVariableWithFullURL()" name="testURITemplateSpecialCaseVariableWithFullURL" class="org.wso2.am.integration.tests.rest.UriTemplateReservedCharacterEncodingTest"/>
        <method signature="org.wso2.am.integration.tests.throttling.ThrottlingTestCase.throttlingTestCase()" name="throttlingTestCase" class="org.wso2.am.integration.tests.throttling.ThrottlingTestCase"/>
        <method signature="org.wso2.am.integration.tests.token.OpenIDTokenAPITestCase.testGenerateAccessTokenWithOpenIdScope()" name="testGenerateAccessTokenWithOpenIdScope" class="org.wso2.am.integration.tests.token.OpenIDTokenAPITestCase"/>
        <method signature="org.wso2.am.integration.tests.token.OpenIDTokenAPITestCase.testCallUserInfoApiWithOpenIdAccessToken()" name="testCallUserInfoApiWithOpenIdAccessToken" class="org.wso2.am.integration.tests.token.OpenIDTokenAPITestCase"/>
        <method signature="org.wso2.am.integration.tests.token.RefreshTokenTestCase.testRefreshTokenAPITestCase()" name="testRefreshTokenAPITestCase" class="org.wso2.am.integration.tests.token.RefreshTokenTestCase"/>
        <method signature="org.wso2.am.integration.tests.token.TokenAPITestCase.testJWTTokenAPITestCase()" name="testJWTTokenAPITestCase" class="org.wso2.am.integration.tests.token.TokenAPITestCase"/>
        <method signature="org.wso2.am.integration.tests.token.TokenAPITestCase.testTokenAPITestCase()" name="testTokenAPITestCase" class="org.wso2.am.integration.tests.token.TokenAPITestCase"/>
        <method signature="org.wso2.am.integration.tests.token.TokenAPITestCase.testTokenEqualityBeforeExpiration()" name="testTokenEqualityBeforeExpiration" class="org.wso2.am.integration.tests.token.TokenAPITestCase"/>
        <method signature="org.wso2.am.integration.tests.version.DefaultVersionAPITestCase.testDefaultVersionAPI()" name="testDefaultVersionAPI" class="org.wso2.am.integration.tests.version.DefaultVersionAPITestCase"/>
        <method signature="org.wso2.am.integration.tests.resources.APIResourceModificationTestCase.testSetScopeToResourceTestCase()" name="testSetScopeToResourceTestCase" class="org.wso2.am.integration.tests.resources.APIResourceModificationTestCase"/>
        <method signature="org.wso2.am.integration.tests.other.APIMANAGER2611EndpointValidationTestCase.checkEndpointValidation()" name="checkEndpointValidation" class="org.wso2.am.integration.tests.other.APIMANAGER2611EndpointValidationTestCase"/>
        <method signature="org.wso2.am.integration.tests.login.EmailUserNameLoginTestCase.LoginWithEmailUserNameTestCase()" name="LoginWithEmailUserNameTestCase" class="org.wso2.am.integration.tests.login.EmailUserNameLoginTestCase"/>
        <method signature="org.wso2.am.integration.tests.other.HttpPATCHSupportTestCase.testHttpPatchSupport()" name="testHttpPatchSupport" class="org.wso2.am.integration.tests.other.HttpPATCHSupportTestCase"/>
        <method signature="org.wso2.am.integration.tests.other.PublisherAccessControlTestCase.testAPIAdditionWithAccessControlRestriction()" name="testAPIAdditionWithAccessControlRestriction" class="org.wso2.am.integration.tests.other.PublisherAccessControlTestCase"/>
        <method signature="org.wso2.am.integration.tests.other.PublisherAccessControlTestCase.testAPIAdditionWithoutAccessControlRestriction()" name="testAPIAdditionWithoutAccessControlRestriction" class="org.wso2.am.integration.tests.other.PublisherAccessControlTestCase"/>
        <method signature="org.wso2.am.integration.tests.other.PublisherAccessControlTestCase.testCheckPublisherRoleCanViewRestrictedVisibilityAPIs()" name="testCheckPublisherRoleCanViewRestrictedVisibilityAPIs" class="org.wso2.am.integration.tests.other.PublisherAccessControlTestCase"/>
        <method signature="org.wso2.am.integration.tests.other.PublisherAccessControlTestCase.testGetPublicAPIFromStoreWithRestrictedPublisherAccess()" name="testGetPublicAPIFromStoreWithRestrictedPublisherAccess" class="org.wso2.am.integration.tests.other.PublisherAccessControlTestCase"/>
        <method signature="org.wso2.am.integration.tests.other.PublisherAccessControlTestCase.testPublisherAndStoreRestricted()" name="testPublisherAndStoreRestricted" class="org.wso2.am.integration.tests.other.PublisherAccessControlTestCase"/>
        <method signature="org.wso2.am.integration.tests.prototype.APIM23VisibilityOfPrototypedAPIInStoreTestCase.testVisibilityInPrototypedAPI()" name="testVisibilityInPrototypedAPI" class="org.wso2.am.integration.tests.prototype.APIM23VisibilityOfPrototypedAPIInStoreTestCase"/>
        <method signature="org.wso2.am.integration.tests.prototype.APIM24VisibilityOfPrototypedAPIOfDifferentViewInStoreTestCase.testOpenAlreadySavedAPIAndDeployedAsAPrototyped()" name="testOpenAlreadySavedAPIAndDeployedAsAPrototyped" class="org.wso2.am.integration.tests.prototype.APIM24VisibilityOfPrototypedAPIOfDifferentViewInStoreTestCase"/>
        <method signature="org.wso2.am.integration.tests.prototype.APIM24VisibilityOfPrototypedAPIOfDifferentViewInStoreTestCase.testPrototypedAPIVisibilityInGeneralAPI()" name="testPrototypedAPIVisibilityInGeneralAPI" class="org.wso2.am.integration.tests.prototype.APIM24VisibilityOfPrototypedAPIOfDifferentViewInStoreTestCase"/>
        <method signature="org.wso2.am.integration.tests.prototype.APIM24VisibilityOfPrototypedAPIOfDifferentViewInStoreTestCase.testPrototypedAPIVisibilityInRecentlyAddedList()" name="testPrototypedAPIVisibilityInRecentlyAddedList" class="org.wso2.am.integration.tests.prototype.APIM24VisibilityOfPrototypedAPIOfDifferentViewInStoreTestCase"/>
        <method signature="org.wso2.am.integration.tests.prototype.APIM24VisibilityOfPrototypedAPIOfDifferentViewInStoreTestCase.testTagsOfPrototypedAPIVisibilityInTagList()" name="testTagsOfPrototypedAPIVisibilityInTagList" class="org.wso2.am.integration.tests.prototype.APIM24VisibilityOfPrototypedAPIOfDifferentViewInStoreTestCase"/>
        <method signature="org.wso2.am.integration.tests.publisher.APIM18CreateAnAPIThroughThePublisherRestAPITestCase.testCreateAnAPIThroughThePublisherRest()" name="testCreateAnAPIThroughThePublisherRest" class="org.wso2.am.integration.tests.publisher.APIM18CreateAnAPIThroughThePublisherRestAPITestCase"/>
        <method signature="org.wso2.am.integration.tests.publisher.APIM18CreateAnAPIThroughThePublisherRestAPITestCase.testRemoveAnAPIThroughThePublisherRest()" name="testRemoveAnAPIThroughThePublisherRest" class="org.wso2.am.integration.tests.publisher.APIM18CreateAnAPIThroughThePublisherRestAPITestCase"/>
        <method signature="org.wso2.am.integration.tests.publisher.APIM514CreateAnAPIWithoutProvidingMandatoryFieldsTestCase.testCreateAnAPIThroughThePublisherRestWithoutAction()" name="testCreateAnAPIThroughThePublisherRestWithoutAction" class="org.wso2.am.integration.tests.publisher.APIM514CreateAnAPIWithoutProvidingMandatoryFieldsTestCase"/>
        <method signature="org.wso2.am.integration.tests.publisher.APIM514CreateAnAPIWithoutProvidingMandatoryFieldsTestCase.testCreateAnAPIThroughThePublisherRestWithoutContext()" name="testCreateAnAPIThroughThePublisherRestWithoutContext" class="org.wso2.am.integration.tests.publisher.APIM514CreateAnAPIWithoutProvidingMandatoryFieldsTestCase"/>
        <method signature="org.wso2.am.integration.tests.publisher.APIM514CreateAnAPIWithoutProvidingMandatoryFieldsTestCase.testCreateAnAPIThroughThePublisherRestWithoutName()" name="testCreateAnAPIThroughThePublisherRestWithoutName" class="org.wso2.am.integration.tests.publisher.APIM514CreateAnAPIWithoutProvidingMandatoryFieldsTestCase"/>
        <method signature="org.wso2.am.integration.tests.publisher.APIM514CreateAnAPIWithoutProvidingMandatoryFieldsTestCase.testCreateAnAPIThroughThePublisherRestWithoutTierAvailability()" name="testCreateAnAPIThroughThePublisherRestWithoutTierAvailability" class="org.wso2.am.integration.tests.publisher.APIM514CreateAnAPIWithoutProvidingMandatoryFieldsTestCase"/>
        <method signature="org.wso2.am.integration.tests.publisher.APIM514CreateAnAPIWithoutProvidingMandatoryFieldsTestCase.testCreateAnAPIThroughThePublisherRestWithoutVersion()" name="testCreateAnAPIThroughThePublisherRestWithoutVersion" class="org.wso2.am.integration.tests.publisher.APIM514CreateAnAPIWithoutProvidingMandatoryFieldsTestCase"/>
        <method signature="org.wso2.am.integration.tests.publisher.APIM519CreateAnAPIThroughTheRestAPIWithoutLoggingInTestCase.testCreateAnAPIThroughThePublisherRest()" name="testCreateAnAPIThroughThePublisherRest" class="org.wso2.am.integration.tests.publisher.APIM519CreateAnAPIThroughTheRestAPIWithoutLoggingInTestCase"/>
        <method signature="org.wso2.am.integration.tests.publisher.APIM520UpdateAnAPIThroughThePublisherRestAPITestCase.testUpdateAnAPIThroughThePublisherRest()" name="testUpdateAnAPIThroughThePublisherRest" class="org.wso2.am.integration.tests.publisher.APIM520UpdateAnAPIThroughThePublisherRestAPITestCase"/>
        <method signature="org.wso2.am.integration.tests.publisher.APIM534GetAllTheAPIsCreatedThroughThePublisherRestAPITestCase.testCheckIfAnAPIExistsThroughThePublisherRestAPI()" name="testCheckIfAnAPIExistsThroughThePublisherRestAPI" class="org.wso2.am.integration.tests.publisher.APIM534GetAllTheAPIsCreatedThroughThePublisherRestAPITestCase"/>
        <method signature="org.wso2.am.integration.tests.publisher.APIM548CopyAnAPIToANewerVersionThroughThePublisherRestAPITestCase.testCopyAnAPIToANewerVersionThroughThePublisherRest()" name="testCopyAnAPIToANewerVersionThroughThePublisherRest" class="org.wso2.am.integration.tests.publisher.APIM548CopyAnAPIToANewerVersionThroughThePublisherRestAPITestCase"/>
        <method signature="org.wso2.am.integration.tests.publisher.APIM570CheckIfAnOlderVersionOfTheAPIExistsThroughThePublisherRestAPITestCase.testCreateAnApiUsingValidDataAndGetThroughThePublisherRest()" name="testCreateAnApiUsingValidDataAndGetThroughThePublisherRest" class="org.wso2.am.integration.tests.publisher.APIM570CheckIfAnOlderVersionOfTheAPIExistsThroughThePublisherRestAPITestCase"/>
        <method signature="org.wso2.am.integration.tests.publisher.APIM574ChangeTheStatusOfAnAPIToPrototypedThroughThePublisherRestAPITestCase.testCreateAnAPIThroughThePublisherRest()" name="testCreateAnAPIThroughThePublisherRest" class="org.wso2.am.integration.tests.publisher.APIM574ChangeTheStatusOfAnAPIToPrototypedThroughThePublisherRestAPITestCase"/>
        <method signature="org.wso2.am.integration.tests.publisher.APIM574ChangeTheStatusOfAnAPIToPrototypedThroughThePublisherRestAPITestCase.testChangeTheStatusOfTheAPIToPrototyped()" name="testChangeTheStatusOfTheAPIToPrototyped" class="org.wso2.am.integration.tests.publisher.APIM574ChangeTheStatusOfAnAPIToPrototypedThroughThePublisherRestAPITestCase"/>
        <method signature="org.wso2.am.integration.tests.publisher.APIM574ChangeTheStatusOfAnAPIToPrototypedThroughThePublisherRestAPITestCase.testChangeTheStatusOfTheAPIToPublished()" name="testChangeTheStatusOfTheAPIToPublished" class="org.wso2.am.integration.tests.publisher.APIM574ChangeTheStatusOfAnAPIToPrototypedThroughThePublisherRestAPITestCase"/>
        <method signature="org.wso2.am.integration.tests.publisher.APIM574ChangeTheStatusOfAnAPIToPrototypedThroughThePublisherRestAPITestCase.testChangeTheStatusOfTheAPIToDeprecated()" name="testChangeTheStatusOfTheAPIToDeprecated" class="org.wso2.am.integration.tests.publisher.APIM574ChangeTheStatusOfAnAPIToPrototypedThroughThePublisherRestAPITestCase"/>
        <method signature="org.wso2.am.integration.tests.publisher.APIM574ChangeTheStatusOfAnAPIToPrototypedThroughThePublisherRestAPITestCase.testChangeTheStatusOfTheAPIToRetired()" name="testChangeTheStatusOfTheAPIToRetired" class="org.wso2.am.integration.tests.publisher.APIM574ChangeTheStatusOfAnAPIToPrototypedThroughThePublisherRestAPITestCase"/>
        <method signature="org.wso2.am.integration.tests.publisher.APIM611AddDocumentationToAnAPIWithDocTypeHowToThroughPublisherRestAPITestCase.testAddDocumentToAnAPIHowToInline()" name="testAddDocumentToAnAPIHowToInline" class="org.wso2.am.integration.tests.publisher.APIM611AddDocumentationToAnAPIWithDocTypeHowToThroughPublisherRestAPITestCase"/>
        <method signature="org.wso2.am.integration.tests.publisher.APIM611AddDocumentationToAnAPIWithDocTypeHowToThroughPublisherRestAPITestCase.testAddDocumentToAnAPIHowToUrl()" name="testAddDocumentToAnAPIHowToUrl" class="org.wso2.am.integration.tests.publisher.APIM611AddDocumentationToAnAPIWithDocTypeHowToThroughPublisherRestAPITestCase"/>
        <method signature="org.wso2.am.integration.tests.publisher.APIM614AddDocumentationToAnAPIWithDocTypeSampleAndSDKThroughPublisherRestAPITestCase.testApiCreation()" name="testApiCreation" class="org.wso2.am.integration.tests.publisher.APIM614AddDocumentationToAnAPIWithDocTypeSampleAndSDKThroughPublisherRestAPITestCase"/>
        <method signature="org.wso2.am.integration.tests.publisher.APIM614AddDocumentationToAnAPIWithDocTypeSampleAndSDKThroughPublisherRestAPITestCase.testAddDocumentToAnAPIHowToFile()" name="testAddDocumentToAnAPIHowToFile" class="org.wso2.am.integration.tests.publisher.APIM614AddDocumentationToAnAPIWithDocTypeSampleAndSDKThroughPublisherRestAPITestCase"/>
        <method signature="org.wso2.am.integration.tests.publisher.APIM614AddDocumentationToAnAPIWithDocTypeSampleAndSDKThroughPublisherRestAPITestCase.testAddDocumentToAnAPISDKToFile()" name="testAddDocumentToAnAPISDKToFile" class="org.wso2.am.integration.tests.publisher.APIM614AddDocumentationToAnAPIWithDocTypeSampleAndSDKThroughPublisherRestAPITestCase"/>
        <method signature="org.wso2.am.integration.tests.publisher.APIM614AddDocumentationToAnAPIWithDocTypeSampleAndSDKThroughPublisherRestAPITestCase.testAddDocumentToAnAPIPublicToFile()" name="testAddDocumentToAnAPIPublicToFile" class="org.wso2.am.integration.tests.publisher.APIM614AddDocumentationToAnAPIWithDocTypeSampleAndSDKThroughPublisherRestAPITestCase"/>
        <method signature="org.wso2.am.integration.tests.publisher.APIM614AddDocumentationToAnAPIWithDocTypeSampleAndSDKThroughPublisherRestAPITestCase.testAddDocumentToAnAPISupportToFile()" name="testAddDocumentToAnAPISupportToFile" class="org.wso2.am.integration.tests.publisher.APIM614AddDocumentationToAnAPIWithDocTypeSampleAndSDKThroughPublisherRestAPITestCase"/>
        <method signature="org.wso2.am.integration.tests.publisher.APIM614AddDocumentationToAnAPIWithDocTypeSampleAndSDKThroughPublisherRestAPITestCase.testAddDocumentToAnAPIOtherFile()" name="testAddDocumentToAnAPIOtherFile" class="org.wso2.am.integration.tests.publisher.APIM614AddDocumentationToAnAPIWithDocTypeSampleAndSDKThroughPublisherRestAPITestCase"/>
        <method signature="org.wso2.am.integration.tests.publisher.APIM620AddDocumentationToAnAPIWithDocTypeSampleAndSDKThroughPublisherRestAPITestCase.testAddDocumentToAnAPISDKInline()" name="testAddDocumentToAnAPISDKInline" class="org.wso2.am.integration.tests.publisher.APIM620AddDocumentationToAnAPIWithDocTypeSampleAndSDKThroughPublisherRestAPITestCase"/>
        <method signature="org.wso2.am.integration.tests.publisher.APIM620AddDocumentationToAnAPIWithDocTypeSampleAndSDKThroughPublisherRestAPITestCase.testAddDocumentToAnAPISDKUrl()" name="testAddDocumentToAnAPISDKUrl" class="org.wso2.am.integration.tests.publisher.APIM620AddDocumentationToAnAPIWithDocTypeSampleAndSDKThroughPublisherRestAPITestCase"/>
        <method signature="org.wso2.am.integration.tests.publisher.APIM623AddDocumentationToAnAPIWithDocTypePublicForumThroughPublisherRestAPITestCase.testAddDocumentToAnAPIPublicInline()" name="testAddDocumentToAnAPIPublicInline" class="org.wso2.am.integration.tests.publisher.APIM623AddDocumentationToAnAPIWithDocTypePublicForumThroughPublisherRestAPITestCase"/>
        <method signature="org.wso2.am.integration.tests.publisher.APIM625AddDocumentationToAnAPIWithDocTypeSupportForumThroughPublisherRestAPITestCase.testAddDocumentToAnAPISupportInline()" name="testAddDocumentToAnAPISupportInline" class="org.wso2.am.integration.tests.publisher.APIM625AddDocumentationToAnAPIWithDocTypeSupportForumThroughPublisherRestAPITestCase"/>
        <method signature="org.wso2.am.integration.tests.publisher.APIM627AddDocumentationToAnAPIWithDocTypeOtherThroughPublisherRestAPITestCase.testAddDocumentToAnAPIOtherInline()" name="testAddDocumentToAnAPIOtherInline" class="org.wso2.am.integration.tests.publisher.APIM627AddDocumentationToAnAPIWithDocTypeOtherThroughPublisherRestAPITestCase"/>
        <method signature="org.wso2.am.integration.tests.publisher.APIM627AddDocumentationToAnAPIWithDocTypeOtherThroughPublisherRestAPITestCase.testAddDocumentToAnAPIOtherUrl()" name="testAddDocumentToAnAPIOtherUrl" class="org.wso2.am.integration.tests.publisher.APIM627AddDocumentationToAnAPIWithDocTypeOtherThroughPublisherRestAPITestCase"/>
        <method signature="org.wso2.am.integration.tests.publisher.APIM627AddDocumentationToAnAPIWithDocTypeOtherThroughPublisherRestAPITestCase.testRemoveDocumentationOtherTheAPI()" name="testRemoveDocumentationOtherTheAPI" class="org.wso2.am.integration.tests.publisher.APIM627AddDocumentationToAnAPIWithDocTypeOtherThroughPublisherRestAPITestCase"/>
        <method signature="org.wso2.am.integration.tests.publisher.APIM634GetAllTheThrottlingTiersFromThePublisherRestAPITestCase.testGetAllTheThrottlingTiers()" name="testGetAllTheThrottlingTiers" class="org.wso2.am.integration.tests.publisher.APIM634GetAllTheThrottlingTiersFromThePublisherRestAPITestCase"/>
        <method signature="org.wso2.am.integration.tests.publisher.APIM638ValidateTheRoleOfAnExistingUserThroughThePublisherRestAPITestCase.testValidateTheRoleOfAnExistingUser()" name="testValidateTheRoleOfAnExistingUser" class="org.wso2.am.integration.tests.publisher.APIM638ValidateTheRoleOfAnExistingUserThroughThePublisherRestAPITestCase"/>
        <method signature="org.wso2.am.integration.tests.publisher.APIM638ValidateTheRoleOfAnExistingUserThroughThePublisherRestAPITestCase.testValidateTheRoleOfAnNonExistingUser()" name="testValidateTheRoleOfAnNonExistingUser" class="org.wso2.am.integration.tests.publisher.APIM638ValidateTheRoleOfAnExistingUserThroughThePublisherRestAPITestCase"/>
        <method signature="org.wso2.am.integration.tests.publisher.APIResourceWithTemplateTestCase.testAPIwithResourceTemplateForAPI()" name="testAPIwithResourceTemplateForAPI" class="org.wso2.am.integration.tests.publisher.APIResourceWithTemplateTestCase"/>
        <method signature="org.wso2.am.integration.tests.publisher.APIResourceWithTemplateTestCase.testAPIwithResourceTemplateForDefaultAPI()" name="testAPIwithResourceTemplateForDefaultAPI" class="org.wso2.am.integration.tests.publisher.APIResourceWithTemplateTestCase"/>
        <method signature="org.wso2.am.integration.tests.publisher.APIResourceWithTemplateTestCase.testUriEncodingInTemplate()" name="testUriEncodingInTemplate" class="org.wso2.am.integration.tests.publisher.APIResourceWithTemplateTestCase"/>
        <method signature="org.wso2.am.integration.tests.rest.DocAPIParameterTamperingTest.testParameterTampaeredResponseOfDocAPI()" name="testParameterTampaeredResponseOfDocAPI" class="org.wso2.am.integration.tests.rest.DocAPIParameterTamperingTest"/>
        <method signature="org.wso2.am.integration.tests.publisher.APIMANAGER5834APICreationWithInvalidInputsTestCase.testAPICreationWithInvalidContext()" name="testAPICreationWithInvalidContext" class="org.wso2.am.integration.tests.publisher.APIMANAGER5834APICreationWithInvalidInputsTestCase"/>
        <method signature="org.wso2.am.integration.tests.api.sdk.SDKGenerationTestCase.testSDKGeneration()" name="testSDKGeneration" class="org.wso2.am.integration.tests.api.sdk.SDKGenerationTestCase"/>
        <method signature="org.wso2.am.integration.tests.api.sdk.SDKGenerationTestCase.testSDKGenerationForPrivateAPIs()" name="testSDKGenerationForPrivateAPIs" class="org.wso2.am.integration.tests.api.sdk.SDKGenerationTestCase"/>
        <method signature="org.wso2.am.integration.tests.application.APIMANAGER3706ApplicationUpdateTestCase.testApplicationCreation()" name="testApplicationCreation" class="org.wso2.am.integration.tests.application.APIMANAGER3706ApplicationUpdateTestCase"/>
[...]
	at org.testng.internal.Invoker.invokeMethod(Invoker.java:673)
	at org.testng.internal.Invoker.invokeTestMethod(Invoker.java:842)
	at org.testng.internal.Invoker.invokeTestMethods(Invoker.java:1166)
	at org.testng.internal.TestMethodWorker.invokeTestMethods(TestMethodWorker.java:125)
	at org.testng.internal.TestMethodWorker.run(TestMethodWorker.java:109)
	at org.testng.TestRunner.runWorkers(TestRunner.java:1178)
	at org.testng.TestRunner.privateRun(TestRunner.java:757)
	at org.testng.TestRunner.run(TestRunner.java:608)
	at org.testng.SuiteRunner.runTest(SuiteRunner.java:334)
	at org.testng.SuiteRunner.runSequentially(SuiteRunner.java:329)
	at org.testng.SuiteRunner.privateRun(SuiteRunner.java:291)
	at org.testng.SuiteRunner.run(SuiteRunner.java:240)
	at org.testng.SuiteRunnerWorker.runSuite(SuiteRunnerWorker.java:52)
	at org.testng.SuiteRunnerWorker.run(SuiteRunnerWorker.java:86)
	at org.testng.TestNG.runSuitesSequentially(TestNG.java:1158)
	at org.testng.TestNG.runSuitesLocally(TestNG.java:1083)
	at org.testng.TestNG.run(TestNG.java:999)
	at org.apache.maven.surefire.testng.TestNGExecutor.run(TestNGExecutor.java:295)
	at org.apache.maven.surefire.testng.TestNGXmlTestSuite.execute(TestNGXmlTestSuite.java:84)
	at org.apache.maven.surefire.testng.TestNGProvider.invoke(TestNGProvider.java:90)
	at org.apache.maven.surefire.booter.ForkedBooter.invokeProviderInSameClassLoader(ForkedBooter.java:203)
	at org.apache.maven.surefire.booter.ForkedBooter.runSuitesInProcess(ForkedBooter.java:155)
	at org.apache.maven.surefire.booter.ForkedBooter.main(ForkedBooter.java:103)
]]>
            </full-stacktrace>
          </exception>
        </test-method>
        <test-method status="PASS" signature="destroy()" name="destroy" is-config="true" duration-ms="444" started-at="2018-11-05T08:16:30Z" finished-at="2018-11-05T08:16:30Z">
        </test-method>
        <test-method status="PASS" signature="setEnvironment()" name="setEnvironment" is-config="true" duration-ms="1467" started-at="2018-11-05T08:16:30Z" finished-at="2018-11-05T08:16:32Z">
        </test-method>
        <test-method status="PASS" signature="nullPointerAfterTimeoutTest()" name="nullPointerAfterTimeoutTest" duration-ms="80082" started-at="2018-11-05T08:16:32Z" description="Test for NPE after timeout" finished-at="2018-11-05T08:17:52Z">
          <exception class="org.apache.http.NoHttpResponseException">
            <message>
              <![CDATA[The target server failed to respond]]>
            </message>
            <full-stacktrace>
              <![CDATA[org.apache.http.NoHttpResponseException: The target server failed to respond
	at org.apache.http.impl.conn.DefaultHttpResponseParser.parseHead(DefaultHttpResponseParser.java:143)
	at org.apache.http.impl.conn.DefaultHttpResponseParser.parseHead(DefaultHttpResponseParser.java:57)
	at org.apache.http.impl.io.AbstractMessageParser.parse(AbstractMessageParser.java:260)
	at org.apache.http.impl.AbstractHttpClientConnection.receiveResponseHeader(AbstractHttpClientConnection.java:283)
	at org.apache.http.impl.conn.DefaultClientConnection.receiveResponseHeader(DefaultClientConnection.java:251)
	at org.apache.http.impl.conn.ManagedClientConnectionImpl.receiveResponseHeader(ManagedClientConnectionImpl.java:197)
	at org.apache.http.protocol.HttpRequestExecutor.doReceiveResponse(HttpRequestExecutor.java:271)
	at org.apache.http.protocol.HttpRequestExecutor.execute(HttpRequestExecutor.java:123)
	at org.apache.http.impl.client.DefaultRequestDirector.tryExecute(DefaultRequestDirector.java:682)
	at org.apache.http.impl.client.DefaultRequestDirector.execute(DefaultRequestDirector.java:486)
	at org.apache.http.impl.client.AbstractHttpClient.doExecute(AbstractHttpClient.java:863)
	at org.apache.http.impl.client.CloseableHttpClient.execute(CloseableHttpClient.java:82)
	at org.apache.http.impl.client.CloseableHttpClient.execute(CloseableHttpClient.java:106)
	at org.apache.http.impl.client.CloseableHttpClient.execute(CloseableHttpClient.java:57)
	at org.wso2.am.integration.tests.other.APIM4312NPEAfterRequestTimeoutTestCase.nullPointerAfterTimeoutTest(APIM4312NPEAfterRequestTimeoutTestCase.java:99)
	at sun.reflect.NativeMethodAccessorImpl.invoke0(Native Method)
	at sun.reflect.NativeMethodAccessorImpl.invoke(NativeMethodAccessorImpl.java:62)
	at sun.reflect.DelegatingMethodAccessorImpl.invoke(DelegatingMethodAccessorImpl.java:43)
	at java.lang.reflect.Method.invoke(Method.java:498)
	at org.testng.internal.MethodInvocationHelper.invokeMethod(MethodInvocationHelper.java:80)
	at org.testng.internal.Invoker.invokeMethod(Invoker.java:673)
	at org.testng.internal.Invoker.invokeTestMethod(Invoker.java:842)
	at org.testng.internal.Invoker.invokeTestMethods(Invoker.java:1166)
	at org.testng.internal.TestMethodWorker.invokeTestMethods(TestMethodWorker.java:125)
	at org.testng.internal.TestMethodWorker.run(TestMethodWorker.java:109)
	at org.testng.TestRunner.runWorkers(TestRunner.java:1178)
	at org.testng.TestRunner.privateRun(TestRunner.java:757)
	at org.testng.TestRunner.run(TestRunner.java:608)
	at org.testng.SuiteRunner.runTest(SuiteRunner.java:334)
	at org.testng.SuiteRunner.runSequentially(SuiteRunner.java:329)
	at org.testng.SuiteRunner.privateRun(SuiteRunner.java:291)
	at org.testng.SuiteRunner.run(SuiteRunner.java:240)
	at org.testng.SuiteRunnerWorker.runSuite(SuiteRunnerWorker.java:52)
	at org.testng.SuiteRunnerWorker.run(SuiteRunnerWorker.java:86)
	at org.testng.TestNG.runSuitesSequentially(TestNG.java:1158)
	at org.testng.TestNG.runSuitesLocally(TestNG.java:1083)
	at org.testng.TestNG.run(TestNG.java:999)
	at org.apache.maven.surefire.testng.TestNGExecutor.run(TestNGExecutor.java:295)
	at org.apache.maven.surefire.testng.TestNGXmlTestSuite.execute(TestNGXmlTestSuite.java:84)
	at org.apache.maven.surefire.testng.TestNGProvider.invoke(TestNGProvider.java:90)
	at org.apache.maven.surefire.booter.ForkedBooter.invokeProviderInSameClassLoader(ForkedBooter.java:203)
	at org.apache.maven.surefire.booter.ForkedBooter.runSuitesInProcess(ForkedBooter.java:155)
	at org.apache.maven.surefire.booter.ForkedBooter.main(ForkedBooter.java:103)
]]>
            </full-stacktrace>
          </exception>
        </test-method>
        <test-method status="PASS" signature="destroy()" name="destroy" is-config="true" duration-ms="200" started-at="2018-11-05T08:17:52Z" finished-at="2018-11-05T08:17:52Z">
        </test-method>
      </class>
      <class name="org.wso2.am.integration.tests.other.TokenEncryptionScopeTestCase">
        <test-method status="PASS" signature="setEnvironment()" name="setEnvironment" is-config="true" duration-ms="430" started-at="2018-11-05T08:14:49Z" finished-at="2018-11-05T08:14:50Z">
        </test-method>
        <test-method status="PASS" signature="testTokenEncryptionWithScopes()" name="testTokenEncryptionWithScopes" duration-ms="7282" started-at="2018-11-05T08:14:50Z" description="Check if Scopes work fine with token encryption enabled." finished-at="2018-11-05T08:14:57Z">
        </test-method>
        <test-method status="PASS" signature="destroy()" name="destroy" is-config="true" duration-ms="4553" started-at="2018-11-05T08:14:57Z" finished-at="2018-11-05T08:15:01Z">
        </test-method>
      </class>
      <class name="org.wso2.am.integration.tests.json.ESBJAVA3380TestCase">
        <test-method status="PASS" signature="setEnvironment()" name="setEnvironment" is-config="true" duration-ms="1501" started-at="2018-11-05T08:14:43Z" finished-at="2018-11-05T08:14:44Z">
        </test-method>
        <test-method status="PASS" signature="jsonToXmlTestCase()" name="jsonToXmlTestCase" duration-ms="90" started-at="2018-11-05T08:14:44Z" description="Json to XML Test other" finished-at="2018-11-05T08:14:44Z">
        </test-method>
        <test-method status="PASS" signature="destroy()" name="destroy" is-config="true" duration-ms="538" started-at="2018-11-05T08:14:44Z" finished-at="2018-11-05T08:14:45Z">
        </test-method>
        <test-method status="PASS" signature="setEnvironment()" name="setEnvironment" is-config="true" duration-ms="3282" started-at="2018-11-05T08:14:45Z" finished-at="2018-11-05T08:14:48Z">
        </test-method>
        <test-method status="PASS" signature="jsonToXmlTestCase()" name="jsonToXmlTestCase" duration-ms="31" started-at="2018-11-05T08:14:48Z" description="Json to XML Test other" finished-at="2018-11-05T08:14:48Z">
        </test-method>
        <test-method status="PASS" signature="destroy()" name="destroy" is-config="true" duration-ms="922" started-at="2018-11-05T08:14:48Z" finished-at="2018-11-05T08:14:49Z">
        </test-method>
      </class>
      <class name="org.wso2.am.integration.tests.other.GIT2231HeadRequestNPEErrorTestCase">
        <test-method status="PASS" signature="setEnvironment()" name="setEnvironment" is-config="true" duration-ms="1333" started-at="2018-11-05T08:17:52Z" finished-at="2018-11-05T08:17:54Z">
        </test-method>
        <test-method status="PASS" signature="testAPIWithLocationHeader()" name="testAPIWithLocationHeader" duration-ms="34" started-at="2018-11-05T08:17:54Z" description="Check whether the Location header is correct" finished-at="2018-11-05T08:17:54Z">
        </test-method>
        <test-method status="PASS" signature="destroy()" name="destroy" is-config="true" duration-ms="283" started-at="2018-11-05T08:17:54Z" finished-at="2018-11-05T08:17:54Z">
        </test-method>
      </class>
      <class name="org.wso2.am.integration.tests.other.NotificationTestCase">
        <test-method status="PASS" signature="setEnvironment()" name="setEnvironment" is-config="true" duration-ms="328" started-at="2018-11-05T08:14:29Z" finished-at="2018-11-05T08:14:29Z">
        </test-method>
        <test-method status="PASS" signature="notificationTestCase()" name="notificationTestCase" duration-ms="10210" started-at="2018-11-05T08:14:29Z" description="Testing Notification Feature" finished-at="2018-11-05T08:14:40Z">
        </test-method>
        <test-method status="PASS" signature="destroy()" name="destroy" is-config="true" duration-ms="3254" started-at="2018-11-05T08:14:40Z" finished-at="2018-11-05T08:14:43Z">
        </test-method>
      </class>
      <class name="org.wso2.am.integration.tests.other.APIStateChangeWorkflowTestCase">
        <test-method status="PASS" signature="setEnvironment()" name="setEnvironment" is-config="true" duration-ms="13131" started-at="2018-11-05T08:13:59Z" finished-at="2018-11-05T08:14:12Z">
        </test-method>
        <test-method status="PASS" signature="testAPIStateChangeAndApproveWorkflow()" name="testAPIStateChangeAndApproveWorkflow" duration-ms="12595" started-at="2018-11-05T08:14:12Z" description="Test api state change approval process" finished-at="2018-11-05T08:14:25Z">
        </test-method>
        <test-method status="PASS" signature="testAPIStateChangeAndRejectWorkflow()" name="testAPIStateChangeAndRejectWorkflow" duration-ms="1305" started-at="2018-11-05T08:14:25Z" description="check API state change reject process" depends-on-methods="org.wso2.am.integration.tests.other.APIStateChangeWorkflowTestCase.testAPIStateChangeAndApproveWorkflow" finished-at="2018-11-05T08:14:26Z">
        </test-method>
        <test-method status="PASS" signature="testWorkflowCallbackRestAPI()" name="testWorkflowCallbackRestAPI" duration-ms="304" started-at="2018-11-05T08:14:26Z" description="check rest api for workflow statue change" depends-on-methods="org.wso2.am.integration.tests.other.APIStateChangeWorkflowTestCase.testAPIStateChangeAndRejectWorkflow" finished-at="2018-11-05T08:14:27Z">
        </test-method>
        <test-method status="PASS" signature="cleanUpArtifacts()" name="cleanUpArtifacts" is-config="true" duration-ms="2373" started-at="2018-11-05T08:14:27Z" finished-at="2018-11-05T08:14:29Z">
        </test-method>
      </class>
      <class name="org.wso2.am.integration.tests.other.APIMANAGER5843WSDLHostnameTestCase">
        <test-method status="PASS" signature="setEnvironment()" name="setEnvironment" is-config="true" duration-ms="661" started-at="2018-11-05T08:15:01Z" finished-at="2018-11-05T08:15:02Z">
        </test-method>
        <test-method status="PASS" signature="testAPICreationWithWSDL()" name="testAPICreationWithWSDL" duration-ms="2569" started-at="2018-11-05T08:15:02Z" description="API creation with wsdl" finished-at="2018-11-05T08:15:05Z">
        </test-method>
        <test-method status="PASS" signature="destroy()" name="destroy" is-config="true" duration-ms="711" started-at="2018-11-05T08:15:05Z" finished-at="2018-11-05T08:15:05Z">
        </test-method>
        <test-method status="PASS" signature="setEnvironment()" name="setEnvironment" is-config="true" duration-ms="728" started-at="2018-11-05T08:15:05Z" finished-at="2018-11-05T08:15:06Z">
        </test-method>
        <test-method status="PASS" signature="testAPICreationWithWSDL()" name="testAPICreationWithWSDL" duration-ms="1382" started-at="2018-11-05T08:15:06Z" description="API creation with wsdl" finished-at="2018-11-05T08:15:08Z">
        </test-method>
        <test-method status="PASS" signature="destroy()" name="destroy" is-config="true" duration-ms="868" started-at="2018-11-05T08:15:08Z" finished-at="2018-11-05T08:15:08Z">
        </test-method>
      </class>
      <class name="org.wso2.am.integration.tests.other.AdvancedConfigDeploymentConfig">
        <test-method status="PASS" signature="startServerWithMultipleConfigs()" name="startServerWithMultipleConfigs" is-config="true" duration-ms="126148" started-at="2018-11-05T08:11:53Z" finished-at="2018-11-05T08:13:59Z">
        </test-method>
        <test-method status="PASS" signature="restoreConfigs()" name="restoreConfigs" is-config="true" duration-ms="120" started-at="2018-11-05T08:17:54Z" finished-at="2018-11-05T08:17:54Z">
        </test-method>
      </class>
    </test>
  </suite>
  <suite name="apim-automation-tests-suite-1" duration-ms="49393" started-at="2018-11-05T06:41:22Z" finished-at="2018-11-05T06:42:12Z">
    <groups>
      <group name="wso2.all">
        <method signature="org.wso2.am.integration.tests.server.mgt.APIMgtServerStartupTestCase.testVerifyLogs()" name="testVerifyLogs" class="org.wso2.am.integration.tests.server.mgt.APIMgtServerStartupTestCase"/>
        <method signature="org.wso2.am.integration.tests.server.mgt.OSGIServerBundleStatusTestCase.testOSGIUnsatisfiedComponents()" name="testOSGIUnsatisfiedComponents" class="org.wso2.am.integration.tests.server.mgt.OSGIServerBundleStatusTestCase"/>
      </group>
      <group name="wso2.am">
        <method signature="org.wso2.am.integration.tests.login.LoginValidationTestCase.testInvalidLoginAsPublisherTestCase()" name="testInvalidLoginAsPublisherTestCase" class="org.wso2.am.integration.tests.login.LoginValidationTestCase"/>
        <method signature="org.wso2.am.integration.tests.login.LoginValidationTestCase.testInvalidLoginAsSubscriberTestCase()" name="testInvalidLoginAsSubscriberTestCase" class="org.wso2.am.integration.tests.login.LoginValidationTestCase"/>
        <method signature="org.wso2.am.integration.tests.login.LoginValidationTestCase.testLoginToStoreTestCase()" name="testLoginToStoreTestCase" class="org.wso2.am.integration.tests.login.LoginValidationTestCase"/>
      </group>
    </groups>
    <test name="apim-startup-tests" duration-ms="20945" started-at="2018-11-05T06:41:51Z" finished-at="2018-11-05T06:42:12Z">
      <class name="org.wso2.am.integration.tests.server.mgt.APIMgtServerStartupTestCase">
        <test-method status="PASS" signature="setEnvironment()" name="setEnvironment" is-config="true" duration-ms="127" started-at="2018-11-05T06:41:22Z" finished-at="2018-11-05T06:41:22Z">
        </test-method>
        <test-method status="PASS" signature="testVerifyLogs()" name="testVerifyLogs" duration-ms="2845" started-at="2018-11-05T06:41:51Z" description="verify server startup errors" finished-at="2018-11-05T06:41:54Z">
        </test-method>
      </class>
      <class name="org.wso2.am.integration.tests.server.mgt.OSGIServerBundleStatusTestCase">
        <test-method status="PASS" signature="testOSGIUnsatisfiedComponents()" name="testOSGIUnsatisfiedComponents" duration-ms="10169" started-at="2018-11-05T06:41:54Z" description="Identifying and storing unsatisfied OSGI components" finished-at="2018-11-05T06:42:04Z">
        </test-method>
        <test-method status="PASS" signature="disconnectFromOSGiConsole()" name="disconnectFromOSGiConsole" is-config="true" duration-ms="1" started-at="2018-11-05T06:42:04Z" finished-at="2018-11-05T06:42:04Z">
        </test-method>
      </class>
      <class name="org.wso2.am.integration.tests.login.LoginValidationTestCase">
        <test-method status="PASS" signature="setEnvironment()" name="setEnvironment" is-config="true" duration-ms="660" started-at="2018-11-05T06:42:04Z" finished-at="2018-11-05T06:42:04Z">
        </test-method>
        <test-method status="PASS" signature="testInvalidLoginAsPublisherTestCase()" name="testInvalidLoginAsPublisherTestCase" duration-ms="760" started-at="2018-11-05T06:42:04Z" description="Login as invalid user to publisher" finished-at="2018-11-05T06:42:05Z">
        </test-method>
        <test-method status="PASS" signature="setEnvironment()" name="setEnvironment" is-config="true" duration-ms="454" started-at="2018-11-05T06:42:05Z" finished-at="2018-11-05T06:42:06Z">
        </test-method>
        <test-method status="PASS" signature="testInvalidLoginAsPublisherTestCase()" name="testInvalidLoginAsPublisherTestCase" duration-ms="92" started-at="2018-11-05T06:42:06Z" description="Login as invalid user to publisher" finished-at="2018-11-05T06:42:06Z">
        </test-method>
        <test-method status="PASS" signature="testInvalidLoginAsSubscriberTestCase()" name="testInvalidLoginAsSubscriberTestCase" duration-ms="433" started-at="2018-11-05T06:42:06Z" description="Login to publisher as subscriber user" finished-at="2018-11-05T06:42:06Z">
        </test-method>
        <test-method status="PASS" signature="testInvalidLoginAsSubscriberTestCase()" name="testInvalidLoginAsSubscriberTestCase" duration-ms="242" started-at="2018-11-05T06:42:06Z" description="Login to publisher as subscriber user" finished-at="2018-11-05T06:42:06Z">
        </test-method>
        <test-method status="PASS" signature="testLoginToStoreTestCase()" name="testLoginToStoreTestCase" duration-ms="1846" started-at="2018-11-05T06:42:06Z" description="Login to API store test scenario" finished-at="2018-11-05T06:42:08Z">
        </test-method>
        <test-method status="PASS" signature="destroy()" name="destroy" is-config="true" duration-ms="1342" started-at="2018-11-05T06:42:08Z" finished-at="2018-11-05T06:42:10Z">
        </test-method>
        <test-method status="PASS" signature="testLoginToStoreTestCase()" name="testLoginToStoreTestCase" duration-ms="1407" started-at="2018-11-05T06:42:10Z" description="Login to API store test scenario" finished-at="2018-11-05T06:42:11Z">
        </test-method>
        <test-method status="PASS" signature="destroy()" name="destroy" is-config="true" duration-ms="679" started-at="2018-11-05T06:42:11Z" finished-at="2018-11-05T06:42:12Z">
        </test-method>
      </class>
    </test>
    <test name="apim-common-tests" duration-ms="28414" started-at="2018-11-05T06:41:22Z" finished-at="2018-11-05T06:41:51Z">
      <class name="org.wso2.am.integration.tests.api.lifecycle.APIManagerConfigurationChangeTest">
        <test-method status="PASS" signature="startDeployingWebAPPs()" name="startDeployingWebAPPs" is-config="true" duration-ms="27743" started-at="2018-11-05T06:41:22Z" finished-at="2018-11-05T06:41:50Z">
        </test-method>
        <test-method status="PASS" signature="unDeployWebApps()" name="unDeployWebApps" is-config="true" duration-ms="666" started-at="2018-11-05T06:41:50Z" finished-at="2018-11-05T06:41:51Z">
        </test-method>
      </class>
    </test>
  </suite>
</testng-results>
