<?xml version="1.0" encoding="UTF-8"?>
<testsuite hostname="ip-172-31-31-95.ec2.internal" name="org.wso2.am.integration.tests.login.LoginValidationTestCase" tests="8" failures="0" timestamp="5 Nov 2018 06:42:12 GMT" time="20.945" errors="0">
  <testcase name="testVerifyLogs" time="2.845" classname="org.wso2.am.integration.tests.server.mgt.APIMgtServerStartupTestCase"/>
  <testcase name="testOSGIUnsatisfiedComponents" time="10.169" classname="org.wso2.am.integration.tests.server.mgt.OSGIServerBundleStatusTestCase"/>
  <testcase name="testInvalidLoginAsPublisherTestCase" time="0.76" classname="org.wso2.am.integration.tests.login.LoginValidationTestCase"/>
  <testcase name="testInvalidLoginAsPublisherTestCase" time="0.092" classname="org.wso2.am.integration.tests.login.LoginValidationTestCase"/>
  <testcase name="testInvalidLoginAsSubscriberTestCase" time="0.433" classname="org.wso2.am.integration.tests.login.LoginValidationTestCase"/>
  <testcase name="testInvalidLoginAsSubscriberTestCase" time="0.242" classname="org.wso2.am.integration.tests.login.LoginValidationTestCase"/>
  <testcase name="testLoginToStoreTestCase" time="1.846" classname="org.wso2.am.integration.tests.login.LoginValidationTestCase"/>
  <testcase name="testLoginToStoreTestCase" time="1.407" classname="org.wso2.am.integration.tests.login.LoginValidationTestCase"/>
</testsuite>
