<?xml version="1.0" encoding="UTF-8"?>
<testsuite hostname="ip-172-31-31-95.ec2.internal" name="org.wso2.am.integration.tests.api.lifecycle.AddEditRemoveRESTResourceTestCase" tests="9" failures="0" timestamp="5 Nov 2018 06:43:46 GMT" time="94.217" errors="0">
  <testcase name="testInvokeGETResource" time="2.375" classname="org.wso2.am.integration.tests.api.lifecycle.AddEditRemoveRESTResourceTestCase"/>
  <testcase name="testInvokePOSTResourceBeforeAddingPOSTResource" time="0.031" classname="org.wso2.am.integration.tests.api.lifecycle.AddEditRemoveRESTResourceTestCase"/>
  <testcase name="testInvokePOSTAndGETResourceAfterAddingPOSTResource" time="17.056" classname="org.wso2.am.integration.tests.api.lifecycle.AddEditRemoveRESTResourceTestCase"/>
  <testcase name="testInvokePOSTAndGetResourceAfterAddingURLPattern" time="18.867" classname="org.wso2.am.integration.tests.api.lifecycle.AddEditRemoveRESTResourceTestCase"/>
  <testcase name="testInvokeGETAndPOSTResourceAfterRemovePOSTResource" time="16.841" classname="org.wso2.am.integration.tests.api.lifecycle.AddEditRemoveRESTResourceTestCase"/>
  <testcase name="testPluggableVersioningStratergy" time="0.026" classname="org.wso2.am.integration.tests.api.lifecycle.PluggableVersioningStrategyTestCase"/>
  <testcase name="testAPIInvocationBeforeChangeTheEndPointURL" time="0.029" classname="org.wso2.am.integration.tests.api.lifecycle.ChangeAPIEndPointURLTestCase"/>
  <testcase name="testEditEndPointURL" time="16.564" classname="org.wso2.am.integration.tests.api.lifecycle.ChangeAPIEndPointURLTestCase"/>
  <testcase name="testInvokeAPIAfterChangeAPIEndPointURLWithNewEndPointURL" time="0.144" classname="org.wso2.am.integration.tests.api.lifecycle.ChangeAPIEndPointURLTestCase"/>
</testsuite>
