<?xml version="1.0" encoding="UTF-8"?>
<testsuite hostname="ip-172-31-31-95.ec2.internal" name="org.wso2.am.integration.tests.api.lifecycle.ChangeAPITierAndTestInvokingTestCase" tests="14" failures="0" timestamp="5 Nov 2018 08:23:41 GMT" time="346.44" errors="0">
  <testcase name="testInvokingWithGoldTier" time="17.037" classname="org.wso2.am.integration.tests.api.lifecycle.ChangeAPITierAndTestInvokingTestCase"/>
  <testcase name="testInvokingAfterExpireThrottleExpireTime" time="65.044" classname="org.wso2.am.integration.tests.api.lifecycle.ChangeAPITierAndTestInvokingTestCase"/>
  <testcase name="testEditAPITierToSilver" time="17.633" classname="org.wso2.am.integration.tests.api.lifecycle.ChangeAPITierAndTestInvokingTestCase"/>
  <testcase name="testInvokingWithSilverTier" time="65.817" classname="org.wso2.am.integration.tests.api.lifecycle.ChangeAPITierAndTestInvokingTestCase"/>
  <testcase name="testAvailabilityOfTiersInPermissionPageBeforeChangeTiersXML" time="4.458" classname="org.wso2.am.integration.tests.api.lifecycle.EditTiersXMLAndVerifyInPublisherTestCase"/>
  <testcase name="testAvailabilityOfTiersInAPIManagePageBeforeChangeTiersXML" time="1.019" classname="org.wso2.am.integration.tests.api.lifecycle.EditTiersXMLAndVerifyInPublisherTestCase"/>
  <testcase name="testAvailabilityOfTiersInPermissionPageAfterChangeTiersXML" time="1.056" classname="org.wso2.am.integration.tests.api.lifecycle.EditTiersXMLAndVerifyInPublisherTestCase"/>
  <testcase name="testAvailabilityOfTiersInAPIManagePageAfterChangeTiersXML" time="0.679" classname="org.wso2.am.integration.tests.api.lifecycle.EditTiersXMLAndVerifyInPublisherTestCase"/>
  <testcase name="testSubscription" time="10.332" classname="org.wso2.am.integration.tests.restapi.testcases.SubscriptionTestCase"/>
  <testcase name="testSubscription" time="8.764" classname="org.wso2.am.integration.tests.restapi.testcases.MultipleSubscriptionsTestCase"/>
  <testcase name="testAPITags" time="4.471" classname="org.wso2.am.integration.tests.restapi.testcases.TagTestCase"/>
  <testcase name="testTiers" time="2.786" classname="org.wso2.am.integration.tests.restapi.testcases.TierTestCase"/>
  <testcase name="testAPILifecycle" time="7.389" classname="org.wso2.am.integration.tests.restapi.testcases.APILifecycleTestCase"/>
  <testcase name="testSubscription" time="5.751" classname="org.wso2.am.integration.tests.restapi.testcases.OnHoldSubscriptionWorkflowIdTestCase"/>
</testsuite>
