<?xml version="1.0" encoding="UTF-8"?>
<testsuite hostname="ip-172-31-31-95.ec2.internal" name="org.wso2.am.integration.tests.other.PublisherAccessControlTestCase" tests="81" failures="0" timestamp="5 Nov 2018 07:52:08 GMT" time="214.383" errors="0">
  <testcase name="testOpenAlreadySavedAPIAndDeployedAsAPrototyped" time="24.366" classname="org.wso2.am.integration.tests.prototype.APIM24VisibilityOfPrototypedAPIOfDifferentViewInStoreTestCase"/>
  <testcase name="testPrototypedAPIVisibilityInGeneralAPI" time="0.113" classname="org.wso2.am.integration.tests.prototype.APIM24VisibilityOfPrototypedAPIOfDifferentViewInStoreTestCase"/>
  <testcase name="testPrototypedAPIVisibilityInRecentlyAddedList" time="0.033" classname="org.wso2.am.integration.tests.prototype.APIM24VisibilityOfPrototypedAPIOfDifferentViewInStoreTestCase"/>
  <testcase name="testTagsOfPrototypedAPIVisibilityInTagList" time="0.093" classname="org.wso2.am.integration.tests.prototype.APIM24VisibilityOfPrototypedAPIOfDifferentViewInStoreTestCase"/>
  <testcase name="testCreateAnAPIThroughThePublisherRest" time="1.484" classname="org.wso2.am.integration.tests.publisher.APIM18CreateAnAPIThroughThePublisherRestAPITestCase"/>
  <testcase name="testRemoveAnAPIThroughThePublisherRest" time="0.321" classname="org.wso2.am.integration.tests.publisher.APIM18CreateAnAPIThroughThePublisherRestAPITestCase"/>
  <testcase name="testGetAllTheAPICreatedThroughThePublisherRestAPI" time="1.09" classname="org.wso2.am.integration.tests.publisher.APIM534GetAllTheAPIsCreatedThroughThePublisherRestAPITestCase"/>
  <testcase name="testGetAllTheAPICreatedThroughThePublisherRestAPI" time="1.056" classname="org.wso2.am.integration.tests.publisher.APIM534GetAllTheAPIsCreatedThroughThePublisherRestAPITestCase"/>
  <testcase name="testGetAllTheAPICreatedThroughThePublisherRestAPI" time="1.266" classname="org.wso2.am.integration.tests.publisher.APIM534GetAllTheAPIsCreatedThroughThePublisherRestAPITestCase"/>
  <testcase name="testCheckIfAnAPIExistsThroughThePublisherRestAPI" time="0.011" classname="org.wso2.am.integration.tests.publisher.APIM534GetAllTheAPIsCreatedThroughThePublisherRestAPITestCase"/>
  <testcase name="testCreateAnApiUsingValidDataAndGetThroughThePublisherRest" time="0.721" classname="org.wso2.am.integration.tests.publisher.APIM570CheckIfAnOlderVersionOfTheAPIExistsThroughThePublisherRestAPITestCase"/>
  <testcase name="testCheckIfAnOlderVersionOfTheAPIExistsThroughThePublisherRestAPI" time="1.449" classname="org.wso2.am.integration.tests.publisher.APIM570CheckIfAnOlderVersionOfTheAPIExistsThroughThePublisherRestAPITestCase"/>
  <testcase name="testCheckIfAnOlderVersionOfTheAPIExistsThroughThePublisherRestAPI" time="1.454" classname="org.wso2.am.integration.tests.publisher.APIM570CheckIfAnOlderVersionOfTheAPIExistsThroughThePublisherRestAPITestCase"/>
  <testcase name="testCreateAnAPIThroughThePublisherRest" time="0.668" classname="org.wso2.am.integration.tests.publisher.APIM574ChangeTheStatusOfAnAPIToPrototypedThroughThePublisherRestAPITestCase"/>
  <testcase name="testChangeTheStatusOfTheAPIToPrototyped" time="1.687" classname="org.wso2.am.integration.tests.publisher.APIM574ChangeTheStatusOfAnAPIToPrototypedThroughThePublisherRestAPITestCase"/>
  <testcase name="testChangeTheStatusOfTheAPIToPublished" time="1.873" classname="org.wso2.am.integration.tests.publisher.APIM574ChangeTheStatusOfAnAPIToPrototypedThroughThePublisherRestAPITestCase"/>
  <testcase name="testChangeTheStatusOfTheAPIToDeprecated" time="1.677" classname="org.wso2.am.integration.tests.publisher.APIM574ChangeTheStatusOfAnAPIToPrototypedThroughThePublisherRestAPITestCase"/>
  <testcase name="testChangeTheStatusOfTheAPIToRetired" time="1.702" classname="org.wso2.am.integration.tests.publisher.APIM574ChangeTheStatusOfAnAPIToPrototypedThroughThePublisherRestAPITestCase"/>
  <testcase name="testAddDocumentToAnAPIHowToInline" time="0.835" classname="org.wso2.am.integration.tests.publisher.APIM611AddDocumentationToAnAPIWithDocTypeHowToThroughPublisherRestAPITestCase"/>
  <testcase name="testAddDocumentToAnAPIHowToUrl" time="0.1" classname="org.wso2.am.integration.tests.publisher.APIM611AddDocumentationToAnAPIWithDocTypeHowToThroughPublisherRestAPITestCase"/>
  <testcase name="testAddDocumentToAnAPISDKInline" time="0.77" classname="org.wso2.am.integration.tests.publisher.APIM620AddDocumentationToAnAPIWithDocTypeSampleAndSDKThroughPublisherRestAPITestCase"/>
  <testcase name="testAddDocumentToAnAPISDKUrl" time="0.101" classname="org.wso2.am.integration.tests.publisher.APIM620AddDocumentationToAnAPIWithDocTypeSampleAndSDKThroughPublisherRestAPITestCase"/>
  <testcase name="testAddDocumentToAnAPIOtherInline" time="1.079" classname="org.wso2.am.integration.tests.publisher.APIM627AddDocumentationToAnAPIWithDocTypeOtherThroughPublisherRestAPITestCase"/>
  <testcase name="testAddDocumentToAnAPIOtherUrl" time="0.095" classname="org.wso2.am.integration.tests.publisher.APIM627AddDocumentationToAnAPIWithDocTypeOtherThroughPublisherRestAPITestCase"/>
  <testcase name="testRemoveDocumentationOtherTheAPI" time="0.162" classname="org.wso2.am.integration.tests.publisher.APIM627AddDocumentationToAnAPIWithDocTypeOtherThroughPublisherRestAPITestCase"/>
  <testcase name="testApiCreation" time="1.235" classname="org.wso2.am.integration.tests.publisher.APIM614AddDocumentationToAnAPIWithDocTypeSampleAndSDKThroughPublisherRestAPITestCase"/>
  <testcase name="testApiCreation" time="0.609" classname="org.wso2.am.integration.tests.publisher.APIM614AddDocumentationToAnAPIWithDocTypeSampleAndSDKThroughPublisherRestAPITestCase"/>
  <testcase name="testAddDocumentToAnAPIHowToFile" time="0.263" classname="org.wso2.am.integration.tests.publisher.APIM614AddDocumentationToAnAPIWithDocTypeSampleAndSDKThroughPublisherRestAPITestCase"/>
  <testcase name="testAddDocumentToAnAPIHowToFile" time="0.262" classname="org.wso2.am.integration.tests.publisher.APIM614AddDocumentationToAnAPIWithDocTypeSampleAndSDKThroughPublisherRestAPITestCase"/>
  <testcase name="testAddDocumentToAnAPISDKToFile" time="0.241" classname="org.wso2.am.integration.tests.publisher.APIM614AddDocumentationToAnAPIWithDocTypeSampleAndSDKThroughPublisherRestAPITestCase"/>
  <testcase name="testAddDocumentToAnAPISDKToFile" time="0.216" classname="org.wso2.am.integration.tests.publisher.APIM614AddDocumentationToAnAPIWithDocTypeSampleAndSDKThroughPublisherRestAPITestCase"/>
  <testcase name="testAddDocumentToAnAPIPublicToFile" time="0.222" classname="org.wso2.am.integration.tests.publisher.APIM614AddDocumentationToAnAPIWithDocTypeSampleAndSDKThroughPublisherRestAPITestCase"/>
  <testcase name="testAddDocumentToAnAPIPublicToFile" time="0.215" classname="org.wso2.am.integration.tests.publisher.APIM614AddDocumentationToAnAPIWithDocTypeSampleAndSDKThroughPublisherRestAPITestCase"/>
  <testcase name="testAddDocumentToAnAPISupportToFile" time="0.431" classname="org.wso2.am.integration.tests.publisher.APIM614AddDocumentationToAnAPIWithDocTypeSampleAndSDKThroughPublisherRestAPITestCase"/>
  <testcase name="testAddDocumentToAnAPISupportToFile" time="0.245" classname="org.wso2.am.integration.tests.publisher.APIM614AddDocumentationToAnAPIWithDocTypeSampleAndSDKThroughPublisherRestAPITestCase"/>
  <testcase name="testAddDocumentToAnAPIOtherFile" time="0.274" classname="org.wso2.am.integration.tests.publisher.APIM614AddDocumentationToAnAPIWithDocTypeSampleAndSDKThroughPublisherRestAPITestCase"/>
  <testcase name="testAddDocumentToAnAPIOtherFile" time="0.216" classname="org.wso2.am.integration.tests.publisher.APIM614AddDocumentationToAnAPIWithDocTypeSampleAndSDKThroughPublisherRestAPITestCase"/>
  <testcase name="testVisibilityInPrototypedAPI" time="19.304" classname="org.wso2.am.integration.tests.prototype.APIM23VisibilityOfPrototypedAPIInStoreTestCase"/>
  <testcase name="testInvalidStoreLogin" time="0.053" classname="org.wso2.am.integration.tests.publisher.APIM16LoginToTheAPIPublisherThroughThePublisherRestAPITestCase"/>
  <testcase name="testInvalidStoreLogin" time="0.053" classname="org.wso2.am.integration.tests.publisher.APIM16LoginToTheAPIPublisherThroughThePublisherRestAPITestCase"/>
  <testcase name="testInvalidStoreLogin" time="0.048" classname="org.wso2.am.integration.tests.publisher.APIM16LoginToTheAPIPublisherThroughThePublisherRestAPITestCase"/>
  <testcase name="testInvalidStoreLogin" time="0.046" classname="org.wso2.am.integration.tests.publisher.APIM16LoginToTheAPIPublisherThroughThePublisherRestAPITestCase"/>
  <testcase name="testInvalidStoreLogin" time="0.046" classname="org.wso2.am.integration.tests.publisher.APIM16LoginToTheAPIPublisherThroughThePublisherRestAPITestCase"/>
  <testcase name="testInvalidStoreLogin" time="0.047" classname="org.wso2.am.integration.tests.publisher.APIM16LoginToTheAPIPublisherThroughThePublisherRestAPITestCase"/>
  <testcase name="testPublisherLoginAndLogoutForValidCredentials" time="0.122" classname="org.wso2.am.integration.tests.publisher.APIM16LoginToTheAPIPublisherThroughThePublisherRestAPITestCase"/>
  <testcase name="testPublisherLoginAndLogoutForValidCredentials" time="0.147" classname="org.wso2.am.integration.tests.publisher.APIM16LoginToTheAPIPublisherThroughThePublisherRestAPITestCase"/>
  <testcase name="testPublisherLoginAndLogoutForValidCredentials" time="0.336" classname="org.wso2.am.integration.tests.publisher.APIM16LoginToTheAPIPublisherThroughThePublisherRestAPITestCase"/>
  <testcase name="testPublisherLoginAndLogoutForValidCredentials" time="0.171" classname="org.wso2.am.integration.tests.publisher.APIM16LoginToTheAPIPublisherThroughThePublisherRestAPITestCase"/>
  <testcase name="testAPICreationWithInvalidContext" time="0.015" classname="org.wso2.am.integration.tests.publisher.APIMANAGER5834APICreationWithInvalidInputsTestCase"/>
  <testcase name="testAPICreationWithInvalidContext" time="0.006" classname="org.wso2.am.integration.tests.publisher.APIMANAGER5834APICreationWithInvalidInputsTestCase"/>
  <testcase name="testCreateAnAPIThroughThePublisherRestWithoutAction" time="0.009" classname="org.wso2.am.integration.tests.publisher.APIM514CreateAnAPIWithoutProvidingMandatoryFieldsTestCase"/>
  <testcase name="testCreateAnAPIThroughThePublisherRestWithoutAction" time="0.003" classname="org.wso2.am.integration.tests.publisher.APIM514CreateAnAPIWithoutProvidingMandatoryFieldsTestCase"/>
  <testcase name="testCreateAnAPIThroughThePublisherRestWithoutContext" time="0.01" classname="org.wso2.am.integration.tests.publisher.APIM514CreateAnAPIWithoutProvidingMandatoryFieldsTestCase"/>
  <testcase name="testCreateAnAPIThroughThePublisherRestWithoutContext" time="0.007" classname="org.wso2.am.integration.tests.publisher.APIM514CreateAnAPIWithoutProvidingMandatoryFieldsTestCase"/>
  <testcase name="testCreateAnAPIThroughThePublisherRestWithoutName" time="0.005" classname="org.wso2.am.integration.tests.publisher.APIM514CreateAnAPIWithoutProvidingMandatoryFieldsTestCase"/>
  <testcase name="testCreateAnAPIThroughThePublisherRestWithoutName" time="0.006" classname="org.wso2.am.integration.tests.publisher.APIM514CreateAnAPIWithoutProvidingMandatoryFieldsTestCase"/>
  <testcase name="testCreateAnAPIThroughThePublisherRestWithoutTierAvailability" time="0.005" classname="org.wso2.am.integration.tests.publisher.APIM514CreateAnAPIWithoutProvidingMandatoryFieldsTestCase"/>
  <testcase name="testCreateAnAPIThroughThePublisherRestWithoutTierAvailability" time="0.006" classname="org.wso2.am.integration.tests.publisher.APIM514CreateAnAPIWithoutProvidingMandatoryFieldsTestCase"/>
  <testcase name="testCreateAnAPIThroughThePublisherRestWithoutVersion" time="0.01" classname="org.wso2.am.integration.tests.publisher.APIM514CreateAnAPIWithoutProvidingMandatoryFieldsTestCase"/>
  <testcase name="testCreateAnAPIThroughThePublisherRestWithoutVersion" time="0.007" classname="org.wso2.am.integration.tests.publisher.APIM514CreateAnAPIWithoutProvidingMandatoryFieldsTestCase"/>
  <testcase name="testCreateAnAPIThroughThePublisherRest" time="0.015" classname="org.wso2.am.integration.tests.publisher.APIM519CreateAnAPIThroughTheRestAPIWithoutLoggingInTestCase"/>
  <testcase name="testUpdateAnAPIThroughThePublisherRest" time="16.923" classname="org.wso2.am.integration.tests.publisher.APIM520UpdateAnAPIThroughThePublisherRestAPITestCase"/>
  <testcase name="testUpdateAnAPIThroughThePublisherRest" time="16.629" classname="org.wso2.am.integration.tests.publisher.APIM520UpdateAnAPIThroughThePublisherRestAPITestCase"/>
  <testcase name="testCopyAnAPIToANewerVersionThroughThePublisherRest" time="2.479" classname="org.wso2.am.integration.tests.publisher.APIM548CopyAnAPIToANewerVersionThroughThePublisherRestAPITestCase"/>
  <testcase name="testAddDocumentToAnAPIPublicInline" time="2.004" classname="org.wso2.am.integration.tests.publisher.APIM623AddDocumentationToAnAPIWithDocTypePublicForumThroughPublisherRestAPITestCase"/>
  <testcase name="testAddDocumentToAnAPISupportInline" time="0.783" classname="org.wso2.am.integration.tests.publisher.APIM625AddDocumentationToAnAPIWithDocTypeSupportForumThroughPublisherRestAPITestCase"/>
  <testcase name="testGetAllTheThrottlingTiers" time="0.015" classname="org.wso2.am.integration.tests.publisher.APIM634GetAllTheThrottlingTiersFromThePublisherRestAPITestCase"/>
  <testcase name="testValidateTheRoleOfAnExistingUser" time="0.011" classname="org.wso2.am.integration.tests.publisher.APIM638ValidateTheRoleOfAnExistingUserThroughThePublisherRestAPITestCase"/>
  <testcase name="testValidateTheRoleOfAnNonExistingUser" time="0.006" classname="org.wso2.am.integration.tests.publisher.APIM638ValidateTheRoleOfAnExistingUserThroughThePublisherRestAPITestCase"/>
  <testcase name="testAPIwithResourceTemplateForAPI" time="2.56" classname="org.wso2.am.integration.tests.publisher.APIResourceWithTemplateTestCase"/>
  <testcase name="testAPIwithResourceTemplateForAPI" time="2.675" classname="org.wso2.am.integration.tests.publisher.APIResourceWithTemplateTestCase"/>
  <testcase name="testAPIwithResourceTemplateForDefaultAPI" time="2.708" classname="org.wso2.am.integration.tests.publisher.APIResourceWithTemplateTestCase"/>
  <testcase name="testAPIwithResourceTemplateForDefaultAPI" time="3.172" classname="org.wso2.am.integration.tests.publisher.APIResourceWithTemplateTestCase"/>
  <testcase name="testUriEncodingInTemplate" time="19.122" classname="org.wso2.am.integration.tests.publisher.APIResourceWithTemplateTestCase"/>
  <testcase name="testUriEncodingInTemplate" time="19.262" classname="org.wso2.am.integration.tests.publisher.APIResourceWithTemplateTestCase"/>
  <testcase name="testParameterTampaeredResponseOfDocAPI" time="0.071" classname="org.wso2.am.integration.tests.rest.DocAPIParameterTamperingTest"/>
  <testcase name="testAPIAdditionWithAccessControlRestriction" time="1.047" classname="org.wso2.am.integration.tests.other.PublisherAccessControlTestCase"/>
  <testcase name="testAPIAdditionWithoutAccessControlRestriction" time="1.624" classname="org.wso2.am.integration.tests.other.PublisherAccessControlTestCase"/>
  <testcase name="testCheckPublisherRoleCanViewRestrictedVisibilityAPIs" time="2.595" classname="org.wso2.am.integration.tests.other.PublisherAccessControlTestCase"/>
  <testcase name="testGetPublicAPIFromStoreWithRestrictedPublisherAccess" time="3.136" classname="org.wso2.am.integration.tests.other.PublisherAccessControlTestCase"/>
  <testcase name="testPublisherAndStoreRestricted" time="24.073" classname="org.wso2.am.integration.tests.other.PublisherAccessControlTestCase"/>
</testsuite>
