<?xml version="1.0" encoding="UTF-8"?>
<testsuite hostname="ip-172-31-31-95.ec2.internal" name="org.wso2.am.integration.tests.other.APIM4312NPEAfterRequestTimeoutTestCase" tests="12" failures="0" timestamp="5 Nov 2018 08:17:54 GMT" time="360.813" errors="0">
  <testcase name="testAPIStateChangeAndApproveWorkflow" time="12.595" classname="org.wso2.am.integration.tests.other.APIStateChangeWorkflowTestCase"/>
  <testcase name="testAPIStateChangeAndRejectWorkflow" time="1.305" classname="org.wso2.am.integration.tests.other.APIStateChangeWorkflowTestCase"/>
  <testcase name="testWorkflowCallbackRestAPI" time="0.304" classname="org.wso2.am.integration.tests.other.APIStateChangeWorkflowTestCase"/>
  <testcase name="notificationTestCase" time="10.21" classname="org.wso2.am.integration.tests.other.NotificationTestCase"/>
  <testcase name="jsonToXmlTestCase" time="0.09" classname="org.wso2.am.integration.tests.json.ESBJAVA3380TestCase"/>
  <testcase name="jsonToXmlTestCase" time="0.031" classname="org.wso2.am.integration.tests.json.ESBJAVA3380TestCase"/>
  <testcase name="testTokenEncryptionWithScopes" time="7.282" classname="org.wso2.am.integration.tests.other.TokenEncryptionScopeTestCase"/>
  <testcase name="testAPICreationWithWSDL" time="2.569" classname="org.wso2.am.integration.tests.other.APIMANAGER5843WSDLHostnameTestCase"/>
  <testcase name="testAPICreationWithWSDL" time="1.382" classname="org.wso2.am.integration.tests.other.APIMANAGER5843WSDLHostnameTestCase"/>
  <testcase name="nullPointerAfterTimeoutTest" time="80.098" classname="org.wso2.am.integration.tests.other.APIM4312NPEAfterRequestTimeoutTestCase"/>
  <testcase name="nullPointerAfterTimeoutTest" time="80.082" classname="org.wso2.am.integration.tests.other.APIM4312NPEAfterRequestTimeoutTestCase"/>
  <testcase name="testAPIWithLocationHeader" time="0.034" classname="org.wso2.am.integration.tests.other.GIT2231HeadRequestNPEErrorTestCase"/>
</testsuite>
