<?xml version="1.0" encoding="UTF-8"?>
<testsuite hostname="ip-172-31-31-95.ec2.internal" name="org.wso2.am.integration.tests.websocket.APIMANAGER5869WSGayewatURLTestCase" tests="18" failures="0" timestamp="5 Nov 2018 08:11:53 GMT" time="581.53" errors="0">
  <testcase name="testAPICreation" time="2.954" classname="org.wso2.am.integration.tests.websocket.APIMANAGER5869WSGayewatURLTestCase"/>
  <testcase name="testAPICreation" time="2.902" classname="org.wso2.am.integration.tests.websocket.APIMANAGER5869WSGayewatURLTestCase"/>
  <testcase name="publishWebSocketAPI" time="48.186" classname="org.wso2.am.integration.tests.websocket.APIMANAGER5869WSGayewatURLTestCase"/>
  <testcase name="publishWebSocketAPI" time="48.509" classname="org.wso2.am.integration.tests.websocket.APIMANAGER5869WSGayewatURLTestCase"/>
  <testcase name="testApiGatewayUrlsTest" time="0.651" classname="org.wso2.am.integration.tests.websocket.APIMANAGER5869WSGayewatURLTestCase"/>
  <testcase name="testApiGatewayUrlsTest" time="0.545" classname="org.wso2.am.integration.tests.websocket.APIMANAGER5869WSGayewatURLTestCase"/>
  <testcase name="testApiGatewayUrlsAfterConfigChangeTest" time="137.563" classname="org.wso2.am.integration.tests.websocket.APIMANAGER5869WSGayewatURLTestCase"/>
  <testcase name="testApiGatewayUrlsAfterConfigChangeTest" time="2.616" classname="org.wso2.am.integration.tests.websocket.APIMANAGER5869WSGayewatURLTestCase"/>
  <testcase name="publishWebSocketAPI" time="50.566" classname="org.wso2.am.integration.tests.websocket.WebSocketAPITestCase"/>
  <testcase name="publishWebSocketAPI" time="50.934" classname="org.wso2.am.integration.tests.websocket.WebSocketAPITestCase"/>
  <testcase name="testWebSocketAPIApplicationSubscription" time="0.976" classname="org.wso2.am.integration.tests.websocket.WebSocketAPITestCase"/>
  <testcase name="testWebSocketAPIApplicationSubscription" time="0.123" classname="org.wso2.am.integration.tests.websocket.WebSocketAPITestCase"/>
  <testcase name="testWebSocketAPIInvocation" time="3.849" classname="org.wso2.am.integration.tests.websocket.WebSocketAPITestCase"/>
  <testcase name="testWebSocketAPIInvocation" time="1.697" classname="org.wso2.am.integration.tests.websocket.WebSocketAPITestCase"/>
  <testcase name="testWebSocketAPIThrottling" time="12.88" classname="org.wso2.am.integration.tests.websocket.WebSocketAPITestCase"/>
  <testcase name="testWebSocketAPIThrottling" time="12.068" classname="org.wso2.am.integration.tests.websocket.WebSocketAPITestCase"/>
  <testcase name="testWebSocketAPIInvalidTokenInvocation" time="30.022" classname="org.wso2.am.integration.tests.websocket.WebSocketAPITestCase"/>
  <testcase name="testWebSocketAPIInvalidTokenInvocation" time="30.014" classname="org.wso2.am.integration.tests.websocket.WebSocketAPITestCase"/>
</testsuite>
