<?xml version="1.0" encoding="UTF-8"?>
<testsuite hostname="ip-172-31-31-95.ec2.internal" name="org.wso2.am.integration.tests.api.lifecycle.APIAccessibilityOfPublishedOldAPIAndPublishedCopyAPITestCase" tests="121" failures="0" timestamp="5 Nov 2018 07:04:42 GMT" time="1198.819" errors="0">
  <testcase name="testInvokeAPIBeforeChangeAPILifecycleToBlock" time="3.519" classname="org.wso2.am.integration.tests.api.lifecycle.AccessibilityOfBlockAPITestCase"/>
  <testcase name="testChangeAPILifecycleToBlock" time="2.028" classname="org.wso2.am.integration.tests.api.lifecycle.AccessibilityOfBlockAPITestCase"/>
  <testcase name="testInvokeAPIAfterChangeAPILifecycleToBlock" time="15.022" classname="org.wso2.am.integration.tests.api.lifecycle.AccessibilityOfBlockAPITestCase"/>
  <testcase name="testSubscribeOldVersionBeforeDeprecate" time="5.366" classname="org.wso2.am.integration.tests.api.lifecycle.AccessibilityOfDeprecatedOldAPIAndPublishedCopyAPITestCase"/>
  <testcase name="testSubscribeNewVersion" time="0.047" classname="org.wso2.am.integration.tests.api.lifecycle.AccessibilityOfDeprecatedOldAPIAndPublishedCopyAPITestCase"/>
  <testcase name="testDeprecateOldVersion" time="1.846" classname="org.wso2.am.integration.tests.api.lifecycle.AccessibilityOfDeprecatedOldAPIAndPublishedCopyAPITestCase"/>
  <testcase name="testVisibilityOfOldAPIInStoreAfterDeprecate" time="0.23" classname="org.wso2.am.integration.tests.api.lifecycle.AccessibilityOfDeprecatedOldAPIAndPublishedCopyAPITestCase"/>
  <testcase name="testVisibilityOfNewAPIInStore" time="0.038" classname="org.wso2.am.integration.tests.api.lifecycle.AccessibilityOfDeprecatedOldAPIAndPublishedCopyAPITestCase"/>
  <testcase name="testSubscribeOldVersionAfterDeprecate" time="0.052" classname="org.wso2.am.integration.tests.api.lifecycle.AccessibilityOfDeprecatedOldAPIAndPublishedCopyAPITestCase"/>
  <testcase name="testAccessibilityOfDeprecateOldAPIAndPublishedCopyAPI" time="0.371" classname="org.wso2.am.integration.tests.api.lifecycle.AccessibilityOfDeprecatedOldAPIAndPublishedCopyAPITestCase"/>
  <testcase name="testSubscriptionOfOldAPI" time="2.72" classname="org.wso2.am.integration.tests.api.lifecycle.AccessibilityOfOldAPIAndCopyAPIWithOutReSubscriptionTestCase"/>
  <testcase name="testPublishCopiedAPIWithOutReSubscriptionRequired" time="2.927" classname="org.wso2.am.integration.tests.api.lifecycle.AccessibilityOfOldAPIAndCopyAPIWithOutReSubscriptionTestCase"/>
  <testcase name="testInvokeNewAPIWithoutSubscribeTheNewVersion" time="1.131" classname="org.wso2.am.integration.tests.api.lifecycle.AccessibilityOfOldAPIAndCopyAPIWithOutReSubscriptionTestCase"/>
  <testcase name="testSubscriptionOfOldAPI" time="2.394" classname="org.wso2.am.integration.tests.api.lifecycle.AccessibilityOfOldAPIAndCopyAPIWithReSubscriptionTestCase"/>
  <testcase name="testPublishCopiedAPIWithReSubscriptionRequired" time="2.799" classname="org.wso2.am.integration.tests.api.lifecycle.AccessibilityOfOldAPIAndCopyAPIWithReSubscriptionTestCase"/>
  <testcase name="testInvokeOldAPIBeforeSubscribeTheNewVersion" time="0.692" classname="org.wso2.am.integration.tests.api.lifecycle.AccessibilityOfOldAPIAndCopyAPIWithReSubscriptionTestCase"/>
  <testcase name="testInvokeNewAPIBeforeSubscribeTheNewVersion" time="0.042" classname="org.wso2.am.integration.tests.api.lifecycle.AccessibilityOfOldAPIAndCopyAPIWithReSubscriptionTestCase"/>
  <testcase name="testSubscribeTheNewVersion" time="0.054" classname="org.wso2.am.integration.tests.api.lifecycle.AccessibilityOfOldAPIAndCopyAPIWithReSubscriptionTestCase"/>
  <testcase name="testInvokeNewAPIAfterSubscribeTheNewVersion" time="30.065" classname="org.wso2.am.integration.tests.api.lifecycle.AccessibilityOfOldAPIAndCopyAPIWithReSubscriptionTestCase"/>
  <testcase name="testInvokeAPIBeforeChangeAPILifecycleToRetired" time="3.076" classname="org.wso2.am.integration.tests.api.lifecycle.AccessibilityOfRetireAPITestCase"/>
  <testcase name="testChangeAPILifecycleToDepricated" time="2.091" classname="org.wso2.am.integration.tests.api.lifecycle.AccessibilityOfRetireAPITestCase"/>
  <testcase name="testChangeAPILifecycleToRetired" time="1.964" classname="org.wso2.am.integration.tests.api.lifecycle.AccessibilityOfRetireAPITestCase"/>
  <testcase name="testAvailabilityOfRetiredAPIInStore" time="0.086" classname="org.wso2.am.integration.tests.api.lifecycle.AccessibilityOfRetireAPITestCase"/>
  <testcase name="testInvokeAPIAfterChangeAPILifecycleToRetired" time="0.098" classname="org.wso2.am.integration.tests.api.lifecycle.AccessibilityOfRetireAPITestCase"/>
  <testcase name="testCopyAPI" time="3.177" classname="org.wso2.am.integration.tests.api.lifecycle.APIAccessibilityOfPublishedOldAPIAndPublishedCopyAPITestCase"/>
  <testcase name="testPublishCopiedAPI" time="1.927" classname="org.wso2.am.integration.tests.api.lifecycle.APIAccessibilityOfPublishedOldAPIAndPublishedCopyAPITestCase"/>
  <testcase name="testAvailabilityOfOldAndNewAPIVersionsInStore" time="0.181" classname="org.wso2.am.integration.tests.api.lifecycle.APIAccessibilityOfPublishedOldAPIAndPublishedCopyAPITestCase"/>
  <testcase name="testSubscribeOldVersion" time="0.038" classname="org.wso2.am.integration.tests.api.lifecycle.APIAccessibilityOfPublishedOldAPIAndPublishedCopyAPITestCase"/>
  <testcase name="testSubscribeNewVersion" time="0.037" classname="org.wso2.am.integration.tests.api.lifecycle.APIAccessibilityOfPublishedOldAPIAndPublishedCopyAPITestCase"/>
  <testcase name="testAccessibilityOfPublishedOldAPIAndPublishedCopyAPI" time="0.385" classname="org.wso2.am.integration.tests.api.lifecycle.APIAccessibilityOfPublishedOldAPIAndPublishedCopyAPITestCase"/>
  <testcase name="testAvailabilityOfAPIInPublisher" time="0.632" classname="org.wso2.am.integration.tests.api.lifecycle.APIPublishingAndVisibilityInStoreTestCase"/>
  <testcase name="testVisibilityOfAPIInStoreBeforePublishing" time="0.014" classname="org.wso2.am.integration.tests.api.lifecycle.APIPublishingAndVisibilityInStoreTestCase"/>
  <testcase name="testAPIPublishing" time="1.658" classname="org.wso2.am.integration.tests.api.lifecycle.APIPublishingAndVisibilityInStoreTestCase"/>
  <testcase name="testVisibilityOfAPIInStoreAfterPublishing" time="0.093" classname="org.wso2.am.integration.tests.api.lifecycle.APIPublishingAndVisibilityInStoreTestCase"/>
  <testcase name="testVisibilityForCreatorInPublisher" time="17.326" classname="org.wso2.am.integration.tests.api.lifecycle.APIVisibilityByDomainTestCase"/>
  <testcase name="testVisibilityForCreatorInStore" time="0.017" classname="org.wso2.am.integration.tests.api.lifecycle.APIVisibilityByDomainTestCase"/>
  <testcase name="testVisibilityForAdminInSameDomainInPublisher" time="0.027" classname="org.wso2.am.integration.tests.api.lifecycle.APIVisibilityByDomainTestCase"/>
  <testcase name="testVisibilityForAdminInSameDomainInStore" time="0.013" classname="org.wso2.am.integration.tests.api.lifecycle.APIVisibilityByDomainTestCase"/>
  <testcase name="testVisibilityForAnotherUserInSameDomainInPublisher" time="0.025" classname="org.wso2.am.integration.tests.api.lifecycle.APIVisibilityByDomainTestCase"/>
  <testcase name="testVisibilityForAnotherUserInSameDomainInStore" time="0.028" classname="org.wso2.am.integration.tests.api.lifecycle.APIVisibilityByDomainTestCase"/>
  <testcase name="testVisibilityForAnotherUserInOtherDomainInPublisher" time="0.005" classname="org.wso2.am.integration.tests.api.lifecycle.APIVisibilityByDomainTestCase"/>
  <testcase name="testVisibilityForAnotherUserInOtherDomainInStore" time="0.025" classname="org.wso2.am.integration.tests.api.lifecycle.APIVisibilityByDomainTestCase"/>
  <testcase name="testVisibilityForAdminInOtherDomainInPublisher" time="0.04" classname="org.wso2.am.integration.tests.api.lifecycle.APIVisibilityByDomainTestCase"/>
  <testcase name="testVisibilityForAdminInOtherDomainInStore" time="0.01" classname="org.wso2.am.integration.tests.api.lifecycle.APIVisibilityByDomainTestCase"/>
  <testcase name="testVisibilityForAnonymousUserInSameDomainInStore" time="0.041" classname="org.wso2.am.integration.tests.api.lifecycle.APIVisibilityByDomainTestCase"/>
  <testcase name="testVisibilityForAnonymousUserInOtherDomainInStore" time="0.033" classname="org.wso2.am.integration.tests.api.lifecycle.APIVisibilityByDomainTestCase"/>
  <testcase name="testVisibilityForCreatorInPublisher" time="2.368" classname="org.wso2.am.integration.tests.api.lifecycle.APIVisibilityByPublicTestCase"/>
  <testcase name="testVisibilityForCreatorInStore" time="0.016" classname="org.wso2.am.integration.tests.api.lifecycle.APIVisibilityByPublicTestCase"/>
  <testcase name="testVisibilityForAdminInSameDomainInPublisher" time="0.025" classname="org.wso2.am.integration.tests.api.lifecycle.APIVisibilityByPublicTestCase"/>
  <testcase name="testVisibilityForAdminInSameDomainInStore" time="0.015" classname="org.wso2.am.integration.tests.api.lifecycle.APIVisibilityByPublicTestCase"/>
  <testcase name="testVisibilityForAnotherUserInSameDomainInPublisher" time="0.025" classname="org.wso2.am.integration.tests.api.lifecycle.APIVisibilityByPublicTestCase"/>
  <testcase name="testVisibilityForAnotherUserInSameDomainInStore" time="0.014" classname="org.wso2.am.integration.tests.api.lifecycle.APIVisibilityByPublicTestCase"/>
  <testcase name="testVisibilityForAnotherUserInOtherDomainInPublisher" time="0.007" classname="org.wso2.am.integration.tests.api.lifecycle.APIVisibilityByPublicTestCase"/>
  <testcase name="testVisibilityForAnotherUserInOtherDomainInStore" time="0.005" classname="org.wso2.am.integration.tests.api.lifecycle.APIVisibilityByPublicTestCase"/>
  <testcase name="testVisibilityForAdminInOtherDomainInPublisher" time="0.005" classname="org.wso2.am.integration.tests.api.lifecycle.APIVisibilityByPublicTestCase"/>
  <testcase name="testVisibilityForAdminInOtherDomainInStore" time="0.006" classname="org.wso2.am.integration.tests.api.lifecycle.APIVisibilityByPublicTestCase"/>
  <testcase name="testVisibilityForAnonymousUserInOtherDomainInStore" time="0.032" classname="org.wso2.am.integration.tests.api.lifecycle.APIVisibilityByPublicTestCase"/>
  <testcase name="testVisibilityForAnonymousUserInSameDomainInStore" time="2.05" classname="org.wso2.am.integration.tests.api.lifecycle.APIVisibilityByPublicTestCase"/>
  <testcase name="testVisibilityForCreatorInPublisher" time="34.923" classname="org.wso2.am.integration.tests.api.lifecycle.APIVisibilityByRoleTestCase"/>
  <testcase name="testVisibilityForAdminUserWithAdminAndSubscriberRoleInSameDomainInStore" time="0.024" classname="org.wso2.am.integration.tests.api.lifecycle.APIVisibilityByRoleTestCase"/>
  <testcase name="testVisibilityForAnotherUserWithAdminAndSubscriberRoleInSameDomainInPublisher" time="0.037" classname="org.wso2.am.integration.tests.api.lifecycle.APIVisibilityByRoleTestCase"/>
  <testcase name="testVisibilityForAnotherUserWithAdminAndSubscriberRoleInSameDomainInStore" time="0.022" classname="org.wso2.am.integration.tests.api.lifecycle.APIVisibilityByRoleTestCase"/>
  <testcase name="testVisibilityForAnotherUserWithAdminAndSubscriberRoleInOtherDomainInPublisher" time="0.003" classname="org.wso2.am.integration.tests.api.lifecycle.APIVisibilityByRoleTestCase"/>
  <testcase name="testVisibilityForAnotherUserWithAdminAndSubscriberRoleInOtherDomainInStore" time="0.005" classname="org.wso2.am.integration.tests.api.lifecycle.APIVisibilityByRoleTestCase"/>
  <testcase name="testVisibilityForAdminWithAdminAndSubscriberRoleInOtherDomainInPublisher" time="0.006" classname="org.wso2.am.integration.tests.api.lifecycle.APIVisibilityByRoleTestCase"/>
  <testcase name="testVisibilityForAdminWithAdminAndSubscriberRoleInOtherDomainInStore" time="0.049" classname="org.wso2.am.integration.tests.api.lifecycle.APIVisibilityByRoleTestCase"/>
  <testcase name="testVisibilityForAnotherUserWithSubscriberRoleInSameDomainInStore" time="0.059" classname="org.wso2.am.integration.tests.api.lifecycle.APIVisibilityByRoleTestCase"/>
  <testcase name="testVisibilityForAnotherUserWithSubscriberRoleInOtherDomainInStore" time="0.004" classname="org.wso2.am.integration.tests.api.lifecycle.APIVisibilityByRoleTestCase"/>
  <testcase name="testVisibilityForAnonymousUserInOtherDomainInStore" time="0.016" classname="org.wso2.am.integration.tests.api.lifecycle.APIVisibilityByRoleTestCase"/>
  <testcase name="testVisibilityForAnonymousUserInSameDomainInStore" time="0.01" classname="org.wso2.am.integration.tests.api.lifecycle.APIVisibilityByRoleTestCase"/>
  <testcase name="testVisibilityForCreatorInStore" time="0.022" classname="org.wso2.am.integration.tests.api.lifecycle.APIVisibilityByRoleTestCase"/>
  <testcase name="testDirectLinkAnonymous" time="3.368" classname="org.wso2.am.integration.tests.api.lifecycle.APIVisibilityWithDirectURLTestCase"/>
  <testcase name="testDirectLink" time="0.552" classname="org.wso2.am.integration.tests.api.lifecycle.APIVisibilityWithDirectURLTestCase"/>
  <testcase name="testDirectLinkWithoutRestrictedRoleUser" time="0.361" classname="org.wso2.am.integration.tests.api.lifecycle.APIVisibilityWithDirectURLTestCase"/>
  <testcase name="testAPICreationInTenant" time="3.466" classname="org.wso2.am.integration.tests.api.lifecycle.APIVisibilityWithDirectURLTestCase"/>
  <testcase name="testDirectLinkInTenantAnonymous" time="0.128" classname="org.wso2.am.integration.tests.api.lifecycle.APIVisibilityWithDirectURLTestCase"/>
  <testcase name="testDirectLinkInTenant" time="0.315" classname="org.wso2.am.integration.tests.api.lifecycle.APIVisibilityWithDirectURLTestCase"/>
  <testcase name="testDirectLinkInTenantWithoutRestrictedRoleUser" time="0.204" classname="org.wso2.am.integration.tests.api.lifecycle.APIVisibilityWithDirectURLTestCase"/>
  <testcase name="testFilterByTagsBeforeTagChange" time="12.013" classname="org.wso2.am.integration.tests.api.lifecycle.ChangeAPITagsTestCase"/>
  <testcase name="testUpdateTagsAndFilterByTags" time="70.847" classname="org.wso2.am.integration.tests.api.lifecycle.ChangeAPITagsTestCase"/>
  <testcase name="testInvokeResourceWithAuthTypeApplicationAndApplicationUser" time="3.986" classname="org.wso2.am.integration.tests.api.lifecycle.ChangeAuthTypeOfResourceTestCase"/>
  <testcase name="testInvokeResourceWithAuthTypeApplication" time="15.994" classname="org.wso2.am.integration.tests.api.lifecycle.ChangeAuthTypeOfResourceTestCase"/>
  <testcase name="testInvokeGETResourceWithAuthTypeApplicationUser" time="16.168" classname="org.wso2.am.integration.tests.api.lifecycle.ChangeAuthTypeOfResourceTestCase"/>
  <testcase name="testInvokeGETResourceWithAuthTypeNone" time="15.94" classname="org.wso2.am.integration.tests.api.lifecycle.ChangeAuthTypeOfResourceTestCase"/>
  <testcase name="testInvokeGETResourceWithSecuredEndPointPasswordOnlyNumbersAndLetters" time="2.844" classname="org.wso2.am.integration.tests.api.lifecycle.ChangeEndPointSecurityOfAPITestCase"/>
  <testcase name="testInvokeGETResourceWithSecuredEndPointComplexPassword" time="485.025" classname="org.wso2.am.integration.tests.api.lifecycle.ChangeEndPointSecurityOfAPITestCase"/>
  <testcase name="testEditAPIInformation" time="18.864" classname="org.wso2.am.integration.tests.api.lifecycle.EditAPIAndCheckUpdatedInformationTestCase"/>
  <testcase name="testUpdatedAPIInformationFromAPIPublisher" time="0.036" classname="org.wso2.am.integration.tests.api.lifecycle.EditAPIAndCheckUpdatedInformationTestCase"/>
  <testcase name="testInvokeAPIBeforeChangeAPIContext" time="2.941" classname="org.wso2.am.integration.tests.api.lifecycle.EditAPIContextAndCheckAccessibilityTestCase"/>
  <testcase name="testEditAPIContext" time="1.052" classname="org.wso2.am.integration.tests.api.lifecycle.EditAPIContextAndCheckAccessibilityTestCase"/>
  <testcase name="testInvokeAPIAfterChangeAPIContextWithOldContext" time="15.022" classname="org.wso2.am.integration.tests.api.lifecycle.EditAPIContextAndCheckAccessibilityTestCase"/>
  <testcase name="testInvokeAPIAfterChangeAPIContextWithNewContext" time="0.051" classname="org.wso2.am.integration.tests.api.lifecycle.EditAPIContextAndCheckAccessibilityTestCase"/>
  <testcase name="testNumberOfUsersInAPIOverview" time="4.867" classname="org.wso2.am.integration.tests.api.lifecycle.UsersAndDocsInAPIOverviewTestCase"/>
  <testcase name="testUsersInformationInUserTabInAPIOverview" time="0.242" classname="org.wso2.am.integration.tests.api.lifecycle.UsersAndDocsInAPIOverviewTestCase"/>
  <testcase name="testDocInformationInDocsTabInAPIOverview" time="0.831" classname="org.wso2.am.integration.tests.api.lifecycle.UsersAndDocsInAPIOverviewTestCase"/>
  <testcase name="testAPIInfoLifecycleTabForPublishedAPI" time="3.288" classname="org.wso2.am.integration.tests.api.lifecycle.RegistryLifeCycleInclusionTest"/>
  <testcase name="testChecklistItemsVisibility" time="1.836" classname="org.wso2.am.integration.tests.api.lifecycle.RegistryLifeCycleInclusionTest"/>
  <testcase name="testLCStateChengeVisibility" time="36.925" classname="org.wso2.am.integration.tests.api.lifecycle.RegistryLifeCycleInclusionTest"/>
  <testcase name="testAPICreationWithVisibility" time="4.947" classname="org.wso2.am.integration.tests.api.lifecycle.APITagVisibilityByRoleTestCase"/>
  <testcase name="testAPICreationWithVisibility" time="4.695" classname="org.wso2.am.integration.tests.api.lifecycle.APITagVisibilityByRoleTestCase"/>
  <testcase name="testAPITagVisibilityAnonymousUser" time="45.371" classname="org.wso2.am.integration.tests.api.lifecycle.APITagVisibilityByRoleTestCase"/>
  <testcase name="testAPITagVisibilityAnonymousUser" time="45.242" classname="org.wso2.am.integration.tests.api.lifecycle.APITagVisibilityByRoleTestCase"/>
  <testcase name="testAPITagVisibilityAuthorisedUser" time="5.195" classname="org.wso2.am.integration.tests.api.lifecycle.APITagVisibilityByRoleTestCase"/>
  <testcase name="testAPITagVisibilityAuthorisedUser" time="5.188" classname="org.wso2.am.integration.tests.api.lifecycle.APITagVisibilityByRoleTestCase"/>
  <testcase name="testAPINewVersionCreation" time="4.82" classname="org.wso2.am.integration.tests.api.lifecycle.NewVersionUpdateTestCase"/>
  <testcase name="testAPINewVersionCreation" time="5.559" classname="org.wso2.am.integration.tests.api.lifecycle.NewVersionUpdateTestCase"/>
  <testcase name="testNewVersionAPIUpdate" time="15.553" classname="org.wso2.am.integration.tests.api.lifecycle.NewVersionUpdateTestCase"/>
  <testcase name="testNewVersionAPIUpdate" time="15.739" classname="org.wso2.am.integration.tests.api.lifecycle.NewVersionUpdateTestCase"/>
  <testcase name="CheckCORSHeadersInPreFlightResponse" time="0.024" classname="org.wso2.am.integration.tests.header.CORSHeadersTestCase"/>
  <testcase name="CheckCORSHeadersInPreFlightResponse" time="0.022" classname="org.wso2.am.integration.tests.header.CORSHeadersTestCase"/>
  <testcase name="CheckCORSHeadersInResponse" time="0.096" classname="org.wso2.am.integration.tests.header.CORSHeadersTestCase"/>
  <testcase name="CheckCORSHeadersInResponse" time="0.133" classname="org.wso2.am.integration.tests.header.CORSHeadersTestCase"/>
  <testcase name="testInvokeAllResources" time="2.808" classname="org.wso2.am.integration.tests.api.lifecycle.APIInvocationWithSimilarResourcesAndDifferentVerbsTestCase"/>
  <testcase name="testAPIInvocationAfterAddingDynamicEndpoint" time="18.749" classname="org.wso2.am.integration.tests.sequence.DefaultEndpointTestCase"/>
  <testcase name="testMalformedPostWithMessageBuilding" time="0.053" classname="org.wso2.am.integration.tests.rest.MalformedRequestTest"/>
  <testcase name="testScriptMediatorWithNullObject" time="0.22" classname="org.wso2.am.integration.tests.other.ScriptMediatorTestCase"/>
  <testcase name="testCustomLifeCycle" time="3.776" classname="org.wso2.am.integration.tests.api.lifecycle.CustomLifeCycleTestCase"/>
  <testcase name="testAPIErrorResponse" time="6.141" classname="org.wso2.am.integration.tests.api.lifecycle.APIMANAGER5337SubscriptionRetainTestCase"/>
  <testcase name="testAPIAccessWithInvalidToken" time="2.447" classname="org.wso2.am.integration.tests.token.InvalidTokenTestCase"/>
  <testcase name="testAPIAccessWithInvalidToken" time="2.821" classname="org.wso2.am.integration.tests.token.InvalidTokenTestCase"/>
  <testcase name="testAPIThrottling_1" time="48.624" classname="org.wso2.am.integration.tests.throttling.APIThrottlingTestCase"/>
</testsuite>
