<?xml version="1.0" encoding="UTF-8"?>
<testsuite hostname="ip-172-31-31-95.ec2.internal" name="org.wso2.am.integration.tests.api.sdk.SDKGenerationTestCase" tests="103" failures="0" timestamp="5 Nov 2018 08:00:21 GMT" time="492.843" errors="0">
  <testcase name="testAllSubscriptionsByAppName" time="0.024" classname="org.wso2.am.integration.tests.other.APIM710AllSubscriptionsByApplicationTestCase"/>
  <testcase name="testRemoveSubscriptionByAppId" time="2.044" classname="org.wso2.am.integration.tests.other.APIM710AllSubscriptionsByApplicationTestCase"/>
  <testcase name="testRemoveSubscriptionByAppName" time="9.11" classname="org.wso2.am.integration.tests.other.APIM710AllSubscriptionsByApplicationTestCase"/>
  <testcase name="testApplicationCreation" time="0.023" classname="org.wso2.am.integration.tests.other.APIM678ApplicationCreationTestCase"/>
  <testcase name="testApplicationCreation" time="0.02" classname="org.wso2.am.integration.tests.other.APIM678ApplicationCreationTestCase"/>
  <testcase name="testApplicationCreation" time="0.016" classname="org.wso2.am.integration.tests.other.APIM678ApplicationCreationTestCase"/>
  <testcase name="testApplicationCreation" time="0.017" classname="org.wso2.am.integration.tests.other.APIM678ApplicationCreationTestCase"/>
  <testcase name="testApplicationCreation" time="0.022" classname="org.wso2.am.integration.tests.other.APIM678ApplicationCreationTestCase"/>
  <testcase name="testApplicationCreation" time="0.016" classname="org.wso2.am.integration.tests.other.APIM678ApplicationCreationTestCase"/>
  <testcase name="testApplicationCreation" time="0.016" classname="org.wso2.am.integration.tests.other.APIM678ApplicationCreationTestCase"/>
  <testcase name="testApplicationCreation" time="0.04" classname="org.wso2.am.integration.tests.other.APIM678ApplicationCreationTestCase"/>
  <testcase name="getAllCreatedApplications" time="0.011" classname="org.wso2.am.integration.tests.other.APIM678ApplicationCreationTestCase"/>
  <testcase name="getAllCreatedApplications" time="0.01" classname="org.wso2.am.integration.tests.other.APIM678ApplicationCreationTestCase"/>
  <testcase name="testAlreadyCreatedApplication" time="0.008" classname="org.wso2.am.integration.tests.other.APIM678ApplicationCreationTestCase"/>
  <testcase name="testAlreadyCreatedApplication" time="0.013" classname="org.wso2.am.integration.tests.other.APIM678ApplicationCreationTestCase"/>
  <testcase name="testUpdateApplication" time="0.203" classname="org.wso2.am.integration.tests.other.APIM678ApplicationCreationTestCase"/>
  <testcase name="testUpdateApplication" time="0.117" classname="org.wso2.am.integration.tests.other.APIM678ApplicationCreationTestCase"/>
  <testcase name="testCreateApiWithBothProdAndSandboxEndpoints" time="2.461" classname="org.wso2.am.integration.tests.other.LoadBalancedEndPointTestCase"/>
  <testcase name="testRoundRobinAlgorithmInProductionAndSandboxEndpoints" time="80.881" classname="org.wso2.am.integration.tests.other.LoadBalancedEndPointTestCase"/>
  <testcase name="testCreateApiWithDifferentProductionEndpoints" time="3.221" classname="org.wso2.am.integration.tests.other.LoadBalancedEndPointTestCase"/>
  <testcase name="testRoundRobinAlgorithmInProductionEndpoints" time="80.439" classname="org.wso2.am.integration.tests.other.LoadBalancedEndPointTestCase"/>
  <testcase name="getAllEndpointUrlsTest" time="0.052" classname="org.wso2.am.integration.tests.other.APIM720GetAllEndPointsTestCase"/>
  <testcase name="addCommentTest" time="0.033" classname="org.wso2.am.integration.tests.other.APIM720GetAllEndPointsTestCase"/>
  <testcase name="testAPICreationWithOutCorsConfiguration" time="2.953" classname="org.wso2.am.integration.tests.other.APIMANAGER3965TestCase"/>
  <testcase name="testAPICreationWithOutCorsConfiguration" time="3.261" classname="org.wso2.am.integration.tests.other.APIMANAGER3965TestCase"/>
  <testcase name="testAPICreationWithCorsConfiguration" time="16.024" classname="org.wso2.am.integration.tests.other.APIMANAGER3965TestCase"/>
  <testcase name="testAPICreationWithCorsConfiguration" time="16.262" classname="org.wso2.am.integration.tests.other.APIMANAGER3965TestCase"/>
  <testcase name="testApplicationCreation" time="1.138" classname="org.wso2.am.integration.tests.application.AuthApplicationUpdateTestCase"/>
  <testcase name="testApplicationCreation" time="0.331" classname="org.wso2.am.integration.tests.application.AuthApplicationUpdateTestCase"/>
  <testcase name="testApplicationUpdate" time="0.106" classname="org.wso2.am.integration.tests.application.AuthApplicationUpdateTestCase"/>
  <testcase name="testApplicationUpdate" time="0.096" classname="org.wso2.am.integration.tests.application.AuthApplicationUpdateTestCase"/>
  <testcase name="testApplicationGrantTypeAfterUpdate" time="0.028" classname="org.wso2.am.integration.tests.application.AuthApplicationUpdateTestCase"/>
  <testcase name="testApplicationGrantTypeAfterUpdate" time="0.03" classname="org.wso2.am.integration.tests.application.AuthApplicationUpdateTestCase"/>
  <testcase name="testApplicationNameUpdateAfterKeyGeneration" time="2.403" classname="org.wso2.am.integration.tests.application.AuthApplicationUpdateTestCase"/>
  <testcase name="testApplicationNameUpdateAfterKeyGeneration" time="3.135" classname="org.wso2.am.integration.tests.application.AuthApplicationUpdateTestCase"/>
  <testcase name="testSubscriptionAfterApplicationNameUpdate" time="0.04" classname="org.wso2.am.integration.tests.application.AuthApplicationUpdateTestCase"/>
  <testcase name="testSubscriptionAfterApplicationNameUpdate" time="0.026" classname="org.wso2.am.integration.tests.application.AuthApplicationUpdateTestCase"/>
  <testcase name="testAPICreation" time="2.35" classname="org.wso2.am.integration.tests.application.GrantTypeTokenGenerateTestCase"/>
  <testcase name="testAPICreation" time="2.368" classname="org.wso2.am.integration.tests.application.GrantTypeTokenGenerateTestCase"/>
  <testcase name="testApplicationCreation" time="0.83" classname="org.wso2.am.integration.tests.application.GrantTypeTokenGenerateTestCase"/>
  <testcase name="testApplicationCreation" time="0.338" classname="org.wso2.am.integration.tests.application.GrantTypeTokenGenerateTestCase"/>
  <testcase name="testAuthCode" time="0.867" classname="org.wso2.am.integration.tests.application.GrantTypeTokenGenerateTestCase"/>
  <testcase name="testAuthCode" time="0.495" classname="org.wso2.am.integration.tests.application.GrantTypeTokenGenerateTestCase"/>
  <testcase name="testImplicit" time="0.387" classname="org.wso2.am.integration.tests.application.GrantTypeTokenGenerateTestCase"/>
  <testcase name="testImplicit" time="0.297" classname="org.wso2.am.integration.tests.application.GrantTypeTokenGenerateTestCase"/>
  <testcase name="testApplicationCreationWithoutCallBackURL" time="0.98" classname="org.wso2.am.integration.tests.application.GrantTypeTokenGenerateTestCase"/>
  <testcase name="testApplicationCreationWithoutCallBackURL" time="0.262" classname="org.wso2.am.integration.tests.application.GrantTypeTokenGenerateTestCase"/>
  <testcase name="testAuthRequestWithoutCallbackURL" time="0.062" classname="org.wso2.am.integration.tests.application.GrantTypeTokenGenerateTestCase"/>
  <testcase name="testAuthRequestWithoutCallbackURL" time="0.063" classname="org.wso2.am.integration.tests.application.GrantTypeTokenGenerateTestCase"/>
  <testcase name="testApplicationUpdateAndTestKeyGeneration" time="1.559" classname="org.wso2.am.integration.tests.application.GrantTypeTokenGenerateTestCase"/>
  <testcase name="testApplicationUpdateAndTestKeyGeneration" time="0.828" classname="org.wso2.am.integration.tests.application.GrantTypeTokenGenerateTestCase"/>
  <testcase name="testApplicationCreation" time="0.247" classname="org.wso2.am.integration.tests.application.APIMANAGER3706ApplicationUpdateTestCase"/>
  <testcase name="testApplicationCreation" time="0.281" classname="org.wso2.am.integration.tests.application.APIMANAGER3706ApplicationUpdateTestCase"/>
  <testcase name="testApplicationUpdate" time="0.102" classname="org.wso2.am.integration.tests.application.APIMANAGER3706ApplicationUpdateTestCase"/>
  <testcase name="testApplicationUpdate" time="0.094" classname="org.wso2.am.integration.tests.application.APIMANAGER3706ApplicationUpdateTestCase"/>
  <testcase name="testApplicationNameUpdateAfterKeyGeneration" time="0.027" classname="org.wso2.am.integration.tests.application.APIMANAGER3706ApplicationUpdateTestCase"/>
  <testcase name="testApplicationNameUpdateAfterKeyGeneration" time="0.029" classname="org.wso2.am.integration.tests.application.APIMANAGER3706ApplicationUpdateTestCase"/>
  <testcase name="testRegenerateConsumerSecret" time="0.032" classname="org.wso2.am.integration.tests.application.APIMANAGER3706ApplicationUpdateTestCase"/>
  <testcase name="testRegenerateConsumerSecret" time="0.014" classname="org.wso2.am.integration.tests.application.APIMANAGER3706ApplicationUpdateTestCase"/>
  <testcase name="copyApiNewVersion" time="1.238" classname="org.wso2.am.integration.tests.other.CopyNewVersionTestCase"/>
  <testcase name="copyApiNewVersion" time="1.265" classname="org.wso2.am.integration.tests.other.CopyNewVersionTestCase"/>
  <testcase name="setDefaultVersionToNewcopy" time="1.889" classname="org.wso2.am.integration.tests.other.NewCopyWithDefaultVersion"/>
  <testcase name="setDefaultVersionToNewcopy" time="1.294" classname="org.wso2.am.integration.tests.other.NewCopyWithDefaultVersion"/>
  <testcase name="copySameVersion" time="1.078" classname="org.wso2.am.integration.tests.other.SameVersionAPITestCase"/>
  <testcase name="copySameVersion" time="0.581" classname="org.wso2.am.integration.tests.other.SameVersionAPITestCase"/>
  <testcase name="generateApplicationKeyWithoutScope" time="3.443" classname="org.wso2.am.integration.tests.other.APIM684GenerateApplicationKeyTestCase"/>
  <testcase name="testApplicationCreationForInvalidData" time="0.012" classname="org.wso2.am.integration.tests.other.APIM678ApplicationCreationTestCase"/>
  <testcase name="testApplicationCreationForInvalidData" time="0.025" classname="org.wso2.am.integration.tests.other.APIM678ApplicationCreationTestCase"/>
  <testcase name="testApplicationCreationForInvalidData" time="0.012" classname="org.wso2.am.integration.tests.other.APIM678ApplicationCreationTestCase"/>
  <testcase name="testApplicationCreationForInvalidData" time="0.012" classname="org.wso2.am.integration.tests.other.APIM678ApplicationCreationTestCase"/>
  <testcase name="testApplicationCreationForInvalidData" time="0.027" classname="org.wso2.am.integration.tests.other.APIM678ApplicationCreationTestCase"/>
  <testcase name="testApplicationCreationForInvalidData" time="0.011" classname="org.wso2.am.integration.tests.other.APIM678ApplicationCreationTestCase"/>
  <testcase name="testApplicationCreationWithCustomAttributes" time="0.293" classname="org.wso2.am.integration.tests.other.APIM678ApplicationCreationTestCase"/>
  <testcase name="testApplicationCreationWithCustomAttributes" time="0.025" classname="org.wso2.am.integration.tests.other.APIM678ApplicationCreationTestCase"/>
  <testcase name="testRemoveApplication" time="0.054" classname="org.wso2.am.integration.tests.other.APIM678ApplicationCreationTestCase"/>
  <testcase name="testRemoveApplication" time="0.057" classname="org.wso2.am.integration.tests.other.APIM678ApplicationCreationTestCase"/>
  <testcase name="testAllDocuments" time="0.032" classname="org.wso2.am.integration.tests.other.APIM714GetAllDocumentationTestCase"/>
  <testcase name="testAllDocuments" time="0.026" classname="org.wso2.am.integration.tests.other.APIM714GetAllDocumentationTestCase"/>
  <testcase name="testInvalidStoreLogin" time="0.033" classname="org.wso2.am.integration.tests.other.APIM641StoreApiTestCase"/>
  <testcase name="testInvalidStoreLogin" time="0.025" classname="org.wso2.am.integration.tests.other.APIM641StoreApiTestCase"/>
  <testcase name="testInvalidStoreLogin" time="0.024" classname="org.wso2.am.integration.tests.other.APIM641StoreApiTestCase"/>
  <testcase name="testInvalidStoreLogin" time="0.024" classname="org.wso2.am.integration.tests.other.APIM641StoreApiTestCase"/>
  <testcase name="testInvalidStoreLogin" time="0.029" classname="org.wso2.am.integration.tests.other.APIM641StoreApiTestCase"/>
  <testcase name="testInvalidUserSignUp" time="0.021" classname="org.wso2.am.integration.tests.other.APIM641StoreApiTestCase"/>
  <testcase name="testInvalidUserSignUp" time="0.449" classname="org.wso2.am.integration.tests.other.APIM641StoreApiTestCase"/>
  <testcase name="testUserSignUp" time="0.543" classname="org.wso2.am.integration.tests.other.APIM641StoreApiTestCase"/>
  <testcase name="testUserSignUp" time="0.545" classname="org.wso2.am.integration.tests.other.APIM641StoreApiTestCase"/>
  <testcase name="testUserSignUp" time="0.57" classname="org.wso2.am.integration.tests.other.APIM641StoreApiTestCase"/>
  <testcase name="testUserSignUp" time="0.56" classname="org.wso2.am.integration.tests.other.APIM641StoreApiTestCase"/>
  <testcase name="testValidStoreLoginAndLogout" time="0.063" classname="org.wso2.am.integration.tests.other.APIM641StoreApiTestCase"/>
  <testcase name="testValidStoreLoginAndLogout" time="0.122" classname="org.wso2.am.integration.tests.other.APIM641StoreApiTestCase"/>
  <testcase name="testValidStoreLoginAndLogout" time="0.067" classname="org.wso2.am.integration.tests.other.APIM641StoreApiTestCase"/>
  <testcase name="testValidStoreLoginAndLogout" time="0.14" classname="org.wso2.am.integration.tests.other.APIM641StoreApiTestCase"/>
  <testcase name="testAPIRoleChangeEffectInStore" time="22.053" classname="org.wso2.am.integration.tests.other.APIMANAGER4373BrokenAPIInStoreTestCase"/>
  <testcase name="testGetAllSubscriptions" time="0.122" classname="org.wso2.am.integration.tests.other.APIMANAGER4480AllSubscriptionsByApplicationTestCase"/>
  <testcase name="testGetAllSubscriptionsOfApplication" time="0.127" classname="org.wso2.am.integration.tests.other.APIMANAGER4480AllSubscriptionsByApplicationTestCase"/>
  <testcase name="testGetAllSubscriptionsOfApplicationWithSelectedApp" time="0.04" classname="org.wso2.am.integration.tests.other.APIMANAGER4480AllSubscriptionsByApplicationTestCase"/>
  <testcase name="testAPIErrorResponse" time="2.92" classname="org.wso2.am.integration.tests.other.ErrorResponseCheckTestCase"/>
  <testcase name="testAPIErrorResponse" time="3.547" classname="org.wso2.am.integration.tests.other.APIMANAGER5326CustomStatusMsgTestCase"/>
  <testcase name="testSDKGeneration" time="12.969" classname="org.wso2.am.integration.tests.api.sdk.SDKGenerationTestCase"/>
  <testcase name="testSDKGenerationForPrivateAPIs" time="2.504" classname="org.wso2.am.integration.tests.api.sdk.SDKGenerationTestCase"/>
  <testcase name="callBackUrlUpdateTestCase" time="0.826" classname="org.wso2.am.integration.tests.application.CAPIMGT12CallBackURLOverwriteTestCase"/>
  <testcase name="changePasswordWithInvalidSession" time="0.012" classname="org.wso2.am.integration.tests.other.StoreChangePasswordTestCase"/>
</testsuite>
