<?xml version="1.0" encoding="UTF-8"?>
<testsuite hostname="ip-172-31-31-95.ec2.internal" name="org.wso2.am.integration.tests.api.lifecycle.InvokeAPIUsingOldThrottlingWithWSClient" tests="132" failures="0" timestamp="5 Nov 2018 07:48:34 GMT" time="2201.653" errors="0">
  <testcase name="testEnableJWTAndClaims" time="17.235" classname="org.wso2.am.integration.tests.jwt.JWTTestCase"/>
  <testcase name="testEnableJWTAndClaims" time="8.839" classname="org.wso2.am.integration.tests.jwt.JWTTestCase"/>
  <testcase name="testAPIAccessWhenJWTCachingEnabledTestCase" time="25.884" classname="org.wso2.am.integration.tests.jwt.JWTTestCase"/>
  <testcase name="testAPIAccessWhenJWTCachingEnabledTestCase" time="26.742" classname="org.wso2.am.integration.tests.jwt.JWTTestCase"/>
  <testcase name="testSpecificUserJWTClaims" time="7.288" classname="org.wso2.am.integration.tests.jwt.JWTTestCase"/>
  <testcase name="testSpecificUserJWTClaims" time="6.872" classname="org.wso2.am.integration.tests.jwt.JWTTestCase"/>
  <testcase name="testPrototypeInvocationWithJWTEnabled" time="6.237" classname="org.wso2.am.integration.tests.jwt.JWTTestCase"/>
  <testcase name="testPrototypeInvocationWithJWTEnabled" time="4.422" classname="org.wso2.am.integration.tests.jwt.JWTTestCase"/>
  <testcase name="testEnableJWTAndClaims" time="15.61" classname="org.wso2.am.integration.tests.jwt.URLSafeJWTTestCase"/>
  <testcase name="testEnableJWTAndClaims" time="7.639" classname="org.wso2.am.integration.tests.jwt.URLSafeJWTTestCase"/>
  <testcase name="testAPIAccessWhenJWTCachingEnabledTestCase" time="24.957" classname="org.wso2.am.integration.tests.jwt.URLSafeJWTTestCase"/>
  <testcase name="testAPIAccessWhenJWTCachingEnabledTestCase" time="24.241" classname="org.wso2.am.integration.tests.jwt.URLSafeJWTTestCase"/>
  <testcase name="testSpecificUserJWTClaims" time="1.844" classname="org.wso2.am.integration.tests.jwt.URLSafeJWTTestCase"/>
  <testcase name="testSpecificUserJWTClaims" time="1.854" classname="org.wso2.am.integration.tests.jwt.URLSafeJWTTestCase"/>
  <testcase name="testGenerateAccessTokenWithOpenIdScope" time="0.393" classname="org.wso2.am.integration.tests.token.OpenIDTokenAPITestCase"/>
  <testcase name="testGenerateAccessTokenWithOpenIdScope" time="0.675" classname="org.wso2.am.integration.tests.token.OpenIDTokenAPITestCase"/>
  <testcase name="testCallUserInfoApiWithOpenIdAccessToken" time="0.181" classname="org.wso2.am.integration.tests.token.OpenIDTokenAPITestCase"/>
  <testcase name="testCallUserInfoApiWithOpenIdAccessToken" time="0.045" classname="org.wso2.am.integration.tests.token.OpenIDTokenAPITestCase"/>
  <testcase name="testSetScopeToResourceTestCase" time="25.065" classname="org.wso2.am.integration.tests.other.APIScopeTestCase"/>
  <testcase name="testSetScopeToResourceTestCase" time="22.245" classname="org.wso2.am.integration.tests.other.APIScopeTestCase"/>
  <testcase name="testCopyApiWithScopes" time="7.19" classname="org.wso2.am.integration.tests.other.APIScopeTestCase"/>
  <testcase name="testCopyApiWithScopes" time="5.84" classname="org.wso2.am.integration.tests.other.APIScopeTestCase"/>
  <testcase name="testUpdateApiWithScopes" time="1.306" classname="org.wso2.am.integration.tests.other.APIScopeTestCase"/>
  <testcase name="testUpdateApiWithScopes" time="2.011" classname="org.wso2.am.integration.tests.other.APIScopeTestCase"/>
  <testcase name="testAPICreation" time="4.151" classname="org.wso2.am.integration.tests.other.APIEndpointTypeUpdateTestCase"/>
  <testcase name="testHTTPTransportBeforeUpdate" time="0.438" classname="org.wso2.am.integration.tests.other.APIEndpointTypeUpdateTestCase"/>
  <testcase name="testUpdatedHTTPTransport" time="16.673" classname="org.wso2.am.integration.tests.other.APIEndpointTypeUpdateTestCase"/>
  <testcase name="testUpdatedHTTPSTransport" time="16.304" classname="org.wso2.am.integration.tests.other.APIEndpointTypeUpdateTestCase"/>
  <testcase name="testAPICreationTenant" time="3.314" classname="org.wso2.am.integration.tests.other.APIEndpointTypeUpdateTestCase"/>
  <testcase name="testHTTPTransportBeforeUpdateInTenant" time="0.285" classname="org.wso2.am.integration.tests.other.APIEndpointTypeUpdateTestCase"/>
  <testcase name="testUpdatedHTTPTransportTenant" time="16.323" classname="org.wso2.am.integration.tests.other.APIEndpointTypeUpdateTestCase"/>
  <testcase name="testUpdatedHTTPSTransportTenant" time="16.295" classname="org.wso2.am.integration.tests.other.APIEndpointTypeUpdateTestCase"/>
  <testcase name="testAPICreation" time="3.123" classname="org.wso2.am.integration.tests.other.APIImportExportTestCase"/>
  <testcase name="testAPICreation" time="3.087" classname="org.wso2.am.integration.tests.other.APIImportExportTestCase"/>
  <testcase name="testAPIExport" time="0.339" classname="org.wso2.am.integration.tests.other.APIImportExportTestCase"/>
  <testcase name="testAPIExport" time="0.473" classname="org.wso2.am.integration.tests.other.APIImportExportTestCase"/>
  <testcase name="testAPIImport" time="2.168" classname="org.wso2.am.integration.tests.other.APIImportExportTestCase"/>
  <testcase name="testAPIImport" time="1.903" classname="org.wso2.am.integration.tests.other.APIImportExportTestCase"/>
  <testcase name="testAPIState" time="0.091" classname="org.wso2.am.integration.tests.other.APIImportExportTestCase"/>
  <testcase name="testAPIState" time="0.086" classname="org.wso2.am.integration.tests.other.APIImportExportTestCase"/>
  <testcase name="testNewAPICreation" time="3.471" classname="org.wso2.am.integration.tests.other.APIImportExportTestCase"/>
  <testcase name="testNewAPICreation" time="3.317" classname="org.wso2.am.integration.tests.other.APIImportExportTestCase"/>
  <testcase name="testNewAPIInvoke" time="0.795" classname="org.wso2.am.integration.tests.other.APIImportExportTestCase"/>
  <testcase name="testNewAPIInvoke" time="0.56" classname="org.wso2.am.integration.tests.other.APIImportExportTestCase"/>
  <testcase name="testNewAPIExport" time="0.164" classname="org.wso2.am.integration.tests.other.APIImportExportTestCase"/>
  <testcase name="testNewAPIExport" time="0.192" classname="org.wso2.am.integration.tests.other.APIImportExportTestCase"/>
  <testcase name="testNewAPIImport" time="1.702" classname="org.wso2.am.integration.tests.other.APIImportExportTestCase"/>
  <testcase name="testNewAPIImport" time="2.152" classname="org.wso2.am.integration.tests.other.APIImportExportTestCase"/>
  <testcase name="testNewAPIState" time="0.081" classname="org.wso2.am.integration.tests.other.APIImportExportTestCase"/>
  <testcase name="testNewAPIState" time="0.085" classname="org.wso2.am.integration.tests.other.APIImportExportTestCase"/>
  <testcase name="testNewAPIInvokeAfterImport" time="2.225" classname="org.wso2.am.integration.tests.other.APIImportExportTestCase"/>
  <testcase name="testNewAPIInvokeAfterImport" time="2.586" classname="org.wso2.am.integration.tests.other.APIImportExportTestCase"/>
  <testcase name="testPreserveProviderTrueAPICreation" time="2.636" classname="org.wso2.am.integration.tests.other.APIImportExportTestCase"/>
  <testcase name="testPreserveProviderTrueAPICreation" time="2.836" classname="org.wso2.am.integration.tests.other.APIImportExportTestCase"/>
  <testcase name="testPreserveProviderTrueApiExport" time="0.793" classname="org.wso2.am.integration.tests.other.APIImportExportTestCase"/>
  <testcase name="testPreserveProviderTrueApiExport" time="0.799" classname="org.wso2.am.integration.tests.other.APIImportExportTestCase"/>
  <testcase name="testPreserveProviderTrueSameProviderApiImport" time="2.751" classname="org.wso2.am.integration.tests.other.APIImportExportTestCase"/>
  <testcase name="testPreserveProviderTrueSameProviderApiImport" time="2.878" classname="org.wso2.am.integration.tests.other.APIImportExportTestCase"/>
  <testcase name="testPreserveProviderFalseAPICreation" time="3.698" classname="org.wso2.am.integration.tests.other.APIImportExportTestCase"/>
  <testcase name="testPreserveProviderFalseAPICreation" time="3.102" classname="org.wso2.am.integration.tests.other.APIImportExportTestCase"/>
  <testcase name="testPreserveProviderFalseApiExport" time="0.813" classname="org.wso2.am.integration.tests.other.APIImportExportTestCase"/>
  <testcase name="testPreserveProviderFalseApiExport" time="1.068" classname="org.wso2.am.integration.tests.other.APIImportExportTestCase"/>
  <testcase name="testPreserveProviderFalseSameProviderApiImport" time="2.839" classname="org.wso2.am.integration.tests.other.APIImportExportTestCase"/>
  <testcase name="testPreserveProviderFalseSameProviderApiImport" time="3.216" classname="org.wso2.am.integration.tests.other.APIImportExportTestCase"/>
  <testcase name="testApiCreation" time="2.406" classname="org.wso2.am.integration.tests.other.InvalidAuthTokenLargePayloadTestCase"/>
  <testcase name="testApiCreation" time="2.529" classname="org.wso2.am.integration.tests.other.InvalidAuthTokenLargePayloadTestCase"/>
  <testcase name="testApiInvocation" time="0.257" classname="org.wso2.am.integration.tests.other.InvalidAuthTokenLargePayloadTestCase"/>
  <testcase name="testApiInvocation" time="0.349" classname="org.wso2.am.integration.tests.other.InvalidAuthTokenLargePayloadTestCase"/>
  <testcase name="testAPICreation" time="5.475" classname="org.wso2.am.integration.tests.other.APISearchAPIByTagTestCase"/>
  <testcase name="testAPICreation" time="6.432" classname="org.wso2.am.integration.tests.other.APISearchAPIByTagTestCase"/>
  <testcase name="testAPISearchByTag" time="0.227" classname="org.wso2.am.integration.tests.other.APISearchAPIByTagTestCase"/>
  <testcase name="testAPISearchByTag" time="6.526" classname="org.wso2.am.integration.tests.other.APISearchAPIByTagTestCase"/>
  <testcase name="testAPISearchByTagGroup" time="21.196" classname="org.wso2.am.integration.tests.other.APISearchAPIByTagTestCase"/>
  <testcase name="testAPISearchByTagGroup" time="12.053" classname="org.wso2.am.integration.tests.other.APISearchAPIByTagTestCase"/>
  <testcase name="testURITemplateExpandWithEscapedPercentEncoding" time="0.418" classname="org.wso2.am.integration.tests.rest.UriTemplateReservedCharacterEncodingTest"/>
  <testcase name="testURITemplateExpandWithEscapedPercentEncodingPathParam" time="0.1" classname="org.wso2.am.integration.tests.rest.UriTemplateReservedCharacterEncodingTest"/>
  <testcase name="testURITemplateExpandWithPercentEncoding" time="0.066" classname="org.wso2.am.integration.tests.rest.UriTemplateReservedCharacterEncodingTest"/>
  <testcase name="testURITemplateExpandWithPercentEncodingPathParamCase" time="0.065" classname="org.wso2.am.integration.tests.rest.UriTemplateReservedCharacterEncodingTest"/>
  <testcase name="testURITemplateParameterDecodingPlusCharacterCase" time="0.102" classname="org.wso2.am.integration.tests.rest.UriTemplateReservedCharacterEncodingTest"/>
  <testcase name="testURITemplateParameterDecodingSpaceCharacterCase" time="0.079" classname="org.wso2.am.integration.tests.rest.UriTemplateReservedCharacterEncodingTest"/>
  <testcase name="testURITemplateParameterDecodingTrailingPercentageCase" time="0.063" classname="org.wso2.am.integration.tests.rest.UriTemplateReservedCharacterEncodingTest"/>
  <testcase name="testURITemplateParameterDecodingWithPercentEncodingEscapedAtExpansion" time="0.051" classname="org.wso2.am.integration.tests.rest.UriTemplateReservedCharacterEncodingTest"/>
  <testcase name="testURITemplateSpecialCaseVariableWithFullURL" time="0.081" classname="org.wso2.am.integration.tests.rest.UriTemplateReservedCharacterEncodingTest"/>
  <testcase name="APIInvocationFailure" time="6.616" classname="org.wso2.am.integration.tests.other.APIInvocationFailureTestCase"/>
  <testcase name="APIInvocationFailure" time="3.839" classname="org.wso2.am.integration.tests.other.APIInvocationFailureTestCase"/>
  <testcase name="testSetScopeToResourceTestCase" time="4.992" classname="org.wso2.am.integration.tests.resources.APIResourceModificationTestCase"/>
  <testcase name="testSetScopeToResourceTestCase" time="5.929" classname="org.wso2.am.integration.tests.resources.APIResourceModificationTestCase"/>
  <testcase name="testApplication" time="0.016" classname="org.wso2.am.integration.tests.other.DAOTestCase"/>
  <testcase name="testApplication" time="0.011" classname="org.wso2.am.integration.tests.other.DAOTestCase"/>
  <testcase name="testApplicationOperations" time="0.002" classname="org.wso2.am.integration.tests.other.DAOTestCase"/>
  <testcase name="testApplicationOperations" time="0.002" classname="org.wso2.am.integration.tests.other.DAOTestCase"/>
  <testcase name="testDAOTestCase" time="6.883" classname="org.wso2.am.integration.tests.other.DAOTestCase"/>
  <testcase name="testDAOTestCase" time="7.025" classname="org.wso2.am.integration.tests.other.DAOTestCase"/>
  <testcase name="testDefaultVersionAPI" time="4.654" classname="org.wso2.am.integration.tests.version.DefaultVersionAPITestCase"/>
  <testcase name="testDefaultVersionAPI" time="4.419" classname="org.wso2.am.integration.tests.version.DefaultVersionAPITestCase"/>
  <testcase name="LoginWithEmailUserNameTestCase" time="20.872" classname="org.wso2.am.integration.tests.login.EmailUserNameLoginTestCase"/>
  <testcase name="testDigestAuthentication" time="12.164" classname="org.wso2.am.integration.tests.other.DigestAuthenticationTestCase"/>
  <testcase name="testHttpPatchSupport" time="5.098" classname="org.wso2.am.integration.tests.other.HttpPATCHSupportTestCase"/>
  <testcase name="testRefreshTokenAPITestCase" time="9.465" classname="org.wso2.am.integration.tests.token.RefreshTokenTestCase"/>
  <testcase name="testRefreshTokenAPITestCase" time="10.48" classname="org.wso2.am.integration.tests.token.RefreshTokenTestCase"/>
  <testcase name="testTagsRatingCommentTestCase" time="4.616" classname="org.wso2.am.integration.tests.other.TagsRatingCommentTestCase"/>
  <testcase name="testTagsRatingCommentTestCase" time="3.395" classname="org.wso2.am.integration.tests.other.TagsRatingCommentTestCase"/>
  <testcase name="throttlingTestCase" time="2.138" classname="org.wso2.am.integration.tests.throttling.ThrottlingTestCase"/>
  <testcase name="throttlingTestCase" time="2.14" classname="org.wso2.am.integration.tests.throttling.ThrottlingTestCase"/>
  <testcase name="testInvokingAPIWithOldThrottleUsingWSClient" time="14.955" classname="org.wso2.am.integration.tests.api.lifecycle.InvokeAPIUsingOldThrottlingWithWSClient"/>
  <testcase name="testJWTTokenAPITestCase" time="23.252" classname="org.wso2.am.integration.tests.token.TokenAPITestCase"/>
  <testcase name="testJWTTokenAPITestCase" time="14.797" classname="org.wso2.am.integration.tests.token.TokenAPITestCase"/>
  <testcase name="testTokenAPITestCase" time="11.66" classname="org.wso2.am.integration.tests.token.TokenAPITestCase"/>
  <testcase name="testTokenAPITestCase" time="9.593" classname="org.wso2.am.integration.tests.token.TokenAPITestCase"/>
  <testcase name="testTokenEqualityBeforeExpiration" time="0.392" classname="org.wso2.am.integration.tests.token.TokenAPITestCase"/>
  <testcase name="testTokenEqualityBeforeExpiration" time="0.836" classname="org.wso2.am.integration.tests.token.TokenAPITestCase"/>
  <testcase name="testRESTURITemplate" time="0.015" classname="org.wso2.am.integration.tests.rest.URLMappingRESTTestCase"/>
  <testcase name="testRESTURITemplate" time="0.016" classname="org.wso2.am.integration.tests.rest.URLMappingRESTTestCase"/>
  <testcase name="checkEndpointValidation" time="2.025" classname="org.wso2.am.integration.tests.other.APIMANAGER2611EndpointValidationTestCase"/>
  <testcase name="checkEndpointValidation" time="0.733" classname="org.wso2.am.integration.tests.other.APIMANAGER2611EndpointValidationTestCase"/>
  <testcase name="testAPIWithLocationHeader" time="3.405" classname="org.wso2.am.integration.tests.other.LocationHeaderTestCase"/>
  <testcase name="testAPIWithRelativeUrlLocationHeader" time="3.465" classname="org.wso2.am.integration.tests.other.RelativeUrlLocationHeaderTestCase"/>
  <testcase name="testAPIProvider" time="0.0" classname="org.wso2.am.integration.tests.hostobject.HostObjectTestCase"/>
  <testcase name="testAPIProvider" time="0.0" classname="org.wso2.am.integration.tests.hostobject.HostObjectTestCase"/>
  <testcase name="testApplication" time="0.0" classname="org.wso2.am.integration.tests.hostobject.HostObjectTestCase"/>
  <testcase name="testApplication" time="0.001" classname="org.wso2.am.integration.tests.hostobject.HostObjectTestCase"/>
  <testcase name="testApplicationOperations" time="0.0" classname="org.wso2.am.integration.tests.hostobject.HostObjectTestCase"/>
  <testcase name="testApplicationOperations" time="0.0" classname="org.wso2.am.integration.tests.hostobject.HostObjectTestCase"/>
  <testcase name="testHostObjectTestCase" time="17.494" classname="org.wso2.am.integration.tests.hostobject.HostObjectTestCase"/>
  <testcase name="testHostObjectTestCase" time="16.201" classname="org.wso2.am.integration.tests.hostobject.HostObjectTestCase"/>
  <testcase name="testPagination" time="309.011" classname="org.wso2.am.integration.tests.other.APIMANAGER4081PaginationCountTestCase"/>
  <testcase name="testPaginationWithMultipleStatus" time="65.919" classname="org.wso2.am.integration.tests.rest.SearchPaginatedAPIsWithMultipleStatusTestCase"/>
  <testcase name="testDuplicateTransferEncodingPropertyTest" time="0.035" classname="org.wso2.am.integration.tests.header.APIMANAGER3614DuplicateTransferEncodingHeaderTestCase"/>
  <testcase name="testPreserveCharsetInContentTypeHeader" time="0.021" classname="org.wso2.am.integration.tests.header.ESBJAVA3447PreserveCharsetInContentTypeTestCase"/>
  <testcase name="swaggerResourceOrderTest" time="4.477" classname="org.wso2.am.integration.tests.other.APIM4765ResourceOrderInSwagger"/>
  <testcase name="testValidateAddAPIsWithDifferentCase" time="0.632" classname="org.wso2.am.integration.tests.other.APIMANAGER3226APINameWithDifferentCaseTestCase"/>
  <testcase name="testValidateAddAPIsWithDifferentCase" time="0.753" classname="org.wso2.am.integration.tests.other.APIMANAGER3226APINameWithDifferentCaseTestCase"/>
</testsuite>
